2024-10-27 17:42:31,518 - mmdet3d - INFO - Config:
seed = 0
deterministic = False
checkpoint_config = dict(interval=1, max_keep_ckpts=1)
log_config = dict(
    interval=50,
    hooks=[dict(type='TextLoggerHook'),
           dict(type='TensorboardLoggerHook')])
load_from = None
resume_from = None
cudnn_benchmark = False
fp16 = dict(loss_scale=dict(growth_interval=2000))
max_epochs = 10
runner = dict(type='CustomEpochBasedRunner', max_epochs=10)
dataset_type = 'NuScenesDataset'
dataset_root = '/scratch/jmeng18/V2X-SIM/'
gt_paste_stop_epoch = -1
reduce_beams = 32
load_dim = 5
use_dim = 5
load_augmented = None
point_cloud_range = [-51.2, -51.2, -5.0, 51.2, 51.2, 3.0]
voxel_size = [0.1, 0.1, 0.2]
image_size = [256, 704]
augment2d = dict(
    resize=[[0.38, 0.55], [0.48, 0.48]],
    rotate=[-5.4, 5.4],
    gridmask=dict(prob=0.0, fixed_prob=True))
augment3d = dict(
    scale=[0.9, 1.1], rotate=[-0.78539816, 0.78539816], translate=0.5)
object_classes = ['car']
map_classes = ['drivable_area', 'ped_crossing', 'walkway']
input_modality = dict(
    use_lidar=True,
    use_camera=True,
    use_radar=False,
    use_map=False,
    use_external=False)
train_pipeline = [
    dict(type='LoadMultiViewImageFromFiles', to_float32=True),
    dict(
        type='LoadPointsFromFile',
        coord_type='LIDAR',
        load_dim=5,
        use_dim=5,
        reduce_beams=32,
        load_augmented=None),
    dict(
        type='LoadPointsFromMultiSweeps',
        sweeps_num=9,
        load_dim=5,
        use_dim=5,
        reduce_beams=32,
        pad_empty_sweeps=True,
        remove_close=True,
        load_augmented=None),
    dict(
        type='LoadAnnotations3D',
        with_bbox_3d=True,
        with_label_3d=True,
        with_attr_label=False),
    dict(
        type='ObjectPaste',
        stop_epoch=-1,
        db_sampler=dict(
            dataset_root='/scratch/jmeng18/V2X-SIM/',
            info_path='/scratch/jmeng18/V2X-SIM/nuscenes_dbinfos_train.pkl',
            rate=1.0,
            prepare=dict(
                filter_by_difficulty=[-1], filter_by_min_points=dict(car=5)),
            classes=['car'],
            sample_groups=dict(car=2),
            points_loader=dict(
                type='LoadPointsFromFile',
                coord_type='LIDAR',
                load_dim=5,
                use_dim=5,
                reduce_beams=32))),
    dict(
        type='ImageAug3D',
        final_dim=[256, 704],
        resize_lim=[0.38, 0.55],
        bot_pct_lim=[0.0, 0.0],
        rot_lim=[-5.4, 5.4],
        rand_flip=True,
        is_train=True),
    dict(
        type='GlobalRotScaleTrans',
        resize_lim=[0.9, 1.1],
        rot_lim=[-0.78539816, 0.78539816],
        trans_lim=0.5,
        is_train=True),
    dict(
        type='LoadBEVSegmentation',
        dataset_root='/scratch/jmeng18/V2X-SIM/',
        xbound=[-50.0, 50.0, 0.5],
        ybound=[-50.0, 50.0, 0.5],
        classes=['drivable_area', 'ped_crossing', 'walkway']),
    dict(type='RandomFlip3D'),
    dict(
        type='PointsRangeFilter',
        point_cloud_range=[-51.2, -51.2, -5.0, 51.2, 51.2, 3.0]),
    dict(
        type='ObjectRangeFilter',
        point_cloud_range=[-51.2, -51.2, -5.0, 51.2, 51.2, 3.0]),
    dict(type='ObjectNameFilter', classes=['car']),
    dict(
        type='ImageNormalize',
        mean=[0.485, 0.456, 0.406],
        std=[0.229, 0.224, 0.225]),
    dict(
        type='GridMask',
        use_h=True,
        use_w=True,
        max_epoch=10,
        rotate=1,
        offset=False,
        ratio=0.5,
        mode=1,
        prob=0.0,
        fixed_prob=True),
    dict(type='PointShuffle'),
    dict(type='DefaultFormatBundle3D', classes=['car']),
    dict(
        type='Collect3D',
        keys=['img', 'points', 'gt_bboxes_3d', 'gt_labels_3d', 'gt_masks_bev'],
        meta_keys=[
            'camera_intrinsics', 'camera2ego', 'lidar2ego', 'lidar2camera',
            'camera2lidar', 'lidar2image', 'img_aug_matrix', 'lidar_aug_matrix'
        ]),
    dict(type='GTDepth', keyframe_only=True)
]
test_pipeline = [
    dict(type='LoadMultiViewImageFromFiles', to_float32=True),
    dict(
        type='LoadPointsFromFile',
        coord_type='LIDAR',
        load_dim=5,
        use_dim=5,
        reduce_beams=32,
        load_augmented=None),
    dict(
        type='LoadPointsFromMultiSweeps',
        sweeps_num=9,
        load_dim=5,
        use_dim=5,
        reduce_beams=32,
        pad_empty_sweeps=True,
        remove_close=True,
        load_augmented=None),
    dict(
        type='LoadAnnotations3D',
        with_bbox_3d=True,
        with_label_3d=True,
        with_attr_label=False),
    dict(
        type='ImageAug3D',
        final_dim=[256, 704],
        resize_lim=[0.48, 0.48],
        bot_pct_lim=[0.0, 0.0],
        rot_lim=[0.0, 0.0],
        rand_flip=False,
        is_train=False),
    dict(
        type='GlobalRotScaleTrans',
        resize_lim=[1.0, 1.0],
        rot_lim=[0.0, 0.0],
        trans_lim=0.0,
        is_train=False),
    dict(
        type='LoadBEVSegmentation',
        dataset_root='/scratch/jmeng18/V2X-SIM/',
        xbound=[-50.0, 50.0, 0.5],
        ybound=[-50.0, 50.0, 0.5],
        classes=['drivable_area', 'ped_crossing', 'walkway']),
    dict(
        type='PointsRangeFilter',
        point_cloud_range=[-51.2, -51.2, -5.0, 51.2, 51.2, 3.0]),
    dict(
        type='ImageNormalize',
        mean=[0.485, 0.456, 0.406],
        std=[0.229, 0.224, 0.225]),
    dict(type='DefaultFormatBundle3D', classes=['car']),
    dict(
        type='Collect3D',
        keys=['img', 'points', 'gt_bboxes_3d', 'gt_labels_3d', 'gt_masks_bev'],
        meta_keys=[
            'camera_intrinsics', 'camera2ego', 'lidar2ego', 'lidar2camera',
            'camera2lidar', 'lidar2image', 'img_aug_matrix', 'lidar_aug_matrix'
        ]),
    dict(type='GTDepth', keyframe_only=True)
]
data = dict(
    samples_per_gpu=1,
    workers_per_gpu=1,
    train=dict(
        type='CBGSDataset',
        dataset=dict(
            type='NuScenesDataset',
            dataset_root='/scratch/jmeng18/V2X-SIM/',
            ann_file='/scratch/jmeng18/V2X-SIM/nuscenes_infos_train.pkl',
            pipeline=[
                dict(type='LoadMultiViewImageFromFiles', to_float32=True),
                dict(
                    type='LoadPointsFromFile',
                    coord_type='LIDAR',
                    load_dim=5,
                    use_dim=5,
                    reduce_beams=32,
                    load_augmented=None),
                dict(
                    type='LoadPointsFromMultiSweeps',
                    sweeps_num=9,
                    load_dim=5,
                    use_dim=5,
                    reduce_beams=32,
                    pad_empty_sweeps=True,
                    remove_close=True,
                    load_augmented=None),
                dict(
                    type='LoadAnnotations3D',
                    with_bbox_3d=True,
                    with_label_3d=True,
                    with_attr_label=False),
                dict(
                    type='ObjectPaste',
                    stop_epoch=-1,
                    db_sampler=dict(
                        dataset_root='/scratch/jmeng18/V2X-SIM/',
                        info_path=
                        '/scratch/jmeng18/V2X-SIM/nuscenes_dbinfos_train.pkl',
                        rate=1.0,
                        prepare=dict(
                            filter_by_difficulty=[-1],
                            filter_by_min_points=dict(car=5)),
                        classes=['car'],
                        sample_groups=dict(car=2),
                        points_loader=dict(
                            type='LoadPointsFromFile',
                            coord_type='LIDAR',
                            load_dim=5,
                            use_dim=5,
                            reduce_beams=32))),
                dict(
                    type='ImageAug3D',
                    final_dim=[256, 704],
                    resize_lim=[0.38, 0.55],
                    bot_pct_lim=[0.0, 0.0],
                    rot_lim=[-5.4, 5.4],
                    rand_flip=True,
                    is_train=True),
                dict(
                    type='GlobalRotScaleTrans',
                    resize_lim=[0.9, 1.1],
                    rot_lim=[-0.78539816, 0.78539816],
                    trans_lim=0.5,
                    is_train=True),
                dict(
                    type='LoadBEVSegmentation',
                    dataset_root='/scratch/jmeng18/V2X-SIM/',
                    xbound=[-50.0, 50.0, 0.5],
                    ybound=[-50.0, 50.0, 0.5],
                    classes=['drivable_area', 'ped_crossing', 'walkway']),
                dict(type='RandomFlip3D'),
                dict(
                    type='PointsRangeFilter',
                    point_cloud_range=[-51.2, -51.2, -5.0, 51.2, 51.2, 3.0]),
                dict(
                    type='ObjectRangeFilter',
                    point_cloud_range=[-51.2, -51.2, -5.0, 51.2, 51.2, 3.0]),
                dict(type='ObjectNameFilter', classes=['car']),
                dict(
                    type='ImageNormalize',
                    mean=[0.485, 0.456, 0.406],
                    std=[0.229, 0.224, 0.225]),
                dict(
                    type='GridMask',
                    use_h=True,
                    use_w=True,
                    max_epoch=10,
                    rotate=1,
                    offset=False,
                    ratio=0.5,
                    mode=1,
                    prob=0.0,
                    fixed_prob=True),
                dict(type='PointShuffle'),
                dict(type='DefaultFormatBundle3D', classes=['car']),
                dict(
                    type='Collect3D',
                    keys=[
                        'img', 'points', 'gt_bboxes_3d', 'gt_labels_3d',
                        'gt_masks_bev'
                    ],
                    meta_keys=[
                        'camera_intrinsics', 'camera2ego', 'lidar2ego',
                        'lidar2camera', 'camera2lidar', 'lidar2image',
                        'img_aug_matrix', 'lidar_aug_matrix'
                    ]),
                dict(type='GTDepth', keyframe_only=True)
            ],
            object_classes=['car'],
            map_classes=['drivable_area', 'ped_crossing', 'walkway'],
            modality=dict(
                use_lidar=True,
                use_camera=True,
                use_radar=False,
                use_map=False,
                use_external=False),
            test_mode=False,
            use_valid_flag=True,
            box_type_3d='LiDAR')),
    val=dict(
        type='NuScenesDataset',
        dataset_root='/scratch/jmeng18/V2X-SIM/',
        ann_file='/scratch/jmeng18/V2X-SIM/nuscenes_infos_val.pkl',
        pipeline=[
            dict(type='LoadMultiViewImageFromFiles', to_float32=True),
            dict(
                type='LoadPointsFromFile',
                coord_type='LIDAR',
                load_dim=5,
                use_dim=5,
                reduce_beams=32,
                load_augmented=None),
            dict(
                type='LoadPointsFromMultiSweeps',
                sweeps_num=9,
                load_dim=5,
                use_dim=5,
                reduce_beams=32,
                pad_empty_sweeps=True,
                remove_close=True,
                load_augmented=None),
            dict(
                type='LoadAnnotations3D',
                with_bbox_3d=True,
                with_label_3d=True,
                with_attr_label=False),
            dict(
                type='ImageAug3D',
                final_dim=[256, 704],
                resize_lim=[0.48, 0.48],
                bot_pct_lim=[0.0, 0.0],
                rot_lim=[0.0, 0.0],
                rand_flip=False,
                is_train=False),
            dict(
                type='GlobalRotScaleTrans',
                resize_lim=[1.0, 1.0],
                rot_lim=[0.0, 0.0],
                trans_lim=0.0,
                is_train=False),
            dict(
                type='LoadBEVSegmentation',
                dataset_root='/scratch/jmeng18/V2X-SIM/',
                xbound=[-50.0, 50.0, 0.5],
                ybound=[-50.0, 50.0, 0.5],
                classes=['drivable_area', 'ped_crossing', 'walkway']),
            dict(
                type='PointsRangeFilter',
                point_cloud_range=[-51.2, -51.2, -5.0, 51.2, 51.2, 3.0]),
            dict(
                type='ImageNormalize',
                mean=[0.485, 0.456, 0.406],
                std=[0.229, 0.224, 0.225]),
            dict(type='DefaultFormatBundle3D', classes=['car']),
            dict(
                type='Collect3D',
                keys=[
                    'img', 'points', 'gt_bboxes_3d', 'gt_labels_3d',
                    'gt_masks_bev'
                ],
                meta_keys=[
                    'camera_intrinsics', 'camera2ego', 'lidar2ego',
                    'lidar2camera', 'camera2lidar', 'lidar2image',
                    'img_aug_matrix', 'lidar_aug_matrix'
                ]),
            dict(type='GTDepth', keyframe_only=True)
        ],
        object_classes=['car'],
        map_classes=['drivable_area', 'ped_crossing', 'walkway'],
        modality=dict(
            use_lidar=True,
            use_camera=True,
            use_radar=False,
            use_map=False,
            use_external=False),
        test_mode=False,
        box_type_3d='LiDAR'),
    test=dict(
        type='NuScenesDataset',
        dataset_root='/scratch/jmeng18/V2X-SIM/',
        ann_file='/scratch/jmeng18/V2X-SIM/nuscenes_infos_val.pkl',
        pipeline=[
            dict(type='LoadMultiViewImageFromFiles', to_float32=True),
            dict(
                type='LoadPointsFromFile',
                coord_type='LIDAR',
                load_dim=5,
                use_dim=5,
                reduce_beams=32,
                load_augmented=None),
            dict(
                type='LoadPointsFromMultiSweeps',
                sweeps_num=9,
                load_dim=5,
                use_dim=5,
                reduce_beams=32,
                pad_empty_sweeps=True,
                remove_close=True,
                load_augmented=None),
            dict(
                type='LoadAnnotations3D',
                with_bbox_3d=True,
                with_label_3d=True,
                with_attr_label=False),
            dict(
                type='ImageAug3D',
                final_dim=[256, 704],
                resize_lim=[0.48, 0.48],
                bot_pct_lim=[0.0, 0.0],
                rot_lim=[0.0, 0.0],
                rand_flip=False,
                is_train=False),
            dict(
                type='GlobalRotScaleTrans',
                resize_lim=[1.0, 1.0],
                rot_lim=[0.0, 0.0],
                trans_lim=0.0,
                is_train=False),
            dict(
                type='LoadBEVSegmentation',
                dataset_root='/scratch/jmeng18/V2X-SIM/',
                xbound=[-50.0, 50.0, 0.5],
                ybound=[-50.0, 50.0, 0.5],
                classes=['drivable_area', 'ped_crossing', 'walkway']),
            dict(
                type='PointsRangeFilter',
                point_cloud_range=[-51.2, -51.2, -5.0, 51.2, 51.2, 3.0]),
            dict(
                type='ImageNormalize',
                mean=[0.485, 0.456, 0.406],
                std=[0.229, 0.224, 0.225]),
            dict(type='DefaultFormatBundle3D', classes=['car']),
            dict(
                type='Collect3D',
                keys=[
                    'img', 'points', 'gt_bboxes_3d', 'gt_labels_3d',
                    'gt_masks_bev'
                ],
                meta_keys=[
                    'camera_intrinsics', 'camera2ego', 'lidar2ego',
                    'lidar2camera', 'camera2lidar', 'lidar2image',
                    'img_aug_matrix', 'lidar_aug_matrix'
                ]),
            dict(type='GTDepth', keyframe_only=True)
        ],
        object_classes=['car'],
        map_classes=['drivable_area', 'ped_crossing', 'walkway'],
        modality=dict(
            use_lidar=True,
            use_camera=True,
            use_radar=False,
            use_map=False,
            use_external=False),
        test_mode=True,
        box_type_3d='LiDAR'))
evaluation = dict(
    interval=1,
    pipeline=[
        dict(type='LoadMultiViewImageFromFiles', to_float32=True),
        dict(
            type='LoadPointsFromFile',
            coord_type='LIDAR',
            load_dim=5,
            use_dim=5,
            reduce_beams=32,
            load_augmented=None),
        dict(
            type='LoadPointsFromMultiSweeps',
            sweeps_num=9,
            load_dim=5,
            use_dim=5,
            reduce_beams=32,
            pad_empty_sweeps=True,
            remove_close=True,
            load_augmented=None),
        dict(
            type='LoadAnnotations3D',
            with_bbox_3d=True,
            with_label_3d=True,
            with_attr_label=False),
        dict(
            type='ImageAug3D',
            final_dim=[256, 704],
            resize_lim=[0.48, 0.48],
            bot_pct_lim=[0.0, 0.0],
            rot_lim=[0.0, 0.0],
            rand_flip=False,
            is_train=False),
        dict(
            type='GlobalRotScaleTrans',
            resize_lim=[1.0, 1.0],
            rot_lim=[0.0, 0.0],
            trans_lim=0.0,
            is_train=False),
        dict(
            type='LoadBEVSegmentation',
            dataset_root='/scratch/jmeng18/V2X-SIM/',
            xbound=[-50.0, 50.0, 0.5],
            ybound=[-50.0, 50.0, 0.5],
            classes=['drivable_area', 'ped_crossing', 'walkway']),
        dict(
            type='PointsRangeFilter',
            point_cloud_range=[-51.2, -51.2, -5.0, 51.2, 51.2, 3.0]),
        dict(
            type='ImageNormalize',
            mean=[0.485, 0.456, 0.406],
            std=[0.229, 0.224, 0.225]),
        dict(type='DefaultFormatBundle3D', classes=['car']),
        dict(
            type='Collect3D',
            keys=[
                'img', 'points', 'gt_bboxes_3d', 'gt_labels_3d', 'gt_masks_bev'
            ],
            meta_keys=[
                'camera_intrinsics', 'camera2ego', 'lidar2ego', 'lidar2camera',
                'camera2lidar', 'lidar2image', 'img_aug_matrix',
                'lidar_aug_matrix'
            ]),
        dict(type='GTDepth', keyframe_only=True)
    ])
model = dict(
    type='BEVFusion',
    heads=dict(
        object=None,
        map=dict(
            type='BEVSegmentationHead',
            in_channels=512,
            grid_transform=dict(
                input_scope=[[-51.2, 51.2, 0.8], [-51.2, 51.2, 0.8]],
                output_scope=[[-50, 50, 0.5], [-50, 50, 0.5]]),
            classes=['drivable_area', 'ped_crossing', 'walkway'],
            loss='focal')),
    encoders=dict(
        camera=dict(
            backbone=dict(
                type='SwinTransformer',
                embed_dims=96,
                depths=[2, 2, 6, 2],
                num_heads=[3, 6, 12, 24],
                window_size=7,
                mlp_ratio=4,
                qkv_bias=True,
                qk_scale=None,
                drop_rate=0.0,
                attn_drop_rate=0.0,
                drop_path_rate=0.3,
                patch_norm=True,
                out_indices=[1, 2, 3],
                with_cp=False,
                convert_weights=True,
                init_cfg=dict(
                    type='Pretrained',
                    checkpoint=
                    'https://github.com/SwinTransformer/storage/releases/download/v1.0.0/swin_tiny_patch4_window7_224.pth'
                )),
            neck=dict(
                type='GeneralizedLSSFPN',
                in_channels=[192, 384, 768],
                out_channels=256,
                start_level=0,
                num_outs=3,
                norm_cfg=dict(type='BN2d', requires_grad=True),
                act_cfg=dict(type='ReLU', inplace=True),
                upsample_cfg=dict(mode='bilinear', align_corners=False)),
            vtransform=dict(
                type='DepthLSSTransform',
                in_channels=256,
                out_channels=80,
                image_size=[256, 704],
                feature_size=[32, 88],
                xbound=[-51.2, 51.2, 0.4],
                ybound=[-51.2, 51.2, 0.4],
                zbound=[-10.0, 10.0, 20.0],
                dbound=[1.0, 60.0, 0.5],
                downsample=2)),
        lidar=dict(
            voxelize=dict(
                max_num_points=10,
                point_cloud_range=[-51.2, -51.2, -5.0, 51.2, 51.2, 3.0],
                voxel_size=[0.1, 0.1, 0.2],
                max_voxels=[90000, 120000]),
            backbone=dict(
                type='SparseEncoder',
                in_channels=5,
                sparse_shape=[1024, 1024, 41],
                output_channels=128,
                order=['conv', 'norm', 'act'],
                encoder_channels=[[16, 16, 32], [32, 32, 64], [64, 64, 128],
                                  [128, 128]],
                encoder_paddings=[[0, 0, 1], [0, 0, 1], [0, 0, [1, 1, 0]],
                                  [0, 0]],
                block_type='basicblock')),
        infra=dict(
            backbone=dict(
                type='SwinTransformer',
                embed_dims=96,
                depths=[2, 2, 6, 2],
                num_heads=[3, 6, 12, 24],
                window_size=7,
                mlp_ratio=4,
                qkv_bias=True,
                qk_scale=None,
                drop_rate=0.0,
                attn_drop_rate=0.0,
                drop_path_rate=0.3,
                patch_norm=True,
                out_indices=[1, 2, 3],
                with_cp=False,
                convert_weights=True,
                init_cfg=dict(
                    type='Pretrained',
                    checkpoint=
                    'https://github.com/SwinTransformer/storage/releases/download/v1.0.0/swin_tiny_patch4_window7_224.pth'
                )),
            neck=dict(
                type='GeneralizedLSSFPN',
                in_channels=[192, 384, 768],
                out_channels=256,
                start_level=0,
                num_outs=3,
                norm_cfg=dict(type='BN2d', requires_grad=True),
                act_cfg=dict(type='ReLU', inplace=True),
                upsample_cfg=dict(mode='bilinear', align_corners=False)),
            vtransform=dict(
                type='DepthLSSTransform',
                in_channels=256,
                out_channels=80,
                image_size=[256, 704],
                feature_size=[32, 88],
                xbound=[-51.2, 51.2, 0.4],
                ybound=[-51.2, 51.2, 0.4],
                zbound=[-10.0, 10.0, 20.0],
                dbound=[1.0, 60.0, 0.5],
                downsample=2))),
    fuser=dict(type='ConvFuser', in_channels=[80, 256, 80], out_channels=256),
    decoder=dict(
        backbone=dict(
            type='SECOND',
            in_channels=256,
            out_channels=[128, 256],
            layer_nums=[5, 5],
            layer_strides=[1, 2],
            norm_cfg=dict(type='BN', eps=0.001, momentum=0.01),
            conv_cfg=dict(type='Conv2d', bias=False)),
        neck=dict(
            type='SECONDFPN',
            in_channels=[128, 256],
            out_channels=[256, 256],
            upsample_strides=[1, 2],
            norm_cfg=dict(type='BN', eps=0.001, momentum=0.01),
            upsample_cfg=dict(type='deconv', bias=False),
            use_conv_for_no_stride=True)))
optimizer = dict(
    type='AdamW',
    lr=0.0001,
    weight_decay=0.01,
    paramwise_cfg=dict(
        custom_keys=dict(
            absolute_pos_embed=dict(decay_mult=0),
            relative_position_bias_table=dict(decay_mult=0))))
optimizer_config = dict(grad_clip=dict(max_norm=35, norm_type=2))
lr_config = dict(policy='cyclic')
momentum_config = dict(policy='cyclic')
run_dir = 'train_result_map_infra_short_full'

2024-10-27 17:42:31,519 - mmdet3d - INFO - Set random seed to 0, deterministic mode: False
2024-10-27 17:42:38,675 - mmdet3d - INFO - load 349483 car database infos
2024-10-27 17:42:38,675 - mmdet3d - INFO - load 157002 bicycle database infos
2024-10-27 17:42:38,675 - mmdet3d - INFO - load 40210 motorcycle database infos
2024-10-27 17:42:38,675 - mmdet3d - INFO - load 16943 vehicle.emergency.police database infos
2024-10-27 17:42:39,523 - mmdet3d - INFO - After filter database:
2024-10-27 17:42:39,537 - mmdet3d - INFO - load 170227 car database infos
2024-10-27 17:42:39,539 - mmdet3d - INFO - load 157002 bicycle database infos
2024-10-27 17:42:39,540 - mmdet3d - INFO - load 40210 motorcycle database infos
2024-10-27 17:42:39,542 - mmdet3d - INFO - load 16943 vehicle.emergency.police database infos
