2024-08-29 10:37:06,383 - mmdet3d - INFO - Config:
seed = 0
deterministic = False
checkpoint_config = dict(interval=1, max_keep_ckpts=1)
log_config = dict(
    interval=50,
    hooks=[dict(type='TextLoggerHook'),
           dict(type='TensorboardLoggerHook')])
load_from = None
resume_from = None
cudnn_benchmark = False
fp16 = dict(loss_scale=dict(growth_interval=2000))
max_epochs = 10
runner = dict(type='CustomEpochBasedRunner', max_epochs=10)
dataset_type = 'NuScenesDataset'
dataset_root = '/scratch/jmeng18/V2X-SIM/'
gt_paste_stop_epoch = -1
reduce_beams = 32
load_dim = 5
use_dim = 5
load_augmented = None
point_cloud_range = [-108.0, -108.0, -10.0, 108.0, 108.0, 6.0]
voxel_size = [0.15, 0.15, 0.4]
image_size = [256, 704]
augment2d = dict(
    resize=[[0.38, 0.55], [0.48, 0.48]],
    rotate=[-5.4, 5.4],
    gridmask=dict(prob=0.0, fixed_prob=True))
augment3d = dict(
    scale=[0.9, 1.1], rotate=[-0.78539816, 0.78539816], translate=0.5)
object_classes = ['car', 'motorcycle']
map_classes = [
    'drivable_area', 'ped_crossing', 'walkway', 'stop_line', 'carpark_area'
]
input_modality = dict(
    use_lidar=True,
    use_camera=True,
    use_radar=False,
    use_map=False,
    use_external=False)
train_pipeline = [
    dict(type='LoadMultiViewImageFromFiles', to_float32=True),
    dict(
        type='LoadPointsFromFile',
        coord_type='LIDAR',
        load_dim=5,
        use_dim=5,
        reduce_beams=32,
        load_augmented=None),
    dict(
        type='LoadPointsFromMultiSweeps',
        sweeps_num=0,
        load_dim=5,
        use_dim=5,
        reduce_beams=32,
        pad_empty_sweeps=True,
        remove_close=True,
        load_augmented=None),
    dict(
        type='LoadAnnotations3D',
        with_bbox_3d=True,
        with_label_3d=True,
        with_attr_label=False),
    dict(
        type='ObjectPaste',
        stop_epoch=-1,
        db_sampler=dict(
            dataset_root='/scratch/jmeng18/V2X-SIM/',
            info_path='/scratch/jmeng18/V2X-SIM/nuscenes_dbinfos_train.pkl',
            rate=1.0,
            prepare=dict(
                filter_by_difficulty=[-1],
                filter_by_min_points=dict(car=5, motorcycle=5)),
            classes=['car', 'motorcycle'],
            sample_groups=dict(car=2, motorcycle=6),
            points_loader=dict(
                type='LoadPointsFromFile',
                coord_type='LIDAR',
                load_dim=5,
                use_dim=5,
                reduce_beams=32))),
    dict(
        type='ImageAug3D',
        final_dim=[256, 704],
        resize_lim=[0.38, 0.55],
        bot_pct_lim=[0.0, 0.0],
        rot_lim=[-5.4, 5.4],
        rand_flip=True,
        is_train=True),
    dict(
        type='GlobalRotScaleTrans',
        resize_lim=[0.9, 1.1],
        rot_lim=[-0.78539816, 0.78539816],
        trans_lim=0.5,
        is_train=True),
    dict(type='RandomFlip3D'),
    dict(
        type='PointsRangeFilter',
        point_cloud_range=[-108.0, -108.0, -10.0, 108.0, 108.0, 6.0]),
    dict(
        type='ObjectRangeFilter',
        point_cloud_range=[-108.0, -108.0, -10.0, 108.0, 108.0, 6.0]),
    dict(type='ObjectNameFilter', classes=['car', 'motorcycle']),
    dict(
        type='ImageNormalize',
        mean=[0.485, 0.456, 0.406],
        std=[0.229, 0.224, 0.225]),
    dict(
        type='GridMask',
        use_h=True,
        use_w=True,
        max_epoch=10,
        rotate=1,
        offset=False,
        ratio=0.5,
        mode=1,
        prob=0.0,
        fixed_prob=True),
    dict(type='PointShuffle'),
    dict(type='DefaultFormatBundle3D', classes=['car', 'motorcycle']),
    dict(
        type='Collect3D',
        keys=['img', 'points', 'gt_bboxes_3d', 'gt_labels_3d'],
        meta_keys=[
            'camera_intrinsics', 'camera2ego', 'lidar2ego', 'lidar2camera',
            'lidar2image', 'camera2lidar', 'img_aug_matrix', 'lidar_aug_matrix'
        ]),
    dict(type='GTDepth', keyframe_only=True)
]
test_pipeline = [
    dict(type='LoadMultiViewImageFromFiles', to_float32=True),
    dict(
        type='LoadPointsFromFile',
        coord_type='LIDAR',
        load_dim=5,
        use_dim=5,
        reduce_beams=32,
        load_augmented=None),
    dict(
        type='LoadPointsFromMultiSweeps',
        sweeps_num=9,
        load_dim=5,
        use_dim=5,
        reduce_beams=32,
        pad_empty_sweeps=True,
        remove_close=True,
        load_augmented=None),
    dict(
        type='LoadAnnotations3D',
        with_bbox_3d=True,
        with_label_3d=True,
        with_attr_label=False),
    dict(
        type='ImageAug3D',
        final_dim=[256, 704],
        resize_lim=[0.48, 0.48],
        bot_pct_lim=[0.0, 0.0],
        rot_lim=[0.0, 0.0],
        rand_flip=False,
        is_train=False),
    dict(
        type='GlobalRotScaleTrans',
        resize_lim=[1.0, 1.0],
        rot_lim=[0.0, 0.0],
        trans_lim=0.0,
        is_train=False),
    dict(
        type='PointsRangeFilter',
        point_cloud_range=[-108.0, -108.0, -10.0, 108.0, 108.0, 6.0]),
    dict(
        type='ImageNormalize',
        mean=[0.485, 0.456, 0.406],
        std=[0.229, 0.224, 0.225]),
    dict(type='DefaultFormatBundle3D', classes=['car', 'motorcycle']),
    dict(
        type='Collect3D',
        keys=['img', 'points', 'gt_bboxes_3d', 'gt_labels_3d'],
        meta_keys=[
            'camera_intrinsics', 'camera2ego', 'lidar2ego', 'lidar2camera',
            'lidar2image', 'camera2lidar', 'img_aug_matrix', 'lidar_aug_matrix'
        ]),
    dict(type='GTDepth', keyframe_only=True)
]
data = dict(
    samples_per_gpu=1,
    workers_per_gpu=1,
    train=dict(
        type='CBGSDataset',
        dataset=dict(
            type='NuScenesDataset',
            dataset_root='/scratch/jmeng18/V2X-SIM/',
            ann_file='/scratch/jmeng18/V2X-SIM/nuscenes_infos_train.pkl',
            pipeline=[
                dict(type='LoadMultiViewImageFromFiles', to_float32=True),
                dict(
                    type='LoadPointsFromFile',
                    coord_type='LIDAR',
                    load_dim=5,
                    use_dim=5,
                    reduce_beams=32,
                    load_augmented=None),
                dict(
                    type='LoadPointsFromMultiSweeps',
                    sweeps_num=0,
                    load_dim=5,
                    use_dim=5,
                    reduce_beams=32,
                    pad_empty_sweeps=True,
                    remove_close=True,
                    load_augmented=None),
                dict(
                    type='LoadAnnotations3D',
                    with_bbox_3d=True,
                    with_label_3d=True,
                    with_attr_label=False),
                dict(
                    type='ObjectPaste',
                    stop_epoch=-1,
                    db_sampler=dict(
                        dataset_root='/scratch/jmeng18/V2X-SIM/',
                        info_path=
                        '/scratch/jmeng18/V2X-SIM/nuscenes_dbinfos_train.pkl',
                        rate=1.0,
                        prepare=dict(
                            filter_by_difficulty=[-1],
                            filter_by_min_points=dict(car=5, motorcycle=5)),
                        classes=['car', 'motorcycle'],
                        sample_groups=dict(car=2, motorcycle=6),
                        points_loader=dict(
                            type='LoadPointsFromFile',
                            coord_type='LIDAR',
                            load_dim=5,
                            use_dim=5,
                            reduce_beams=32))),
                dict(
                    type='ImageAug3D',
                    final_dim=[256, 704],
                    resize_lim=[0.38, 0.55],
                    bot_pct_lim=[0.0, 0.0],
                    rot_lim=[-5.4, 5.4],
                    rand_flip=True,
                    is_train=True),
                dict(
                    type='GlobalRotScaleTrans',
                    resize_lim=[0.9, 1.1],
                    rot_lim=[-0.78539816, 0.78539816],
                    trans_lim=0.5,
                    is_train=True),
                dict(type='RandomFlip3D'),
                dict(
                    type='PointsRangeFilter',
                    point_cloud_range=[
                        -108.0, -108.0, -10.0, 108.0, 108.0, 6.0
                    ]),
                dict(
                    type='ObjectRangeFilter',
                    point_cloud_range=[
                        -108.0, -108.0, -10.0, 108.0, 108.0, 6.0
                    ]),
                dict(type='ObjectNameFilter', classes=['car', 'motorcycle']),
                dict(
                    type='ImageNormalize',
                    mean=[0.485, 0.456, 0.406],
                    std=[0.229, 0.224, 0.225]),
                dict(
                    type='GridMask',
                    use_h=True,
                    use_w=True,
                    max_epoch=10,
                    rotate=1,
                    offset=False,
                    ratio=0.5,
                    mode=1,
                    prob=0.0,
                    fixed_prob=True),
                dict(type='PointShuffle'),
                dict(
                    type='DefaultFormatBundle3D',
                    classes=['car', 'motorcycle']),
                dict(
                    type='Collect3D',
                    keys=['img', 'points', 'gt_bboxes_3d', 'gt_labels_3d'],
                    meta_keys=[
                        'camera_intrinsics', 'camera2ego', 'lidar2ego',
                        'lidar2camera', 'lidar2image', 'camera2lidar',
                        'img_aug_matrix', 'lidar_aug_matrix'
                    ]),
                dict(type='GTDepth', keyframe_only=True)
            ],
            object_classes=['car', 'motorcycle'],
            map_classes=[
                'drivable_area', 'ped_crossing', 'walkway', 'stop_line',
                'carpark_area'
            ],
            modality=dict(
                use_lidar=True,
                use_camera=True,
                use_radar=False,
                use_map=False,
                use_external=False),
            test_mode=False,
            use_valid_flag=True,
            box_type_3d='LiDAR')),
    val=dict(
        type='NuScenesDataset',
        dataset_root='/scratch/jmeng18/V2X-SIM/',
        ann_file='/scratch/jmeng18/V2X-SIM/nuscenes_infos_val.pkl',
        pipeline=[
            dict(type='LoadMultiViewImageFromFiles', to_float32=True),
            dict(
                type='LoadPointsFromFile',
                coord_type='LIDAR',
                load_dim=5,
                use_dim=5,
                reduce_beams=32,
                load_augmented=None),
            dict(
                type='LoadPointsFromMultiSweeps',
                sweeps_num=9,
                load_dim=5,
                use_dim=5,
                reduce_beams=32,
                pad_empty_sweeps=True,
                remove_close=True,
                load_augmented=None),
            dict(
                type='LoadAnnotations3D',
                with_bbox_3d=True,
                with_label_3d=True,
                with_attr_label=False),
            dict(
                type='ImageAug3D',
                final_dim=[256, 704],
                resize_lim=[0.48, 0.48],
                bot_pct_lim=[0.0, 0.0],
                rot_lim=[0.0, 0.0],
                rand_flip=False,
                is_train=False),
            dict(
                type='GlobalRotScaleTrans',
                resize_lim=[1.0, 1.0],
                rot_lim=[0.0, 0.0],
                trans_lim=0.0,
                is_train=False),
            dict(
                type='PointsRangeFilter',
                point_cloud_range=[-108.0, -108.0, -10.0, 108.0, 108.0, 6.0]),
            dict(
                type='ImageNormalize',
                mean=[0.485, 0.456, 0.406],
                std=[0.229, 0.224, 0.225]),
            dict(type='DefaultFormatBundle3D', classes=['car', 'motorcycle']),
            dict(
                type='Collect3D',
                keys=['img', 'points', 'gt_bboxes_3d', 'gt_labels_3d'],
                meta_keys=[
                    'camera_intrinsics', 'camera2ego', 'lidar2ego',
                    'lidar2camera', 'lidar2image', 'camera2lidar',
                    'img_aug_matrix', 'lidar_aug_matrix'
                ]),
            dict(type='GTDepth', keyframe_only=True)
        ],
        object_classes=['car', 'motorcycle'],
        map_classes=[
            'drivable_area', 'ped_crossing', 'walkway', 'stop_line',
            'carpark_area'
        ],
        modality=dict(
            use_lidar=True,
            use_camera=True,
            use_radar=False,
            use_map=False,
            use_external=False),
        test_mode=False,
        box_type_3d='LiDAR'),
    test=dict(
        type='NuScenesDataset',
        dataset_root='/scratch/jmeng18/V2X-SIM/',
        ann_file='/scratch/jmeng18/V2X-SIM/nuscenes_infos_val.pkl',
        pipeline=[
            dict(type='LoadMultiViewImageFromFiles', to_float32=True),
            dict(
                type='LoadPointsFromFile',
                coord_type='LIDAR',
                load_dim=5,
                use_dim=5,
                reduce_beams=32,
                load_augmented=None),
            dict(
                type='LoadPointsFromMultiSweeps',
                sweeps_num=9,
                load_dim=5,
                use_dim=5,
                reduce_beams=32,
                pad_empty_sweeps=True,
                remove_close=True,
                load_augmented=None),
            dict(
                type='LoadAnnotations3D',
                with_bbox_3d=True,
                with_label_3d=True,
                with_attr_label=False),
            dict(
                type='ImageAug3D',
                final_dim=[256, 704],
                resize_lim=[0.48, 0.48],
                bot_pct_lim=[0.0, 0.0],
                rot_lim=[0.0, 0.0],
                rand_flip=False,
                is_train=False),
            dict(
                type='GlobalRotScaleTrans',
                resize_lim=[1.0, 1.0],
                rot_lim=[0.0, 0.0],
                trans_lim=0.0,
                is_train=False),
            dict(
                type='PointsRangeFilter',
                point_cloud_range=[-108.0, -108.0, -10.0, 108.0, 108.0, 6.0]),
            dict(
                type='ImageNormalize',
                mean=[0.485, 0.456, 0.406],
                std=[0.229, 0.224, 0.225]),
            dict(type='DefaultFormatBundle3D', classes=['car', 'motorcycle']),
            dict(
                type='Collect3D',
                keys=['img', 'points', 'gt_bboxes_3d', 'gt_labels_3d'],
                meta_keys=[
                    'camera_intrinsics', 'camera2ego', 'lidar2ego',
                    'lidar2camera', 'lidar2image', 'camera2lidar',
                    'img_aug_matrix', 'lidar_aug_matrix'
                ]),
            dict(type='GTDepth', keyframe_only=True)
        ],
        object_classes=['car', 'motorcycle'],
        map_classes=[
            'drivable_area', 'ped_crossing', 'walkway', 'stop_line',
            'carpark_area'
        ],
        modality=dict(
            use_lidar=True,
            use_camera=True,
            use_radar=False,
            use_map=False,
            use_external=False),
        test_mode=True,
        box_type_3d='LiDAR'))
evaluation = dict(
    interval=1,
    pipeline=[
        dict(type='LoadMultiViewImageFromFiles', to_float32=True),
        dict(
            type='LoadPointsFromFile',
            coord_type='LIDAR',
            load_dim=5,
            use_dim=5,
            reduce_beams=32,
            load_augmented=None),
        dict(
            type='LoadPointsFromMultiSweeps',
            sweeps_num=9,
            load_dim=5,
            use_dim=5,
            reduce_beams=32,
            pad_empty_sweeps=True,
            remove_close=True,
            load_augmented=None),
        dict(
            type='LoadAnnotations3D',
            with_bbox_3d=True,
            with_label_3d=True,
            with_attr_label=False),
        dict(
            type='ImageAug3D',
            final_dim=[256, 704],
            resize_lim=[0.48, 0.48],
            bot_pct_lim=[0.0, 0.0],
            rot_lim=[0.0, 0.0],
            rand_flip=False,
            is_train=False),
        dict(
            type='GlobalRotScaleTrans',
            resize_lim=[1.0, 1.0],
            rot_lim=[0.0, 0.0],
            trans_lim=0.0,
            is_train=False),
        dict(
            type='PointsRangeFilter',
            point_cloud_range=[-108.0, -108.0, -10.0, 108.0, 108.0, 6.0]),
        dict(
            type='ImageNormalize',
            mean=[0.485, 0.456, 0.406],
            std=[0.229, 0.224, 0.225]),
        dict(type='DefaultFormatBundle3D', classes=['car', 'motorcycle']),
        dict(
            type='Collect3D',
            keys=['img', 'points', 'gt_bboxes_3d', 'gt_labels_3d'],
            meta_keys=[
                'camera_intrinsics', 'camera2ego', 'lidar2ego', 'lidar2camera',
                'lidar2image', 'camera2lidar', 'img_aug_matrix',
                'lidar_aug_matrix'
            ]),
        dict(type='GTDepth', keyframe_only=True)
    ])
radar_sweeps = 6
radar_max_points = 2500
radar_use_dims = [
    0, 1, 2, 5, 8, 9, 18, 19, 20, 21, 22, 23, 24, 25, 26, 27, 28, 29, 30, 31,
    32, 33, 34, 35, 36, 37, 38, 39, 40, 41, 42, 43, 44, 45, 46, 47, 48, 49, 50,
    51, 52, 53, 54, 55, 56
]
radar_compensate_velocity = True
radar_filtering = 'none'
radar_voxel_size = [0.8, 0.8, 8]
radar_jitter = 0
radar_normalize = False
model = dict(
    type='BEVFusion',
    encoders=dict(
        camera=dict(
            neck=dict(
                type='GeneralizedLSSFPN',
                in_channels=[192, 384, 768],
                out_channels=256,
                start_level=0,
                num_outs=3,
                norm_cfg=dict(type='BN2d', requires_grad=True),
                act_cfg=dict(type='ReLU', inplace=True),
                upsample_cfg=dict(mode='bilinear', align_corners=False)),
            vtransform=dict(
                type='DepthLSSTransform',
                in_channels=256,
                out_channels=80,
                image_size=[256, 704],
                feature_size=[32, 88],
                xbound=[-108.0, 108.0, 0.6],
                ybound=[-108.0, 108.0, 0.6],
                zbound=[-10.0, 10.0, 20.0],
                dbound=[1.0, 60.0, 0.5],
                downsample=2),
            backbone=dict(
                type='SwinTransformer',
                embed_dims=96,
                depths=[2, 2, 6, 2],
                num_heads=[3, 6, 12, 24],
                window_size=7,
                mlp_ratio=4,
                qkv_bias=True,
                qk_scale=None,
                drop_rate=0.0,
                attn_drop_rate=0.0,
                drop_path_rate=0.2,
                patch_norm=True,
                out_indices=[1, 2, 3],
                with_cp=False,
                convert_weights=True,
                init_cfg=dict(
                    type='Pretrained',
                    checkpoint=
                    'https://github.com/SwinTransformer/storage/releases/download/v1.0.0/swin_tiny_patch4_window7_224.pth'
                ))),
        lidar=dict(
            voxelize=dict(
                max_num_points=10,
                point_cloud_range=[-108.0, -108.0, -10.0, 108.0, 108.0, 6.0],
                voxel_size=[0.15, 0.15, 0.4],
                max_voxels=[120000, 160000]),
            backbone=dict(
                type='SparseEncoder',
                in_channels=5,
                sparse_shape=[1440, 1440, 41],
                output_channels=128,
                order=['conv', 'norm', 'act'],
                encoder_channels=[[16, 16, 32], [32, 32, 64], [64, 64, 128],
                                  [128, 128]],
                encoder_paddings=[[0, 0, 1], [0, 0, 1], [0, 0, [1, 1, 0]],
                                  [0, 0]],
                block_type='basicblock'))),
    fuser=dict(type='ConvFuser', in_channels=[80, 256], out_channels=256),
    heads=dict(
        map=None,
        object=dict(
            type='TransFusionHead',
            num_proposals=200,
            auxiliary=True,
            in_channels=512,
            hidden_channel=128,
            num_classes=2,
            num_decoder_layers=1,
            num_heads=8,
            nms_kernel_size=3,
            ffn_channel=256,
            dropout=0.1,
            bn_momentum=0.1,
            activation='relu',
            train_cfg=dict(
                dataset='nuScenes',
                point_cloud_range=[-108.0, -108.0, -10.0, 108.0, 108.0, 6.0],
                grid_size=[1440, 1440, 41],
                voxel_size=[0.15, 0.15, 0.4],
                out_size_factor=8,
                gaussian_overlap=0.1,
                min_radius=2,
                pos_weight=-1,
                code_weights=[1.0, 1.0, 1.0, 1.0, 1.0, 1.0, 1.0, 1.0],
                assigner=dict(
                    type='HungarianAssigner3D',
                    iou_calculator=dict(
                        type='BboxOverlaps3D', coordinate='lidar'),
                    cls_cost=dict(
                        type='FocalLossCost',
                        gamma=2.0,
                        alpha=0.25,
                        weight=0.15),
                    reg_cost=dict(type='BBoxBEVL1Cost', weight=0.25),
                    iou_cost=dict(type='IoU3DCost', weight=0.25))),
            test_cfg=dict(
                dataset='nuScenes',
                grid_size=[1440, 1440, 41],
                out_size_factor=8,
                voxel_size=[0.15, 0.15],
                pc_range=[-108.0, -108.0],
                nms_type=None),
            common_heads=dict(
                center=[2, 2],
                height=[1, 2],
                dim=[3, 2],
                rot=[2, 2],
                vel=[2, 2]),
            bbox_coder=dict(
                type='TransFusionBBoxCoder',
                pc_range=[-108.0, -108.0],
                post_center_range=[-61.2, -61.2, -10.0, 61.2, 61.2, 10.0],
                score_threshold=0.0,
                out_size_factor=8,
                voxel_size=[0.15, 0.15]),
            loss_cls=dict(
                type='FocalLoss',
                use_sigmoid=True,
                gamma=2.0,
                alpha=0.25,
                reduction='mean',
                loss_weight=1.0),
            loss_heatmap=dict(
                type='GaussianFocalLoss', reduction='mean', loss_weight=1.0),
            loss_bbox=dict(type='L1Loss', reduction='mean',
                           loss_weight=0.25))),
    decoder=dict(
        backbone=dict(
            type='SECOND',
            in_channels=256,
            out_channels=[128, 256],
            layer_nums=[5, 5],
            layer_strides=[1, 2],
            norm_cfg=dict(type='BN', eps=0.001, momentum=0.01),
            conv_cfg=dict(type='Conv2d', bias=False)),
        neck=dict(
            type='SECONDFPN',
            in_channels=[128, 256],
            out_channels=[256, 256],
            upsample_strides=[1, 2],
            norm_cfg=dict(type='BN', eps=0.001, momentum=0.01),
            upsample_cfg=dict(type='deconv', bias=False),
            use_conv_for_no_stride=True)))
optimizer = dict(type='AdamW', lr=0.0002, weight_decay=0.01)
optimizer_config = dict(grad_clip=dict(max_norm=35, norm_type=2))
lr_config = dict(
    policy='CosineAnnealing',
    warmup='linear',
    warmup_iters=500,
    warmup_ratio=0.33333333,
    min_lr_ratio=1e-07)
momentum_config = dict(policy='cyclic')
run_dir = 'train_result_base_long_full'

2024-08-29 10:37:06,384 - mmdet3d - INFO - Set random seed to 0, deterministic mode: False
2024-08-29 10:37:12,045 - mmdet3d - INFO - load 262672 car database infos
2024-08-29 10:37:12,045 - mmdet3d - INFO - load 123900 bicycle database infos
2024-08-29 10:37:12,045 - mmdet3d - INFO - load 31339 motorcycle database infos
2024-08-29 10:37:12,045 - mmdet3d - INFO - load 13216 vehicle.emergency.police database infos
2024-08-29 10:37:12,707 - mmdet3d - INFO - After filter database:
2024-08-29 10:37:12,707 - mmdet3d - INFO - load 123931 car database infos
2024-08-29 10:37:12,707 - mmdet3d - INFO - load 123900 bicycle database infos
2024-08-29 10:37:12,707 - mmdet3d - INFO - load 12368 motorcycle database infos
2024-08-29 10:37:12,707 - mmdet3d - INFO - load 13216 vehicle.emergency.police database infos
2024-08-29 10:37:13,249 - mmdet3d - INFO - Model:
BEVFusion(
  (encoders): ModuleDict(
    (camera): ModuleDict(
      (backbone): SwinTransformer(
        (patch_embed): PatchEmbed(
          (adap_padding): AdaptivePadding()
          (projection): Conv2d(3, 96, kernel_size=(4, 4), stride=(4, 4))
          (norm): LayerNorm((96,), eps=1e-05, elementwise_affine=True)
        )
        (drop_after_pos): Dropout(p=0.0, inplace=False)
        (stages): ModuleList(
          (0): SwinBlockSequence(
            (blocks): ModuleList(
              (0): SwinBlock(
                (norm1): LayerNorm((96,), eps=1e-05, elementwise_affine=True)
                (attn): ShiftWindowMSA(
                  (w_msa): WindowMSA(
                    (qkv): Linear(in_features=96, out_features=288, bias=True)
                    (attn_drop): Dropout(p=0.0, inplace=False)
                    (proj): Linear(in_features=96, out_features=96, bias=True)
                    (proj_drop): Dropout(p=0.0, inplace=False)
                    (softmax): Softmax(dim=-1)
                  )
                  (drop): DropPath()
                )
                (norm2): LayerNorm((96,), eps=1e-05, elementwise_affine=True)
                (ffn): FFN(
                  (activate): GELU()
                  (layers): Sequential(
                    (0): Sequential(
                      (0): Linear(in_features=96, out_features=384, bias=True)
                      (1): GELU()
                      (2): Dropout(p=0.0, inplace=False)
                    )
                    (1): Linear(in_features=384, out_features=96, bias=True)
                    (2): Dropout(p=0.0, inplace=False)
                  )
                  (dropout_layer): DropPath()
                )
              )
              (1): SwinBlock(
                (norm1): LayerNorm((96,), eps=1e-05, elementwise_affine=True)
                (attn): ShiftWindowMSA(
                  (w_msa): WindowMSA(
                    (qkv): Linear(in_features=96, out_features=288, bias=True)
                    (attn_drop): Dropout(p=0.0, inplace=False)
                    (proj): Linear(in_features=96, out_features=96, bias=True)
                    (proj_drop): Dropout(p=0.0, inplace=False)
                    (softmax): Softmax(dim=-1)
                  )
                  (drop): DropPath()
                )
                (norm2): LayerNorm((96,), eps=1e-05, elementwise_affine=True)
                (ffn): FFN(
                  (activate): GELU()
                  (layers): Sequential(
                    (0): Sequential(
                      (0): Linear(in_features=96, out_features=384, bias=True)
                      (1): GELU()
                      (2): Dropout(p=0.0, inplace=False)
                    )
                    (1): Linear(in_features=384, out_features=96, bias=True)
                    (2): Dropout(p=0.0, inplace=False)
                  )
                  (dropout_layer): DropPath()
                )
              )
            )
            (downsample): PatchMerging(
              (adap_padding): AdaptivePadding()
              (sampler): Unfold(kernel_size=(2, 2), dilation=(1, 1), padding=(0, 0), stride=(2, 2))
              (norm): LayerNorm((384,), eps=1e-05, elementwise_affine=True)
              (reduction): Linear(in_features=384, out_features=192, bias=False)
            )
          )
          (1): SwinBlockSequence(
            (blocks): ModuleList(
              (0): SwinBlock(
                (norm1): LayerNorm((192,), eps=1e-05, elementwise_affine=True)
                (attn): ShiftWindowMSA(
                  (w_msa): WindowMSA(
                    (qkv): Linear(in_features=192, out_features=576, bias=True)
                    (attn_drop): Dropout(p=0.0, inplace=False)
                    (proj): Linear(in_features=192, out_features=192, bias=True)
                    (proj_drop): Dropout(p=0.0, inplace=False)
                    (softmax): Softmax(dim=-1)
                  )
                  (drop): DropPath()
                )
                (norm2): LayerNorm((192,), eps=1e-05, elementwise_affine=True)
                (ffn): FFN(
                  (activate): GELU()
                  (layers): Sequential(
                    (0): Sequential(
                      (0): Linear(in_features=192, out_features=768, bias=True)
                      (1): GELU()
                      (2): Dropout(p=0.0, inplace=False)
                    )
                    (1): Linear(in_features=768, out_features=192, bias=True)
                    (2): Dropout(p=0.0, inplace=False)
                  )
                  (dropout_layer): DropPath()
                )
              )
              (1): SwinBlock(
                (norm1): LayerNorm((192,), eps=1e-05, elementwise_affine=True)
                (attn): ShiftWindowMSA(
                  (w_msa): WindowMSA(
                    (qkv): Linear(in_features=192, out_features=576, bias=True)
                    (attn_drop): Dropout(p=0.0, inplace=False)
                    (proj): Linear(in_features=192, out_features=192, bias=True)
                    (proj_drop): Dropout(p=0.0, inplace=False)
                    (softmax): Softmax(dim=-1)
                  )
                  (drop): DropPath()
                )
                (norm2): LayerNorm((192,), eps=1e-05, elementwise_affine=True)
                (ffn): FFN(
                  (activate): GELU()
                  (layers): Sequential(
                    (0): Sequential(
                      (0): Linear(in_features=192, out_features=768, bias=True)
                      (1): GELU()
                      (2): Dropout(p=0.0, inplace=False)
                    )
                    (1): Linear(in_features=768, out_features=192, bias=True)
                    (2): Dropout(p=0.0, inplace=False)
                  )
                  (dropout_layer): DropPath()
                )
              )
            )
            (downsample): PatchMerging(
              (adap_padding): AdaptivePadding()
              (sampler): Unfold(kernel_size=(2, 2), dilation=(1, 1), padding=(0, 0), stride=(2, 2))
              (norm): LayerNorm((768,), eps=1e-05, elementwise_affine=True)
              (reduction): Linear(in_features=768, out_features=384, bias=False)
            )
          )
          (2): SwinBlockSequence(
            (blocks): ModuleList(
              (0): SwinBlock(
                (norm1): LayerNorm((384,), eps=1e-05, elementwise_affine=True)
                (attn): ShiftWindowMSA(
                  (w_msa): WindowMSA(
                    (qkv): Linear(in_features=384, out_features=1152, bias=True)
                    (attn_drop): Dropout(p=0.0, inplace=False)
                    (proj): Linear(in_features=384, out_features=384, bias=True)
                    (proj_drop): Dropout(p=0.0, inplace=False)
                    (softmax): Softmax(dim=-1)
                  )
                  (drop): DropPath()
                )
                (norm2): LayerNorm((384,), eps=1e-05, elementwise_affine=True)
                (ffn): FFN(
                  (activate): GELU()
                  (layers): Sequential(
                    (0): Sequential(
                      (0): Linear(in_features=384, out_features=1536, bias=True)
                      (1): GELU()
                      (2): Dropout(p=0.0, inplace=False)
                    )
                    (1): Linear(in_features=1536, out_features=384, bias=True)
                    (2): Dropout(p=0.0, inplace=False)
                  )
                  (dropout_layer): DropPath()
                )
              )
              (1): SwinBlock(
                (norm1): LayerNorm((384,), eps=1e-05, elementwise_affine=True)
                (attn): ShiftWindowMSA(
                  (w_msa): WindowMSA(
                    (qkv): Linear(in_features=384, out_features=1152, bias=True)
                    (attn_drop): Dropout(p=0.0, inplace=False)
                    (proj): Linear(in_features=384, out_features=384, bias=True)
                    (proj_drop): Dropout(p=0.0, inplace=False)
                    (softmax): Softmax(dim=-1)
                  )
                  (drop): DropPath()
                )
                (norm2): LayerNorm((384,), eps=1e-05, elementwise_affine=True)
                (ffn): FFN(
                  (activate): GELU()
                  (layers): Sequential(
                    (0): Sequential(
                      (0): Linear(in_features=384, out_features=1536, bias=True)
                      (1): GELU()
                      (2): Dropout(p=0.0, inplace=False)
                    )
                    (1): Linear(in_features=1536, out_features=384, bias=True)
                    (2): Dropout(p=0.0, inplace=False)
                  )
                  (dropout_layer): DropPath()
                )
              )
              (2): SwinBlock(
                (norm1): LayerNorm((384,), eps=1e-05, elementwise_affine=True)
                (attn): ShiftWindowMSA(
                  (w_msa): WindowMSA(
                    (qkv): Linear(in_features=384, out_features=1152, bias=True)
                    (attn_drop): Dropout(p=0.0, inplace=False)
                    (proj): Linear(in_features=384, out_features=384, bias=True)
                    (proj_drop): Dropout(p=0.0, inplace=False)
                    (softmax): Softmax(dim=-1)
                  )
                  (drop): DropPath()
                )
                (norm2): LayerNorm((384,), eps=1e-05, elementwise_affine=True)
                (ffn): FFN(
                  (activate): GELU()
                  (layers): Sequential(
                    (0): Sequential(
                      (0): Linear(in_features=384, out_features=1536, bias=True)
                      (1): GELU()
                      (2): Dropout(p=0.0, inplace=False)
                    )
                    (1): Linear(in_features=1536, out_features=384, bias=True)
                    (2): Dropout(p=0.0, inplace=False)
                  )
                  (dropout_layer): DropPath()
                )
              )
              (3): SwinBlock(
                (norm1): LayerNorm((384,), eps=1e-05, elementwise_affine=True)
                (attn): ShiftWindowMSA(
                  (w_msa): WindowMSA(
                    (qkv): Linear(in_features=384, out_features=1152, bias=True)
                    (attn_drop): Dropout(p=0.0, inplace=False)
                    (proj): Linear(in_features=384, out_features=384, bias=True)
                    (proj_drop): Dropout(p=0.0, inplace=False)
                    (softmax): Softmax(dim=-1)
                  )
                  (drop): DropPath()
                )
                (norm2): LayerNorm((384,), eps=1e-05, elementwise_affine=True)
                (ffn): FFN(
                  (activate): GELU()
                  (layers): Sequential(
                    (0): Sequential(
                      (0): Linear(in_features=384, out_features=1536, bias=True)
                      (1): GELU()
                      (2): Dropout(p=0.0, inplace=False)
                    )
                    (1): Linear(in_features=1536, out_features=384, bias=True)
                    (2): Dropout(p=0.0, inplace=False)
                  )
                  (dropout_layer): DropPath()
                )
              )
              (4): SwinBlock(
                (norm1): LayerNorm((384,), eps=1e-05, elementwise_affine=True)
                (attn): ShiftWindowMSA(
                  (w_msa): WindowMSA(
                    (qkv): Linear(in_features=384, out_features=1152, bias=True)
                    (attn_drop): Dropout(p=0.0, inplace=False)
                    (proj): Linear(in_features=384, out_features=384, bias=True)
                    (proj_drop): Dropout(p=0.0, inplace=False)
                    (softmax): Softmax(dim=-1)
                  )
                  (drop): DropPath()
                )
                (norm2): LayerNorm((384,), eps=1e-05, elementwise_affine=True)
                (ffn): FFN(
                  (activate): GELU()
                  (layers): Sequential(
                    (0): Sequential(
                      (0): Linear(in_features=384, out_features=1536, bias=True)
                      (1): GELU()
                      (2): Dropout(p=0.0, inplace=False)
                    )
                    (1): Linear(in_features=1536, out_features=384, bias=True)
                    (2): Dropout(p=0.0, inplace=False)
                  )
                  (dropout_layer): DropPath()
                )
              )
              (5): SwinBlock(
                (norm1): LayerNorm((384,), eps=1e-05, elementwise_affine=True)
                (attn): ShiftWindowMSA(
                  (w_msa): WindowMSA(
                    (qkv): Linear(in_features=384, out_features=1152, bias=True)
                    (attn_drop): Dropout(p=0.0, inplace=False)
                    (proj): Linear(in_features=384, out_features=384, bias=True)
                    (proj_drop): Dropout(p=0.0, inplace=False)
                    (softmax): Softmax(dim=-1)
                  )
                  (drop): DropPath()
                )
                (norm2): LayerNorm((384,), eps=1e-05, elementwise_affine=True)
                (ffn): FFN(
                  (activate): GELU()
                  (layers): Sequential(
                    (0): Sequential(
                      (0): Linear(in_features=384, out_features=1536, bias=True)
                      (1): GELU()
                      (2): Dropout(p=0.0, inplace=False)
                    )
                    (1): Linear(in_features=1536, out_features=384, bias=True)
                    (2): Dropout(p=0.0, inplace=False)
                  )
                  (dropout_layer): DropPath()
                )
              )
            )
            (downsample): PatchMerging(
              (adap_padding): AdaptivePadding()
              (sampler): Unfold(kernel_size=(2, 2), dilation=(1, 1), padding=(0, 0), stride=(2, 2))
              (norm): LayerNorm((1536,), eps=1e-05, elementwise_affine=True)
              (reduction): Linear(in_features=1536, out_features=768, bias=False)
            )
          )
          (3): SwinBlockSequence(
            (blocks): ModuleList(
              (0): SwinBlock(
                (norm1): LayerNorm((768,), eps=1e-05, elementwise_affine=True)
                (attn): ShiftWindowMSA(
                  (w_msa): WindowMSA(
                    (qkv): Linear(in_features=768, out_features=2304, bias=True)
                    (attn_drop): Dropout(p=0.0, inplace=False)
                    (proj): Linear(in_features=768, out_features=768, bias=True)
                    (proj_drop): Dropout(p=0.0, inplace=False)
                    (softmax): Softmax(dim=-1)
                  )
                  (drop): DropPath()
                )
                (norm2): LayerNorm((768,), eps=1e-05, elementwise_affine=True)
                (ffn): FFN(
                  (activate): GELU()
                  (layers): Sequential(
                    (0): Sequential(
                      (0): Linear(in_features=768, out_features=3072, bias=True)
                      (1): GELU()
                      (2): Dropout(p=0.0, inplace=False)
                    )
                    (1): Linear(in_features=3072, out_features=768, bias=True)
                    (2): Dropout(p=0.0, inplace=False)
                  )
                  (dropout_layer): DropPath()
                )
              )
              (1): SwinBlock(
                (norm1): LayerNorm((768,), eps=1e-05, elementwise_affine=True)
                (attn): ShiftWindowMSA(
                  (w_msa): WindowMSA(
                    (qkv): Linear(in_features=768, out_features=2304, bias=True)
                    (attn_drop): Dropout(p=0.0, inplace=False)
                    (proj): Linear(in_features=768, out_features=768, bias=True)
                    (proj_drop): Dropout(p=0.0, inplace=False)
                    (softmax): Softmax(dim=-1)
                  )
                  (drop): DropPath()
                )
                (norm2): LayerNorm((768,), eps=1e-05, elementwise_affine=True)
                (ffn): FFN(
                  (activate): GELU()
                  (layers): Sequential(
                    (0): Sequential(
                      (0): Linear(in_features=768, out_features=3072, bias=True)
                      (1): GELU()
                      (2): Dropout(p=0.0, inplace=False)
                    )
                    (1): Linear(in_features=3072, out_features=768, bias=True)
                    (2): Dropout(p=0.0, inplace=False)
                  )
                  (dropout_layer): DropPath()
                )
              )
            )
          )
        )
        (norm1): LayerNorm((192,), eps=1e-05, elementwise_affine=True)
        (norm2): LayerNorm((384,), eps=1e-05, elementwise_affine=True)
        (norm3): LayerNorm((768,), eps=1e-05, elementwise_affine=True)
      )
      init_cfg={'type': 'Pretrained', 'checkpoint': 'https://github.com/SwinTransformer/storage/releases/download/v1.0.0/swin_tiny_patch4_window7_224.pth'}
      (neck): GeneralizedLSSFPN(
        (lateral_convs): ModuleList(
          (0): ConvModule(
            (conv): Conv2d(448, 256, kernel_size=(1, 1), stride=(1, 1), bias=False)
            (bn): BatchNorm2d(256, eps=1e-05, momentum=0.1, affine=True, track_running_stats=True)
            (activate): ReLU(inplace=True)
          )
          (1): ConvModule(
            (conv): Conv2d(1152, 256, kernel_size=(1, 1), stride=(1, 1), bias=False)
            (bn): BatchNorm2d(256, eps=1e-05, momentum=0.1, affine=True, track_running_stats=True)
            (activate): ReLU(inplace=True)
          )
        )
        (fpn_convs): ModuleList(
          (0): ConvModule(
            (conv): Conv2d(256, 256, kernel_size=(3, 3), stride=(1, 1), padding=(1, 1), bias=False)
            (bn): BatchNorm2d(256, eps=1e-05, momentum=0.1, affine=True, track_running_stats=True)
            (activate): ReLU(inplace=True)
          )
          (1): ConvModule(
            (conv): Conv2d(256, 256, kernel_size=(3, 3), stride=(1, 1), padding=(1, 1), bias=False)
            (bn): BatchNorm2d(256, eps=1e-05, momentum=0.1, affine=True, track_running_stats=True)
            (activate): ReLU(inplace=True)
          )
        )
      )
      (vtransform): DepthLSSTransform(
        (dtransform): Sequential(
          (0): Conv2d(1, 8, kernel_size=(1, 1), stride=(1, 1))
          (1): BatchNorm2d(8, eps=1e-05, momentum=0.1, affine=True, track_running_stats=True)
          (2): ReLU(inplace=True)
          (3): Conv2d(8, 32, kernel_size=(5, 5), stride=(4, 4), padding=(2, 2))
          (4): BatchNorm2d(32, eps=1e-05, momentum=0.1, affine=True, track_running_stats=True)
          (5): ReLU(inplace=True)
          (6): Conv2d(32, 64, kernel_size=(5, 5), stride=(2, 2), padding=(2, 2))
          (7): BatchNorm2d(64, eps=1e-05, momentum=0.1, affine=True, track_running_stats=True)
          (8): ReLU(inplace=True)
        )
        (depthnet): Sequential(
          (0): Conv2d(320, 256, kernel_size=(3, 3), stride=(1, 1), padding=(1, 1))
          (1): BatchNorm2d(256, eps=1e-05, momentum=0.1, affine=True, track_running_stats=True)
          (2): ReLU(inplace=True)
          (3): Conv2d(256, 256, kernel_size=(3, 3), stride=(1, 1), padding=(1, 1))
          (4): BatchNorm2d(256, eps=1e-05, momentum=0.1, affine=True, track_running_stats=True)
          (5): ReLU(inplace=True)
          (6): Conv2d(256, 198, kernel_size=(1, 1), stride=(1, 1))
        )
        (downsample): Sequential(
          (0): Conv2d(80, 80, kernel_size=(3, 3), stride=(1, 1), padding=(1, 1), bias=False)
          (1): BatchNorm2d(80, eps=1e-05, momentum=0.1, affine=True, track_running_stats=True)
          (2): ReLU(inplace=True)
          (3): Conv2d(80, 80, kernel_size=(3, 3), stride=(2, 2), padding=(1, 1), bias=False)
          (4): BatchNorm2d(80, eps=1e-05, momentum=0.1, affine=True, track_running_stats=True)
          (5): ReLU(inplace=True)
          (6): Conv2d(80, 80, kernel_size=(3, 3), stride=(1, 1), padding=(1, 1), bias=False)
          (7): BatchNorm2d(80, eps=1e-05, momentum=0.1, affine=True, track_running_stats=True)
          (8): ReLU(inplace=True)
        )
      )
    )
    (lidar): ModuleDict(
      (voxelize): Voxelization(voxel_size=[0.15, 0.15, 0.4], point_cloud_range=[-108.0, -108.0, -10.0, 108.0, 108.0, 6.0], max_num_points=10, max_voxels=(120000, 160000), deterministic=True)
      (backbone): SparseEncoder(
        (conv_input): SparseSequential(
          (0): SubMConv3d()
          (1): BatchNorm1d(16, eps=0.001, momentum=0.01, affine=True, track_running_stats=True)
          (2): ReLU(inplace=True)
        )
        (encoder_layers): SparseSequential(
          (encoder_layer1): SparseSequential(
            (0): SparseBasicBlock(
              (conv1): SubMConv3d()
              (bn1): BatchNorm1d(16, eps=0.001, momentum=0.01, affine=True, track_running_stats=True)
              (conv2): SubMConv3d()
              (bn2): BatchNorm1d(16, eps=0.001, momentum=0.01, affine=True, track_running_stats=True)
              (relu): ReLU(inplace=True)
            )
            (1): SparseBasicBlock(
              (conv1): SubMConv3d()
              (bn1): BatchNorm1d(16, eps=0.001, momentum=0.01, affine=True, track_running_stats=True)
              (conv2): SubMConv3d()
              (bn2): BatchNorm1d(16, eps=0.001, momentum=0.01, affine=True, track_running_stats=True)
              (relu): ReLU(inplace=True)
            )
            (2): SparseSequential(
              (0): SparseConv3d()
              (1): BatchNorm1d(32, eps=0.001, momentum=0.01, affine=True, track_running_stats=True)
              (2): ReLU(inplace=True)
            )
          )
          (encoder_layer2): SparseSequential(
            (0): SparseBasicBlock(
              (conv1): SubMConv3d()
              (bn1): BatchNorm1d(32, eps=0.001, momentum=0.01, affine=True, track_running_stats=True)
              (conv2): SubMConv3d()
              (bn2): BatchNorm1d(32, eps=0.001, momentum=0.01, affine=True, track_running_stats=True)
              (relu): ReLU(inplace=True)
            )
            (1): SparseBasicBlock(
              (conv1): SubMConv3d()
              (bn1): BatchNorm1d(32, eps=0.001, momentum=0.01, affine=True, track_running_stats=True)
              (conv2): SubMConv3d()
              (bn2): BatchNorm1d(32, eps=0.001, momentum=0.01, affine=True, track_running_stats=True)
              (relu): ReLU(inplace=True)
            )
            (2): SparseSequential(
              (0): SparseConv3d()
              (1): BatchNorm1d(64, eps=0.001, momentum=0.01, affine=True, track_running_stats=True)
              (2): ReLU(inplace=True)
            )
          )
          (encoder_layer3): SparseSequential(
            (0): SparseBasicBlock(
              (conv1): SubMConv3d()
              (bn1): BatchNorm1d(64, eps=0.001, momentum=0.01, affine=True, track_running_stats=True)
              (conv2): SubMConv3d()
              (bn2): BatchNorm1d(64, eps=0.001, momentum=0.01, affine=True, track_running_stats=True)
              (relu): ReLU(inplace=True)
            )
            (1): SparseBasicBlock(
              (conv1): SubMConv3d()
              (bn1): BatchNorm1d(64, eps=0.001, momentum=0.01, affine=True, track_running_stats=True)
              (conv2): SubMConv3d()
              (bn2): BatchNorm1d(64, eps=0.001, momentum=0.01, affine=True, track_running_stats=True)
              (relu): ReLU(inplace=True)
            )
            (2): SparseSequential(
              (0): SparseConv3d()
              (1): BatchNorm1d(128, eps=0.001, momentum=0.01, affine=True, track_running_stats=True)
              (2): ReLU(inplace=True)
            )
          )
          (encoder_layer4): SparseSequential(
            (0): SparseBasicBlock(
              (conv1): SubMConv3d()
              (bn1): BatchNorm1d(128, eps=0.001, momentum=0.01, affine=True, track_running_stats=True)
              (conv2): SubMConv3d()
              (bn2): BatchNorm1d(128, eps=0.001, momentum=0.01, affine=True, track_running_stats=True)
              (relu): ReLU(inplace=True)
            )
            (1): SparseBasicBlock(
              (conv1): SubMConv3d()
              (bn1): BatchNorm1d(128, eps=0.001, momentum=0.01, affine=True, track_running_stats=True)
              (conv2): SubMConv3d()
              (bn2): BatchNorm1d(128, eps=0.001, momentum=0.01, affine=True, track_running_stats=True)
              (relu): ReLU(inplace=True)
            )
          )
        )
        (conv_out): SparseSequential(
          (0): SparseConv3d()
          (1): BatchNorm1d(128, eps=0.001, momentum=0.01, affine=True, track_running_stats=True)
          (2): ReLU(inplace=True)
        )
      )
    )
  )
  (fuser): ConvFuser(
    (0): Conv2d(336, 256, kernel_size=(3, 3), stride=(1, 1), padding=(1, 1), bias=False)
    (1): BatchNorm2d(256, eps=1e-05, momentum=0.1, affine=True, track_running_stats=True)
    (2): ReLU(inplace=True)
  )
  (decoder): ModuleDict(
    (backbone): SECOND(
      (blocks): ModuleList(
        (0): Sequential(
          (0): Conv2d(256, 128, kernel_size=(3, 3), stride=(1, 1), padding=(1, 1), bias=False)
          (1): BatchNorm2d(128, eps=0.001, momentum=0.01, affine=True, track_running_stats=True)
          (2): ReLU(inplace=True)
          (3): Conv2d(128, 128, kernel_size=(3, 3), stride=(1, 1), padding=(1, 1), bias=False)
          (4): BatchNorm2d(128, eps=0.001, momentum=0.01, affine=True, track_running_stats=True)
          (5): ReLU(inplace=True)
          (6): Conv2d(128, 128, kernel_size=(3, 3), stride=(1, 1), padding=(1, 1), bias=False)
          (7): BatchNorm2d(128, eps=0.001, momentum=0.01, affine=True, track_running_stats=True)
          (8): ReLU(inplace=True)
          (9): Conv2d(128, 128, kernel_size=(3, 3), stride=(1, 1), padding=(1, 1), bias=False)
          (10): BatchNorm2d(128, eps=0.001, momentum=0.01, affine=True, track_running_stats=True)
          (11): ReLU(inplace=True)
          (12): Conv2d(128, 128, kernel_size=(3, 3), stride=(1, 1), padding=(1, 1), bias=False)
          (13): BatchNorm2d(128, eps=0.001, momentum=0.01, affine=True, track_running_stats=True)
          (14): ReLU(inplace=True)
          (15): Conv2d(128, 128, kernel_size=(3, 3), stride=(1, 1), padding=(1, 1), bias=False)
          (16): BatchNorm2d(128, eps=0.001, momentum=0.01, affine=True, track_running_stats=True)
          (17): ReLU(inplace=True)
        )
        (1): Sequential(
          (0): Conv2d(128, 256, kernel_size=(3, 3), stride=(2, 2), padding=(1, 1), bias=False)
          (1): BatchNorm2d(256, eps=0.001, momentum=0.01, affine=True, track_running_stats=True)
          (2): ReLU(inplace=True)
          (3): Conv2d(256, 256, kernel_size=(3, 3), stride=(1, 1), padding=(1, 1), bias=False)
          (4): BatchNorm2d(256, eps=0.001, momentum=0.01, affine=True, track_running_stats=True)
          (5): ReLU(inplace=True)
          (6): Conv2d(256, 256, kernel_size=(3, 3), stride=(1, 1), padding=(1, 1), bias=False)
          (7): BatchNorm2d(256, eps=0.001, momentum=0.01, affine=True, track_running_stats=True)
          (8): ReLU(inplace=True)
          (9): Conv2d(256, 256, kernel_size=(3, 3), stride=(1, 1), padding=(1, 1), bias=False)
          (10): BatchNorm2d(256, eps=0.001, momentum=0.01, affine=True, track_running_stats=True)
          (11): ReLU(inplace=True)
          (12): Conv2d(256, 256, kernel_size=(3, 3), stride=(1, 1), padding=(1, 1), bias=False)
          (13): BatchNorm2d(256, eps=0.001, momentum=0.01, affine=True, track_running_stats=True)
          (14): ReLU(inplace=True)
          (15): Conv2d(256, 256, kernel_size=(3, 3), stride=(1, 1), padding=(1, 1), bias=False)
          (16): BatchNorm2d(256, eps=0.001, momentum=0.01, affine=True, track_running_stats=True)
          (17): ReLU(inplace=True)
        )
      )
    )
    init_cfg={'type': 'Kaiming', 'layer': 'Conv2d'}
    (neck): SECONDFPN(
      (deblocks): ModuleList(
        (0): Sequential(
          (0): Conv2d(128, 256, kernel_size=(1, 1), stride=(1, 1), bias=False)
          (1): BatchNorm2d(256, eps=0.001, momentum=0.01, affine=True, track_running_stats=True)
          (2): ReLU(inplace=True)
        )
        (1): Sequential(
          (0): ConvTranspose2d(256, 256, kernel_size=(2, 2), stride=(2, 2), bias=False)
          (1): BatchNorm2d(256, eps=0.001, momentum=0.01, affine=True, track_running_stats=True)
          (2): ReLU(inplace=True)
        )
      )
    )
    init_cfg=[{'type': 'Kaiming', 'layer': 'ConvTranspose2d'}, {'type': 'Constant', 'layer': 'NaiveSyncBatchNorm2d', 'val': 1.0}]
  )
  (heads): ModuleDict(
    (object): TransFusionHead(
      (loss_cls): FocalLoss()
      (loss_bbox): L1Loss()
      (loss_iou): VarifocalLoss()
      (loss_heatmap): GaussianFocalLoss()
      (shared_conv): Conv2d(512, 128, kernel_size=(3, 3), stride=(1, 1), padding=(1, 1))
      (heatmap_head): Sequential(
        (0): ConvModule(
          (conv): Conv2d(128, 128, kernel_size=(3, 3), stride=(1, 1), padding=(1, 1), bias=False)
          (bn): BatchNorm2d(128, eps=1e-05, momentum=0.1, affine=True, track_running_stats=True)
          (activate): ReLU(inplace=True)
        )
        (1): Conv2d(128, 2, kernel_size=(3, 3), stride=(1, 1), padding=(1, 1))
      )
      (class_encoding): Conv1d(2, 128, kernel_size=(1,), stride=(1,))
      (decoder): ModuleList(
        (0): TransformerDecoderLayer(
          (self_attn): MultiheadAttention(
            (out_proj): Linear(in_features=128, out_features=128, bias=True)
          )
          (multihead_attn): MultiheadAttention(
            (out_proj): Linear(in_features=128, out_features=128, bias=True)
          )
          (linear1): Linear(in_features=128, out_features=256, bias=True)
          (dropout): Dropout(p=0.1, inplace=False)
          (linear2): Linear(in_features=256, out_features=128, bias=True)
          (norm1): LayerNorm((128,), eps=1e-05, elementwise_affine=True)
          (norm2): LayerNorm((128,), eps=1e-05, elementwise_affine=True)
          (norm3): LayerNorm((128,), eps=1e-05, elementwise_affine=True)
          (dropout1): Dropout(p=0.1, inplace=False)
          (dropout2): Dropout(p=0.1, inplace=False)
          (dropout3): Dropout(p=0.1, inplace=False)
          (self_posembed): PositionEmbeddingLearned(
            (position_embedding_head): Sequential(
              (0): Conv1d(2, 128, kernel_size=(1,), stride=(1,))
              (1): BatchNorm1d(128, eps=1e-05, momentum=0.1, affine=True, track_running_stats=True)
              (2): ReLU(inplace=True)
              (3): Conv1d(128, 128, kernel_size=(1,), stride=(1,))
            )
          )
          (cross_posembed): PositionEmbeddingLearned(
            (position_embedding_head): Sequential(
              (0): Conv1d(2, 128, kernel_size=(1,), stride=(1,))
              (1): BatchNorm1d(128, eps=1e-05, momentum=0.1, affine=True, track_running_stats=True)
              (2): ReLU(inplace=True)
              (3): Conv1d(128, 128, kernel_size=(1,), stride=(1,))
            )
          )
        )
      )
      (prediction_heads): ModuleList(
        (0): FFN(
          (center): Sequential(
            (0): ConvModule(
              (conv): Conv1d(128, 64, kernel_size=(1,), stride=(1,), bias=False)
              (bn): BatchNorm1d(64, eps=1e-05, momentum=0.1, affine=True, track_running_stats=True)
              (activate): ReLU(inplace=True)
            )
            (1): Conv1d(64, 2, kernel_size=(1,), stride=(1,))
          )
          (height): Sequential(
            (0): ConvModule(
              (conv): Conv1d(128, 64, kernel_size=(1,), stride=(1,), bias=False)
              (bn): BatchNorm1d(64, eps=1e-05, momentum=0.1, affine=True, track_running_stats=True)
              (activate): ReLU(inplace=True)
            )
            (1): Conv1d(64, 1, kernel_size=(1,), stride=(1,))
          )
          (dim): Sequential(
            (0): ConvModule(
              (conv): Conv1d(128, 64, kernel_size=(1,), stride=(1,), bias=False)
              (bn): BatchNorm1d(64, eps=1e-05, momentum=0.1, affine=True, track_running_stats=True)
              (activate): ReLU(inplace=True)
            )
            (1): Conv1d(64, 3, kernel_size=(1,), stride=(1,))
          )
          (rot): Sequential(
            (0): ConvModule(
              (conv): Conv1d(128, 64, kernel_size=(1,), stride=(1,), bias=False)
              (bn): BatchNorm1d(64, eps=1e-05, momentum=0.1, affine=True, track_running_stats=True)
              (activate): ReLU(inplace=True)
            )
            (1): Conv1d(64, 2, kernel_size=(1,), stride=(1,))
          )
          (vel): Sequential(
            (0): ConvModule(
              (conv): Conv1d(128, 64, kernel_size=(1,), stride=(1,), bias=False)
              (bn): BatchNorm1d(64, eps=1e-05, momentum=0.1, affine=True, track_running_stats=True)
              (activate): ReLU(inplace=True)
            )
            (1): Conv1d(64, 2, kernel_size=(1,), stride=(1,))
          )
          (heatmap): Sequential(
            (0): ConvModule(
              (conv): Conv1d(128, 64, kernel_size=(1,), stride=(1,), bias=False)
              (bn): BatchNorm1d(64, eps=1e-05, momentum=0.1, affine=True, track_running_stats=True)
              (activate): ReLU(inplace=True)
            )
            (1): Conv1d(64, 2, kernel_size=(1,), stride=(1,))
          )
        )
      )
    )
  )
)
2024-08-29 10:37:17,868 - mmdet3d - INFO - Start running, host: jmeng18@sg019, work_dir: /home/jmeng18/bev_fusion/bevfusion-beliv/train_result_base_long_full
2024-08-29 10:37:17,868 - mmdet3d - INFO - Hooks will be executed in the following order:
before_run:
(VERY_HIGH   ) CosineAnnealingLrUpdaterHook       
(HIGH        ) CyclicMomentumUpdaterHook          
(ABOVE_NORMAL) Fp16OptimizerHook                  
(NORMAL      ) CheckpointHook                     
(NORMAL      ) DistEvalHook                       
(VERY_LOW    ) TextLoggerHook                     
(VERY_LOW    ) TensorboardLoggerHook              
 -------------------- 
before_train_epoch:
(VERY_HIGH   ) CosineAnnealingLrUpdaterHook       
(HIGH        ) CyclicMomentumUpdaterHook          
(NORMAL      ) DistSamplerSeedHook                
(NORMAL      ) DistEvalHook                       
(LOW         ) IterTimerHook                      
(VERY_LOW    ) TextLoggerHook                     
(VERY_LOW    ) TensorboardLoggerHook              
 -------------------- 
before_train_iter:
(VERY_HIGH   ) CosineAnnealingLrUpdaterHook       
(HIGH        ) CyclicMomentumUpdaterHook          
(NORMAL      ) DistEvalHook                       
(LOW         ) IterTimerHook                      
 -------------------- 
after_train_iter:
(ABOVE_NORMAL) Fp16OptimizerHook                  
(NORMAL      ) CheckpointHook                     
(NORMAL      ) DistEvalHook                       
(LOW         ) IterTimerHook                      
(VERY_LOW    ) TextLoggerHook                     
(VERY_LOW    ) TensorboardLoggerHook              
 -------------------- 
after_train_epoch:
(NORMAL      ) CheckpointHook                     
(NORMAL      ) DistEvalHook                       
(VERY_LOW    ) TextLoggerHook                     
(VERY_LOW    ) TensorboardLoggerHook              
 -------------------- 
before_val_epoch:
(NORMAL      ) DistSamplerSeedHook                
(LOW         ) IterTimerHook                      
(VERY_LOW    ) TextLoggerHook                     
(VERY_LOW    ) TensorboardLoggerHook              
 -------------------- 
before_val_iter:
(LOW         ) IterTimerHook                      
 -------------------- 
after_val_iter:
(LOW         ) IterTimerHook                      
 -------------------- 
after_val_epoch:
(VERY_LOW    ) TextLoggerHook                     
(VERY_LOW    ) TensorboardLoggerHook              
 -------------------- 
after_run:
(VERY_LOW    ) TextLoggerHook                     
(VERY_LOW    ) TensorboardLoggerHook              
 -------------------- 
2024-08-29 10:37:17,868 - mmdet3d - INFO - workflow: [('train', 1)], max: 10 epochs
2024-08-29 10:37:17,870 - mmdet3d - INFO - Checkpoints will be saved to /home/jmeng18/bev_fusion/bevfusion-beliv/train_result_base_long_full by HardDiskBackend.
2024-08-29 10:37:51,833 - mmdet3d - INFO - Epoch [1][50/12497]	lr: 7.973e-05, eta: 23:30:28, time: 0.677, data_time: 0.138, memory: 5220, loss/object/loss_heatmap: 89.9318, loss/object/layer_-1_loss_cls: 0.9220, loss/object/layer_-1_loss_bbox: 6.6214, stats/object/matched_ious: 0.0056, loss: 97.4753, grad_norm: nan
2024-08-29 10:38:23,604 - mmdet3d - INFO - Epoch [1][100/12497]	lr: 9.307e-05, eta: 22:46:11, time: 0.635, data_time: 0.105, memory: 5223, loss/object/loss_heatmap: 2.8211, loss/object/layer_-1_loss_cls: 0.7580, loss/object/layer_-1_loss_bbox: 4.4331, stats/object/matched_ious: 0.0317, loss: 8.0122, grad_norm: 35.2161
2024-08-29 10:38:52,870 - mmdet3d - INFO - Epoch [1][150/12497]	lr: 1.064e-04, eta: 21:56:16, time: 0.585, data_time: 0.081, memory: 5223, loss/object/loss_heatmap: 2.0851, loss/object/layer_-1_loss_cls: 0.5726, loss/object/layer_-1_loss_bbox: 3.5218, stats/object/matched_ious: 0.0696, loss: 6.1794, grad_norm: 16.9446
2024-08-29 10:39:23,499 - mmdet3d - INFO - Epoch [1][200/12497]	lr: 1.197e-04, eta: 21:45:17, time: 0.613, data_time: 0.069, memory: 5229, loss/object/loss_heatmap: 2.0686, loss/object/layer_-1_loss_cls: 0.4454, loss/object/layer_-1_loss_bbox: 3.7223, stats/object/matched_ious: 0.0918, loss: 6.2363, grad_norm: 16.2243
2024-08-29 10:39:53,628 - mmdet3d - INFO - Epoch [1][250/12497]	lr: 1.331e-04, eta: 21:34:19, time: 0.603, data_time: 0.058, memory: 5229, loss/object/loss_heatmap: 1.9751, loss/object/layer_-1_loss_cls: 0.3863, loss/object/layer_-1_loss_bbox: 3.6983, stats/object/matched_ious: 0.1065, loss: 6.0597, grad_norm: 13.2428
2024-08-29 10:40:21,663 - mmdet3d - INFO - Epoch [1][300/12497]	lr: 1.464e-04, eta: 21:12:20, time: 0.561, data_time: 0.175, memory: 5229, loss/object/loss_heatmap: 2.0642, loss/object/layer_-1_loss_cls: 0.3164, loss/object/layer_-1_loss_bbox: 4.1573, stats/object/matched_ious: 0.0930, loss: 6.5380, grad_norm: 13.2240
2024-08-29 10:40:49,054 - mmdet3d - INFO - Epoch [1][350/12497]	lr: 1.597e-04, eta: 20:52:40, time: 0.548, data_time: 0.188, memory: 5229, loss/object/loss_heatmap: 2.0326, loss/object/layer_-1_loss_cls: 0.2781, loss/object/layer_-1_loss_bbox: 4.0662, stats/object/matched_ious: 0.1037, loss: 6.3770, grad_norm: 12.8537
2024-08-29 10:41:15,411 - mmdet3d - INFO - Epoch [1][400/12497]	lr: 1.731e-04, eta: 20:32:27, time: 0.527, data_time: 0.171, memory: 5229, loss/object/loss_heatmap: 1.9641, loss/object/layer_-1_loss_cls: 0.2668, loss/object/layer_-1_loss_bbox: 3.8312, stats/object/matched_ious: 0.1137, loss: 6.0620, grad_norm: 10.6042
2024-08-29 10:41:40,865 - mmdet3d - INFO - Epoch [1][450/12497]	lr: 1.864e-04, eta: 20:12:28, time: 0.509, data_time: 0.141, memory: 5229, loss/object/loss_heatmap: 1.9990, loss/object/layer_-1_loss_cls: 0.2540, loss/object/layer_-1_loss_bbox: 4.5006, stats/object/matched_ious: 0.0989, loss: 6.7536, grad_norm: 9.5997
2024-08-29 10:42:16,950 - mmdet3d - INFO - Epoch [1][500/12497]	lr: 1.997e-04, eta: 20:40:29, time: 0.722, data_time: 0.303, memory: 5229, loss/object/loss_heatmap: 1.9900, loss/object/layer_-1_loss_cls: 0.2274, loss/object/layer_-1_loss_bbox: 4.2781, stats/object/matched_ious: 0.1042, loss: 6.4956, grad_norm: 9.2199
2024-08-29 10:43:27,762 - mmdet3d - INFO - Epoch [1][550/12497]	lr: 2.000e-04, eta: 23:14:15, time: 1.416, data_time: 0.816, memory: 5229, loss/object/loss_heatmap: 1.9292, loss/object/layer_-1_loss_cls: 0.2205, loss/object/layer_-1_loss_bbox: 3.6857, stats/object/matched_ious: 0.1089, loss: 5.8353, grad_norm: 9.6414
2024-08-29 10:44:39,008 - mmdet3d - INFO - Epoch [1][600/12497]	lr: 2.000e-04, eta: 1 day, 1:23:41, time: 1.425, data_time: 0.845, memory: 5229, loss/object/loss_heatmap: 2.0535, loss/object/layer_-1_loss_cls: 0.2071, loss/object/layer_-1_loss_bbox: 4.6233, stats/object/matched_ious: 0.0957, loss: 6.8838, grad_norm: 9.4240
2024-08-29 10:45:48,507 - mmdet3d - INFO - Epoch [1][650/12497]	lr: 2.000e-04, eta: 1 day, 3:07:27, time: 1.390, data_time: 0.793, memory: 5229, loss/object/loss_heatmap: 1.8991, loss/object/layer_-1_loss_cls: 0.2065, loss/object/layer_-1_loss_bbox: 3.7219, stats/object/matched_ious: 0.1125, loss: 5.8275, grad_norm: 8.2862
2024-08-29 10:46:59,656 - mmdet3d - INFO - Epoch [1][700/12497]	lr: 2.000e-04, eta: 1 day, 4:41:07, time: 1.423, data_time: 0.831, memory: 5229, loss/object/loss_heatmap: 1.8213, loss/object/layer_-1_loss_cls: 0.1996, loss/object/layer_-1_loss_bbox: 3.4958, stats/object/matched_ious: 0.1155, loss: 5.5167, grad_norm: 8.0865
2024-08-29 10:48:03,097 - mmdet3d - INFO - Epoch [1][750/12497]	lr: 2.000e-04, eta: 1 day, 5:40:51, time: 1.269, data_time: 0.695, memory: 5229, loss/object/loss_heatmap: 1.9034, loss/object/layer_-1_loss_cls: 0.2024, loss/object/layer_-1_loss_bbox: 4.0689, stats/object/matched_ious: 0.1119, loss: 6.1747, grad_norm: 9.4137
2024-08-29 10:49:15,624 - mmdet3d - INFO - Epoch [1][800/12497]	lr: 2.000e-04, eta: 1 day, 6:56:29, time: 1.451, data_time: 0.862, memory: 5229, loss/object/loss_heatmap: 1.9544, loss/object/layer_-1_loss_cls: 0.1981, loss/object/layer_-1_loss_bbox: 4.2487, stats/object/matched_ious: 0.1057, loss: 6.4012, grad_norm: 9.0020
2024-08-29 10:50:46,099 - mmdet3d - INFO - Epoch [1][850/12497]	lr: 2.000e-04, eta: 1 day, 8:46:46, time: 1.809, data_time: 1.204, memory: 5229, loss/object/loss_heatmap: 1.8712, loss/object/layer_-1_loss_cls: 0.2105, loss/object/layer_-1_loss_bbox: 3.5743, stats/object/matched_ious: 0.1101, loss: 5.6561, grad_norm: 9.3183
2024-08-29 10:52:26,952 - mmdet3d - INFO - Epoch [1][900/12497]	lr: 2.000e-04, eta: 1 day, 10:48:28, time: 2.017, data_time: 1.422, memory: 5229, loss/object/loss_heatmap: 1.8637, loss/object/layer_-1_loss_cls: 0.2069, loss/object/layer_-1_loss_bbox: 4.0129, stats/object/matched_ious: 0.1234, loss: 6.0835, grad_norm: 8.1474
2024-08-29 10:54:31,853 - mmdet3d - INFO - Epoch [1][950/12497]	lr: 2.000e-04, eta: 1 day, 13:29:31, time: 2.498, data_time: 1.879, memory: 5229, loss/object/loss_heatmap: 1.7105, loss/object/layer_-1_loss_cls: 0.1823, loss/object/layer_-1_loss_bbox: 3.6715, stats/object/matched_ious: 0.1319, loss: 5.5642, grad_norm: 7.4466
2024-08-29 10:57:27,847 - mmdet3d - INFO - Epoch [1][1000/12497]	lr: 2.000e-04, eta: 1 day, 17:39:48, time: 3.520, data_time: 2.905, memory: 5229, loss/object/loss_heatmap: 1.8348, loss/object/layer_-1_loss_cls: 0.1885, loss/object/layer_-1_loss_bbox: 4.6292, stats/object/matched_ious: 0.1193, loss: 6.6526, grad_norm: 7.9006
2024-08-29 11:01:22,444 - mmdet3d - INFO - Epoch [1][1050/12497]	lr: 2.000e-04, eta: 1 day, 23:21:15, time: 4.692, data_time: 4.069, memory: 5229, loss/object/loss_heatmap: 1.7889, loss/object/layer_-1_loss_cls: 0.1917, loss/object/layer_-1_loss_bbox: 3.7618, stats/object/matched_ious: 0.1255, loss: 5.7424, grad_norm: 7.3509
2024-08-29 11:05:32,308 - mmdet3d - INFO - Epoch [1][1100/12497]	lr: 2.000e-04, eta: 2 days, 4:59:58, time: 4.997, data_time: 4.373, memory: 5229, loss/object/loss_heatmap: 1.8336, loss/object/layer_-1_loss_cls: 0.2080, loss/object/layer_-1_loss_bbox: 3.9016, stats/object/matched_ious: 0.1081, loss: 5.9433, grad_norm: 8.1008
2024-08-29 11:09:30,111 - mmdet3d - INFO - Epoch [1][1150/12497]	lr: 2.000e-04, eta: 2 days, 9:47:13, time: 4.756, data_time: 4.146, memory: 5229, loss/object/loss_heatmap: 1.9392, loss/object/layer_-1_loss_cls: 0.1989, loss/object/layer_-1_loss_bbox: 4.0991, stats/object/matched_ious: 0.1106, loss: 6.2372, grad_norm: 8.8503
2024-08-29 11:12:56,217 - mmdet3d - INFO - Epoch [1][1200/12497]	lr: 2.000e-04, eta: 2 days, 13:15:42, time: 4.122, data_time: 3.519, memory: 5229, loss/object/loss_heatmap: 1.8022, loss/object/layer_-1_loss_cls: 0.1964, loss/object/layer_-1_loss_bbox: 3.4568, stats/object/matched_ious: 0.1316, loss: 5.4553, grad_norm: 8.0962
2024-08-29 11:15:45,040 - mmdet3d - INFO - Epoch [1][1250/12497]	lr: 2.000e-04, eta: 2 days, 15:25:44, time: 3.376, data_time: 2.763, memory: 5229, loss/object/loss_heatmap: 1.8165, loss/object/layer_-1_loss_cls: 0.1963, loss/object/layer_-1_loss_bbox: 3.6885, stats/object/matched_ious: 0.1146, loss: 5.7013, grad_norm: 8.6069
2024-08-29 11:18:24,252 - mmdet3d - INFO - Epoch [1][1300/12497]	lr: 2.000e-04, eta: 2 days, 17:10:19, time: 3.184, data_time: 2.576, memory: 5229, loss/object/loss_heatmap: 1.8686, loss/object/layer_-1_loss_cls: 0.1927, loss/object/layer_-1_loss_bbox: 3.9202, stats/object/matched_ious: 0.1186, loss: 5.9816, grad_norm: 7.8057
2024-08-29 11:20:30,049 - mmdet3d - INFO - Epoch [1][1350/12497]	lr: 2.000e-04, eta: 2 days, 17:55:57, time: 2.516, data_time: 1.904, memory: 5229, loss/object/loss_heatmap: 1.8001, loss/object/layer_-1_loss_cls: 0.1781, loss/object/layer_-1_loss_bbox: 3.9250, stats/object/matched_ious: 0.1176, loss: 5.9033, grad_norm: 6.9321
2024-08-29 11:22:27,691 - mmdet3d - INFO - Epoch [1][1400/12497]	lr: 2.000e-04, eta: 2 days, 18:26:11, time: 2.353, data_time: 1.755, memory: 5229, loss/object/loss_heatmap: 1.8542, loss/object/layer_-1_loss_cls: 0.1960, loss/object/layer_-1_loss_bbox: 3.9311, stats/object/matched_ious: 0.1337, loss: 5.9813, grad_norm: 9.4735
2024-08-29 11:24:23,169 - mmdet3d - INFO - Epoch [1][1450/12497]	lr: 2.000e-04, eta: 2 days, 18:51:08, time: 2.310, data_time: 1.694, memory: 5229, loss/object/loss_heatmap: 1.8332, loss/object/layer_-1_loss_cls: 0.1884, loss/object/layer_-1_loss_bbox: 4.1406, stats/object/matched_ious: 0.1213, loss: 6.1621, grad_norm: 7.7997
