2024-08-28 20:42:14,774 - mmdet3d - INFO - Config:
seed = 0
deterministic = False
checkpoint_config = dict(interval=1, max_keep_ckpts=1)
log_config = dict(
    interval=50,
    hooks=[dict(type='TextLoggerHook'),
           dict(type='TensorboardLoggerHook')])
load_from = None
resume_from = None
cudnn_benchmark = False
fp16 = dict(loss_scale=dict(growth_interval=2000))
max_epochs = 10
runner = dict(type='CustomEpochBasedRunner', max_epochs=10)
dataset_type = 'NuScenesDataset'
dataset_root = '/scratch/jmeng18/V2X-SIM/'
gt_paste_stop_epoch = -1
reduce_beams = 32
load_dim = 5
use_dim = 5
load_augmented = None
point_cloud_range = [-108.0, -108.0, -10.0, 108.0, 108.0, 6.0]
voxel_size = [0.15, 0.15, 0.4]
image_size = [256, 704]
augment2d = dict(
    resize=[[0.38, 0.55], [0.48, 0.48]],
    rotate=[-5.4, 5.4],
    gridmask=dict(prob=0.0, fixed_prob=True))
augment3d = dict(
    scale=[0.9, 1.1], rotate=[-0.78539816, 0.78539816], translate=0.5)
object_classes = ['car', 'motorcycle']
map_classes = [
    'drivable_area', 'ped_crossing', 'walkway', 'stop_line', 'carpark_area'
]
input_modality = dict(
    use_lidar=True,
    use_camera=True,
    use_radar=False,
    use_map=False,
    use_external=False)
train_pipeline = [
    dict(type='LoadMultiViewImageFromFiles', to_float32=True),
    dict(
        type='LoadPointsFromFile',
        coord_type='LIDAR',
        load_dim=5,
        use_dim=5,
        reduce_beams=32,
        load_augmented=None),
    dict(
        type='LoadPointsFromMultiSweeps',
        sweeps_num=0,
        load_dim=5,
        use_dim=5,
        reduce_beams=32,
        pad_empty_sweeps=True,
        remove_close=True,
        load_augmented=None),
    dict(
        type='LoadAnnotations3D',
        with_bbox_3d=True,
        with_label_3d=True,
        with_attr_label=False),
    dict(
        type='ObjectPaste',
        stop_epoch=-1,
        db_sampler=dict(
            dataset_root='/scratch/jmeng18/V2X-SIM/',
            info_path='/scratch/jmeng18/V2X-SIM/nuscenes_dbinfos_train.pkl',
            rate=1.0,
            prepare=dict(
                filter_by_difficulty=[-1],
                filter_by_min_points=dict(car=5, motorcycle=5)),
            classes=['car', 'motorcycle'],
            sample_groups=dict(car=2, motorcycle=6),
            points_loader=dict(
                type='LoadPointsFromFile',
                coord_type='LIDAR',
                load_dim=5,
                use_dim=5,
                reduce_beams=32))),
    dict(
        type='ImageAug3D',
        final_dim=[256, 704],
        resize_lim=[0.38, 0.55],
        bot_pct_lim=[0.0, 0.0],
        rot_lim=[-5.4, 5.4],
        rand_flip=True,
        is_train=True),
    dict(
        type='GlobalRotScaleTrans',
        resize_lim=[0.9, 1.1],
        rot_lim=[-0.78539816, 0.78539816],
        trans_lim=0.5,
        is_train=True),
    dict(type='RandomFlip3D'),
    dict(
        type='PointsRangeFilter',
        point_cloud_range=[-108.0, -108.0, -10.0, 108.0, 108.0, 6.0]),
    dict(
        type='ObjectRangeFilter',
        point_cloud_range=[-108.0, -108.0, -10.0, 108.0, 108.0, 6.0]),
    dict(type='ObjectNameFilter', classes=['car', 'motorcycle']),
    dict(
        type='ImageNormalize',
        mean=[0.485, 0.456, 0.406],
        std=[0.229, 0.224, 0.225]),
    dict(
        type='GridMask',
        use_h=True,
        use_w=True,
        max_epoch=10,
        rotate=1,
        offset=False,
        ratio=0.5,
        mode=1,
        prob=0.0,
        fixed_prob=True),
    dict(type='PointShuffle'),
    dict(type='DefaultFormatBundle3D', classes=['car', 'motorcycle']),
    dict(
        type='Collect3D',
        keys=['img', 'points', 'gt_bboxes_3d', 'gt_labels_3d'],
        meta_keys=[
            'camera_intrinsics', 'camera2ego', 'lidar2ego', 'lidar2camera',
            'lidar2image', 'camera2lidar', 'img_aug_matrix', 'lidar_aug_matrix'
        ]),
    dict(type='GTDepth', keyframe_only=True)
]
test_pipeline = [
    dict(type='LoadMultiViewImageFromFiles', to_float32=True),
    dict(
        type='LoadPointsFromFile',
        coord_type='LIDAR',
        load_dim=5,
        use_dim=5,
        reduce_beams=32,
        load_augmented=None),
    dict(
        type='LoadPointsFromMultiSweeps',
        sweeps_num=9,
        load_dim=5,
        use_dim=5,
        reduce_beams=32,
        pad_empty_sweeps=True,
        remove_close=True,
        load_augmented=None),
    dict(
        type='LoadAnnotations3D',
        with_bbox_3d=True,
        with_label_3d=True,
        with_attr_label=False),
    dict(
        type='ImageAug3D',
        final_dim=[256, 704],
        resize_lim=[0.48, 0.48],
        bot_pct_lim=[0.0, 0.0],
        rot_lim=[0.0, 0.0],
        rand_flip=False,
        is_train=False),
    dict(
        type='GlobalRotScaleTrans',
        resize_lim=[1.0, 1.0],
        rot_lim=[0.0, 0.0],
        trans_lim=0.0,
        is_train=False),
    dict(
        type='PointsRangeFilter',
        point_cloud_range=[-108.0, -108.0, -10.0, 108.0, 108.0, 6.0]),
    dict(
        type='ImageNormalize',
        mean=[0.485, 0.456, 0.406],
        std=[0.229, 0.224, 0.225]),
    dict(type='DefaultFormatBundle3D', classes=['car', 'motorcycle']),
    dict(
        type='Collect3D',
        keys=['img', 'points', 'gt_bboxes_3d', 'gt_labels_3d'],
        meta_keys=[
            'camera_intrinsics', 'camera2ego', 'lidar2ego', 'lidar2camera',
            'lidar2image', 'camera2lidar', 'img_aug_matrix', 'lidar_aug_matrix'
        ]),
    dict(type='GTDepth', keyframe_only=True)
]
data = dict(
    samples_per_gpu=1,
    workers_per_gpu=1,
    train=dict(
        type='CBGSDataset',
        dataset=dict(
            type='NuScenesDataset',
            dataset_root='/scratch/jmeng18/V2X-SIM/',
            ann_file='/scratch/jmeng18/V2X-SIM/nuscenes_infos_train.pkl',
            pipeline=[
                dict(type='LoadMultiViewImageFromFiles', to_float32=True),
                dict(
                    type='LoadPointsFromFile',
                    coord_type='LIDAR',
                    load_dim=5,
                    use_dim=5,
                    reduce_beams=32,
                    load_augmented=None),
                dict(
                    type='LoadPointsFromMultiSweeps',
                    sweeps_num=0,
                    load_dim=5,
                    use_dim=5,
                    reduce_beams=32,
                    pad_empty_sweeps=True,
                    remove_close=True,
                    load_augmented=None),
                dict(
                    type='LoadAnnotations3D',
                    with_bbox_3d=True,
                    with_label_3d=True,
                    with_attr_label=False),
                dict(
                    type='ObjectPaste',
                    stop_epoch=-1,
                    db_sampler=dict(
                        dataset_root='/scratch/jmeng18/V2X-SIM/',
                        info_path=
                        '/scratch/jmeng18/V2X-SIM/nuscenes_dbinfos_train.pkl',
                        rate=1.0,
                        prepare=dict(
                            filter_by_difficulty=[-1],
                            filter_by_min_points=dict(car=5, motorcycle=5)),
                        classes=['car', 'motorcycle'],
                        sample_groups=dict(car=2, motorcycle=6),
                        points_loader=dict(
                            type='LoadPointsFromFile',
                            coord_type='LIDAR',
                            load_dim=5,
                            use_dim=5,
                            reduce_beams=32))),
                dict(
                    type='ImageAug3D',
                    final_dim=[256, 704],
                    resize_lim=[0.38, 0.55],
                    bot_pct_lim=[0.0, 0.0],
                    rot_lim=[-5.4, 5.4],
                    rand_flip=True,
                    is_train=True),
                dict(
                    type='GlobalRotScaleTrans',
                    resize_lim=[0.9, 1.1],
                    rot_lim=[-0.78539816, 0.78539816],
                    trans_lim=0.5,
                    is_train=True),
                dict(type='RandomFlip3D'),
                dict(
                    type='PointsRangeFilter',
                    point_cloud_range=[
                        -108.0, -108.0, -10.0, 108.0, 108.0, 6.0
                    ]),
                dict(
                    type='ObjectRangeFilter',
                    point_cloud_range=[
                        -108.0, -108.0, -10.0, 108.0, 108.0, 6.0
                    ]),
                dict(type='ObjectNameFilter', classes=['car', 'motorcycle']),
                dict(
                    type='ImageNormalize',
                    mean=[0.485, 0.456, 0.406],
                    std=[0.229, 0.224, 0.225]),
                dict(
                    type='GridMask',
                    use_h=True,
                    use_w=True,
                    max_epoch=10,
                    rotate=1,
                    offset=False,
                    ratio=0.5,
                    mode=1,
                    prob=0.0,
                    fixed_prob=True),
                dict(type='PointShuffle'),
                dict(
                    type='DefaultFormatBundle3D',
                    classes=['car', 'motorcycle']),
                dict(
                    type='Collect3D',
                    keys=['img', 'points', 'gt_bboxes_3d', 'gt_labels_3d'],
                    meta_keys=[
                        'camera_intrinsics', 'camera2ego', 'lidar2ego',
                        'lidar2camera', 'lidar2image', 'camera2lidar',
                        'img_aug_matrix', 'lidar_aug_matrix'
                    ]),
                dict(type='GTDepth', keyframe_only=True)
            ],
            object_classes=['car', 'motorcycle'],
            map_classes=[
                'drivable_area', 'ped_crossing', 'walkway', 'stop_line',
                'carpark_area'
            ],
            modality=dict(
                use_lidar=True,
                use_camera=True,
                use_radar=False,
                use_map=False,
                use_external=False),
            test_mode=False,
            use_valid_flag=True,
            box_type_3d='LiDAR')),
    val=dict(
        type='NuScenesDataset',
        dataset_root='/scratch/jmeng18/V2X-SIM/',
        ann_file='/scratch/jmeng18/V2X-SIM/nuscenes_infos_val.pkl',
        pipeline=[
            dict(type='LoadMultiViewImageFromFiles', to_float32=True),
            dict(
                type='LoadPointsFromFile',
                coord_type='LIDAR',
                load_dim=5,
                use_dim=5,
                reduce_beams=32,
                load_augmented=None),
            dict(
                type='LoadPointsFromMultiSweeps',
                sweeps_num=9,
                load_dim=5,
                use_dim=5,
                reduce_beams=32,
                pad_empty_sweeps=True,
                remove_close=True,
                load_augmented=None),
            dict(
                type='LoadAnnotations3D',
                with_bbox_3d=True,
                with_label_3d=True,
                with_attr_label=False),
            dict(
                type='ImageAug3D',
                final_dim=[256, 704],
                resize_lim=[0.48, 0.48],
                bot_pct_lim=[0.0, 0.0],
                rot_lim=[0.0, 0.0],
                rand_flip=False,
                is_train=False),
            dict(
                type='GlobalRotScaleTrans',
                resize_lim=[1.0, 1.0],
                rot_lim=[0.0, 0.0],
                trans_lim=0.0,
                is_train=False),
            dict(
                type='PointsRangeFilter',
                point_cloud_range=[-108.0, -108.0, -10.0, 108.0, 108.0, 6.0]),
            dict(
                type='ImageNormalize',
                mean=[0.485, 0.456, 0.406],
                std=[0.229, 0.224, 0.225]),
            dict(type='DefaultFormatBundle3D', classes=['car', 'motorcycle']),
            dict(
                type='Collect3D',
                keys=['img', 'points', 'gt_bboxes_3d', 'gt_labels_3d'],
                meta_keys=[
                    'camera_intrinsics', 'camera2ego', 'lidar2ego',
                    'lidar2camera', 'lidar2image', 'camera2lidar',
                    'img_aug_matrix', 'lidar_aug_matrix'
                ]),
            dict(type='GTDepth', keyframe_only=True)
        ],
        object_classes=['car', 'motorcycle'],
        map_classes=[
            'drivable_area', 'ped_crossing', 'walkway', 'stop_line',
            'carpark_area'
        ],
        modality=dict(
            use_lidar=True,
            use_camera=True,
            use_radar=False,
            use_map=False,
            use_external=False),
        test_mode=False,
        box_type_3d='LiDAR'),
    test=dict(
        type='NuScenesDataset',
        dataset_root='/scratch/jmeng18/V2X-SIM/',
        ann_file='/scratch/jmeng18/V2X-SIM/nuscenes_infos_val.pkl',
        pipeline=[
            dict(type='LoadMultiViewImageFromFiles', to_float32=True),
            dict(
                type='LoadPointsFromFile',
                coord_type='LIDAR',
                load_dim=5,
                use_dim=5,
                reduce_beams=32,
                load_augmented=None),
            dict(
                type='LoadPointsFromMultiSweeps',
                sweeps_num=9,
                load_dim=5,
                use_dim=5,
                reduce_beams=32,
                pad_empty_sweeps=True,
                remove_close=True,
                load_augmented=None),
            dict(
                type='LoadAnnotations3D',
                with_bbox_3d=True,
                with_label_3d=True,
                with_attr_label=False),
            dict(
                type='ImageAug3D',
                final_dim=[256, 704],
                resize_lim=[0.48, 0.48],
                bot_pct_lim=[0.0, 0.0],
                rot_lim=[0.0, 0.0],
                rand_flip=False,
                is_train=False),
            dict(
                type='GlobalRotScaleTrans',
                resize_lim=[1.0, 1.0],
                rot_lim=[0.0, 0.0],
                trans_lim=0.0,
                is_train=False),
            dict(
                type='PointsRangeFilter',
                point_cloud_range=[-108.0, -108.0, -10.0, 108.0, 108.0, 6.0]),
            dict(
                type='ImageNormalize',
                mean=[0.485, 0.456, 0.406],
                std=[0.229, 0.224, 0.225]),
            dict(type='DefaultFormatBundle3D', classes=['car', 'motorcycle']),
            dict(
                type='Collect3D',
                keys=['img', 'points', 'gt_bboxes_3d', 'gt_labels_3d'],
                meta_keys=[
                    'camera_intrinsics', 'camera2ego', 'lidar2ego',
                    'lidar2camera', 'lidar2image', 'camera2lidar',
                    'img_aug_matrix', 'lidar_aug_matrix'
                ]),
            dict(type='GTDepth', keyframe_only=True)
        ],
        object_classes=['car', 'motorcycle'],
        map_classes=[
            'drivable_area', 'ped_crossing', 'walkway', 'stop_line',
            'carpark_area'
        ],
        modality=dict(
            use_lidar=True,
            use_camera=True,
            use_radar=False,
            use_map=False,
            use_external=False),
        test_mode=True,
        box_type_3d='LiDAR'))
evaluation = dict(
    interval=1,
    pipeline=[
        dict(type='LoadMultiViewImageFromFiles', to_float32=True),
        dict(
            type='LoadPointsFromFile',
            coord_type='LIDAR',
            load_dim=5,
            use_dim=5,
            reduce_beams=32,
            load_augmented=None),
        dict(
            type='LoadPointsFromMultiSweeps',
            sweeps_num=9,
            load_dim=5,
            use_dim=5,
            reduce_beams=32,
            pad_empty_sweeps=True,
            remove_close=True,
            load_augmented=None),
        dict(
            type='LoadAnnotations3D',
            with_bbox_3d=True,
            with_label_3d=True,
            with_attr_label=False),
        dict(
            type='ImageAug3D',
            final_dim=[256, 704],
            resize_lim=[0.48, 0.48],
            bot_pct_lim=[0.0, 0.0],
            rot_lim=[0.0, 0.0],
            rand_flip=False,
            is_train=False),
        dict(
            type='GlobalRotScaleTrans',
            resize_lim=[1.0, 1.0],
            rot_lim=[0.0, 0.0],
            trans_lim=0.0,
            is_train=False),
        dict(
            type='PointsRangeFilter',
            point_cloud_range=[-108.0, -108.0, -10.0, 108.0, 108.0, 6.0]),
        dict(
            type='ImageNormalize',
            mean=[0.485, 0.456, 0.406],
            std=[0.229, 0.224, 0.225]),
        dict(type='DefaultFormatBundle3D', classes=['car', 'motorcycle']),
        dict(
            type='Collect3D',
            keys=['img', 'points', 'gt_bboxes_3d', 'gt_labels_3d'],
            meta_keys=[
                'camera_intrinsics', 'camera2ego', 'lidar2ego', 'lidar2camera',
                'lidar2image', 'camera2lidar', 'img_aug_matrix',
                'lidar_aug_matrix'
            ]),
        dict(type='GTDepth', keyframe_only=True)
    ])
radar_sweeps = 6
radar_max_points = 2500
radar_use_dims = [
    0, 1, 2, 5, 8, 9, 18, 19, 20, 21, 22, 23, 24, 25, 26, 27, 28, 29, 30, 31,
    32, 33, 34, 35, 36, 37, 38, 39, 40, 41, 42, 43, 44, 45, 46, 47, 48, 49, 50,
    51, 52, 53, 54, 55, 56
]
radar_compensate_velocity = True
radar_filtering = 'none'
radar_voxel_size = [0.8, 0.8, 8]
radar_jitter = 0
radar_normalize = False
model = dict(
    type='BEVFusion',
    encoders=dict(
        camera=dict(
            neck=dict(
                type='GeneralizedLSSFPN',
                in_channels=[192, 384, 768],
                out_channels=256,
                start_level=0,
                num_outs=3,
                norm_cfg=dict(type='BN2d', requires_grad=True),
                act_cfg=dict(type='ReLU', inplace=True),
                upsample_cfg=dict(mode='bilinear', align_corners=False)),
            vtransform=dict(
                type='DepthLSSTransform',
                in_channels=256,
                out_channels=80,
                image_size=[256, 704],
                feature_size=[32, 88],
                xbound=[-108.0, 108.0, 0.6],
                ybound=[-108.0, 108.0, 0.6],
                zbound=[-10.0, 10.0, 20.0],
                dbound=[1.0, 60.0, 0.5],
                downsample=2),
            backbone=dict(
                type='SwinTransformer',
                embed_dims=96,
                depths=[2, 2, 6, 2],
                num_heads=[3, 6, 12, 24],
                window_size=7,
                mlp_ratio=4,
                qkv_bias=True,
                qk_scale=None,
                drop_rate=0.0,
                attn_drop_rate=0.0,
                drop_path_rate=0.2,
                patch_norm=True,
                out_indices=[1, 2, 3],
                with_cp=False,
                convert_weights=True,
                init_cfg=dict(
                    type='Pretrained',
                    checkpoint=
                    'https://github.com/SwinTransformer/storage/releases/download/v1.0.0/swin_tiny_patch4_window7_224.pth'
                ))),
        lidar=dict(
            voxelize=dict(
                max_num_points=10,
                point_cloud_range=[-108.0, -108.0, -10.0, 108.0, 108.0, 6.0],
                voxel_size=[0.15, 0.15, 0.4],
                max_voxels=[120000, 160000]),
            backbone=dict(
                type='SparseEncoder',
                in_channels=5,
                sparse_shape=[1440, 1440, 41],
                output_channels=128,
                order=['conv', 'norm', 'act'],
                encoder_channels=[[16, 16, 32], [32, 32, 64], [64, 64, 128],
                                  [128, 128]],
                encoder_paddings=[[0, 0, 1], [0, 0, 1], [0, 0, [1, 1, 0]],
                                  [0, 0]],
                block_type='basicblock'))),
    fuser=dict(type='ConvFuser', in_channels=[80, 256], out_channels=256),
    heads=dict(
        map=None,
        object=dict(
            type='TransFusionHead',
            num_proposals=200,
            auxiliary=True,
            in_channels=512,
            hidden_channel=128,
            num_classes=2,
            num_decoder_layers=1,
            num_heads=8,
            nms_kernel_size=3,
            ffn_channel=256,
            dropout=0.1,
            bn_momentum=0.1,
            activation='relu',
            train_cfg=dict(
                dataset='nuScenes',
                point_cloud_range=[-108.0, -108.0, -10.0, 108.0, 108.0, 6.0],
                grid_size=[1440, 1440, 41],
                voxel_size=[0.15, 0.15, 0.4],
                out_size_factor=8,
                gaussian_overlap=0.1,
                min_radius=2,
                pos_weight=-1,
                code_weights=[1.0, 1.0, 1.0, 1.0, 1.0, 1.0, 1.0, 1.0],
                assigner=dict(
                    type='HungarianAssigner3D',
                    iou_calculator=dict(
                        type='BboxOverlaps3D', coordinate='lidar'),
                    cls_cost=dict(
                        type='FocalLossCost',
                        gamma=2.0,
                        alpha=0.25,
                        weight=0.15),
                    reg_cost=dict(type='BBoxBEVL1Cost', weight=0.25),
                    iou_cost=dict(type='IoU3DCost', weight=0.25))),
            test_cfg=dict(
                dataset='nuScenes',
                grid_size=[1440, 1440, 41],
                out_size_factor=8,
                voxel_size=[0.15, 0.15],
                pc_range=[-108.0, -108.0],
                nms_type=None),
            common_heads=dict(
                center=[2, 2],
                height=[1, 2],
                dim=[3, 2],
                rot=[2, 2],
                vel=[2, 2]),
            bbox_coder=dict(
                type='TransFusionBBoxCoder',
                pc_range=[-108.0, -108.0],
                post_center_range=[-61.2, -61.2, -10.0, 61.2, 61.2, 10.0],
                score_threshold=0.0,
                out_size_factor=8,
                voxel_size=[0.15, 0.15]),
            loss_cls=dict(
                type='FocalLoss',
                use_sigmoid=True,
                gamma=2.0,
                alpha=0.25,
                reduction='mean',
                loss_weight=1.0),
            loss_heatmap=dict(
                type='GaussianFocalLoss', reduction='mean', loss_weight=1.0),
            loss_bbox=dict(type='L1Loss', reduction='mean',
                           loss_weight=0.25))),
    decoder=dict(
        backbone=dict(
            type='SECOND',
            in_channels=256,
            out_channels=[128, 256],
            layer_nums=[5, 5],
            layer_strides=[1, 2],
            norm_cfg=dict(type='BN', eps=0.001, momentum=0.01),
            conv_cfg=dict(type='Conv2d', bias=False)),
        neck=dict(
            type='SECONDFPN',
            in_channels=[128, 256],
            out_channels=[256, 256],
            upsample_strides=[1, 2],
            norm_cfg=dict(type='BN', eps=0.001, momentum=0.01),
            upsample_cfg=dict(type='deconv', bias=False),
            use_conv_for_no_stride=True)))
optimizer = dict(type='AdamW', lr=0.0002, weight_decay=0.01)
optimizer_config = dict(grad_clip=dict(max_norm=35, norm_type=2))
lr_config = dict(
    policy='CosineAnnealing',
    warmup='linear',
    warmup_iters=500,
    warmup_ratio=0.33333333,
    min_lr_ratio=1e-07)
momentum_config = dict(policy='cyclic')
run_dir = 'train_result_base_long_full'

2024-08-28 20:42:14,775 - mmdet3d - INFO - Set random seed to 0, deterministic mode: False
2024-08-28 20:42:20,158 - mmdet3d - INFO - load 262672 car database infos
2024-08-28 20:42:20,158 - mmdet3d - INFO - load 123900 bicycle database infos
2024-08-28 20:42:20,158 - mmdet3d - INFO - load 31339 motorcycle database infos
2024-08-28 20:42:20,158 - mmdet3d - INFO - load 13216 vehicle.emergency.police database infos
2024-08-28 20:42:20,893 - mmdet3d - INFO - After filter database:
2024-08-28 20:42:20,893 - mmdet3d - INFO - load 123931 car database infos
2024-08-28 20:42:20,893 - mmdet3d - INFO - load 123900 bicycle database infos
2024-08-28 20:42:20,893 - mmdet3d - INFO - load 12368 motorcycle database infos
2024-08-28 20:42:20,893 - mmdet3d - INFO - load 13216 vehicle.emergency.police database infos
2024-08-28 20:42:21,480 - mmdet3d - INFO - Model:
BEVFusion(
  (encoders): ModuleDict(
    (camera): ModuleDict(
      (backbone): SwinTransformer(
        (patch_embed): PatchEmbed(
          (adap_padding): AdaptivePadding()
          (projection): Conv2d(3, 96, kernel_size=(4, 4), stride=(4, 4))
          (norm): LayerNorm((96,), eps=1e-05, elementwise_affine=True)
        )
        (drop_after_pos): Dropout(p=0.0, inplace=False)
        (stages): ModuleList(
          (0): SwinBlockSequence(
            (blocks): ModuleList(
              (0): SwinBlock(
                (norm1): LayerNorm((96,), eps=1e-05, elementwise_affine=True)
                (attn): ShiftWindowMSA(
                  (w_msa): WindowMSA(
                    (qkv): Linear(in_features=96, out_features=288, bias=True)
                    (attn_drop): Dropout(p=0.0, inplace=False)
                    (proj): Linear(in_features=96, out_features=96, bias=True)
                    (proj_drop): Dropout(p=0.0, inplace=False)
                    (softmax): Softmax(dim=-1)
                  )
                  (drop): DropPath()
                )
                (norm2): LayerNorm((96,), eps=1e-05, elementwise_affine=True)
                (ffn): FFN(
                  (activate): GELU()
                  (layers): Sequential(
                    (0): Sequential(
                      (0): Linear(in_features=96, out_features=384, bias=True)
                      (1): GELU()
                      (2): Dropout(p=0.0, inplace=False)
                    )
                    (1): Linear(in_features=384, out_features=96, bias=True)
                    (2): Dropout(p=0.0, inplace=False)
                  )
                  (dropout_layer): DropPath()
                )
              )
              (1): SwinBlock(
                (norm1): LayerNorm((96,), eps=1e-05, elementwise_affine=True)
                (attn): ShiftWindowMSA(
                  (w_msa): WindowMSA(
                    (qkv): Linear(in_features=96, out_features=288, bias=True)
                    (attn_drop): Dropout(p=0.0, inplace=False)
                    (proj): Linear(in_features=96, out_features=96, bias=True)
                    (proj_drop): Dropout(p=0.0, inplace=False)
                    (softmax): Softmax(dim=-1)
                  )
                  (drop): DropPath()
                )
                (norm2): LayerNorm((96,), eps=1e-05, elementwise_affine=True)
                (ffn): FFN(
                  (activate): GELU()
                  (layers): Sequential(
                    (0): Sequential(
                      (0): Linear(in_features=96, out_features=384, bias=True)
                      (1): GELU()
                      (2): Dropout(p=0.0, inplace=False)
                    )
                    (1): Linear(in_features=384, out_features=96, bias=True)
                    (2): Dropout(p=0.0, inplace=False)
                  )
                  (dropout_layer): DropPath()
                )
              )
            )
            (downsample): PatchMerging(
              (adap_padding): AdaptivePadding()
              (sampler): Unfold(kernel_size=(2, 2), dilation=(1, 1), padding=(0, 0), stride=(2, 2))
              (norm): LayerNorm((384,), eps=1e-05, elementwise_affine=True)
              (reduction): Linear(in_features=384, out_features=192, bias=False)
            )
          )
          (1): SwinBlockSequence(
            (blocks): ModuleList(
              (0): SwinBlock(
                (norm1): LayerNorm((192,), eps=1e-05, elementwise_affine=True)
                (attn): ShiftWindowMSA(
                  (w_msa): WindowMSA(
                    (qkv): Linear(in_features=192, out_features=576, bias=True)
                    (attn_drop): Dropout(p=0.0, inplace=False)
                    (proj): Linear(in_features=192, out_features=192, bias=True)
                    (proj_drop): Dropout(p=0.0, inplace=False)
                    (softmax): Softmax(dim=-1)
                  )
                  (drop): DropPath()
                )
                (norm2): LayerNorm((192,), eps=1e-05, elementwise_affine=True)
                (ffn): FFN(
                  (activate): GELU()
                  (layers): Sequential(
                    (0): Sequential(
                      (0): Linear(in_features=192, out_features=768, bias=True)
                      (1): GELU()
                      (2): Dropout(p=0.0, inplace=False)
                    )
                    (1): Linear(in_features=768, out_features=192, bias=True)
                    (2): Dropout(p=0.0, inplace=False)
                  )
                  (dropout_layer): DropPath()
                )
              )
              (1): SwinBlock(
                (norm1): LayerNorm((192,), eps=1e-05, elementwise_affine=True)
                (attn): ShiftWindowMSA(
                  (w_msa): WindowMSA(
                    (qkv): Linear(in_features=192, out_features=576, bias=True)
                    (attn_drop): Dropout(p=0.0, inplace=False)
                    (proj): Linear(in_features=192, out_features=192, bias=True)
                    (proj_drop): Dropout(p=0.0, inplace=False)
                    (softmax): Softmax(dim=-1)
                  )
                  (drop): DropPath()
                )
                (norm2): LayerNorm((192,), eps=1e-05, elementwise_affine=True)
                (ffn): FFN(
                  (activate): GELU()
                  (layers): Sequential(
                    (0): Sequential(
                      (0): Linear(in_features=192, out_features=768, bias=True)
                      (1): GELU()
                      (2): Dropout(p=0.0, inplace=False)
                    )
                    (1): Linear(in_features=768, out_features=192, bias=True)
                    (2): Dropout(p=0.0, inplace=False)
                  )
                  (dropout_layer): DropPath()
                )
              )
            )
            (downsample): PatchMerging(
              (adap_padding): AdaptivePadding()
              (sampler): Unfold(kernel_size=(2, 2), dilation=(1, 1), padding=(0, 0), stride=(2, 2))
              (norm): LayerNorm((768,), eps=1e-05, elementwise_affine=True)
              (reduction): Linear(in_features=768, out_features=384, bias=False)
            )
          )
          (2): SwinBlockSequence(
            (blocks): ModuleList(
              (0): SwinBlock(
                (norm1): LayerNorm((384,), eps=1e-05, elementwise_affine=True)
                (attn): ShiftWindowMSA(
                  (w_msa): WindowMSA(
                    (qkv): Linear(in_features=384, out_features=1152, bias=True)
                    (attn_drop): Dropout(p=0.0, inplace=False)
                    (proj): Linear(in_features=384, out_features=384, bias=True)
                    (proj_drop): Dropout(p=0.0, inplace=False)
                    (softmax): Softmax(dim=-1)
                  )
                  (drop): DropPath()
                )
                (norm2): LayerNorm((384,), eps=1e-05, elementwise_affine=True)
                (ffn): FFN(
                  (activate): GELU()
                  (layers): Sequential(
                    (0): Sequential(
                      (0): Linear(in_features=384, out_features=1536, bias=True)
                      (1): GELU()
                      (2): Dropout(p=0.0, inplace=False)
                    )
                    (1): Linear(in_features=1536, out_features=384, bias=True)
                    (2): Dropout(p=0.0, inplace=False)
                  )
                  (dropout_layer): DropPath()
                )
              )
              (1): SwinBlock(
                (norm1): LayerNorm((384,), eps=1e-05, elementwise_affine=True)
                (attn): ShiftWindowMSA(
                  (w_msa): WindowMSA(
                    (qkv): Linear(in_features=384, out_features=1152, bias=True)
                    (attn_drop): Dropout(p=0.0, inplace=False)
                    (proj): Linear(in_features=384, out_features=384, bias=True)
                    (proj_drop): Dropout(p=0.0, inplace=False)
                    (softmax): Softmax(dim=-1)
                  )
                  (drop): DropPath()
                )
                (norm2): LayerNorm((384,), eps=1e-05, elementwise_affine=True)
                (ffn): FFN(
                  (activate): GELU()
                  (layers): Sequential(
                    (0): Sequential(
                      (0): Linear(in_features=384, out_features=1536, bias=True)
                      (1): GELU()
                      (2): Dropout(p=0.0, inplace=False)
                    )
                    (1): Linear(in_features=1536, out_features=384, bias=True)
                    (2): Dropout(p=0.0, inplace=False)
                  )
                  (dropout_layer): DropPath()
                )
              )
              (2): SwinBlock(
                (norm1): LayerNorm((384,), eps=1e-05, elementwise_affine=True)
                (attn): ShiftWindowMSA(
                  (w_msa): WindowMSA(
                    (qkv): Linear(in_features=384, out_features=1152, bias=True)
                    (attn_drop): Dropout(p=0.0, inplace=False)
                    (proj): Linear(in_features=384, out_features=384, bias=True)
                    (proj_drop): Dropout(p=0.0, inplace=False)
                    (softmax): Softmax(dim=-1)
                  )
                  (drop): DropPath()
                )
                (norm2): LayerNorm((384,), eps=1e-05, elementwise_affine=True)
                (ffn): FFN(
                  (activate): GELU()
                  (layers): Sequential(
                    (0): Sequential(
                      (0): Linear(in_features=384, out_features=1536, bias=True)
                      (1): GELU()
                      (2): Dropout(p=0.0, inplace=False)
                    )
                    (1): Linear(in_features=1536, out_features=384, bias=True)
                    (2): Dropout(p=0.0, inplace=False)
                  )
                  (dropout_layer): DropPath()
                )
              )
              (3): SwinBlock(
                (norm1): LayerNorm((384,), eps=1e-05, elementwise_affine=True)
                (attn): ShiftWindowMSA(
                  (w_msa): WindowMSA(
                    (qkv): Linear(in_features=384, out_features=1152, bias=True)
                    (attn_drop): Dropout(p=0.0, inplace=False)
                    (proj): Linear(in_features=384, out_features=384, bias=True)
                    (proj_drop): Dropout(p=0.0, inplace=False)
                    (softmax): Softmax(dim=-1)
                  )
                  (drop): DropPath()
                )
                (norm2): LayerNorm((384,), eps=1e-05, elementwise_affine=True)
                (ffn): FFN(
                  (activate): GELU()
                  (layers): Sequential(
                    (0): Sequential(
                      (0): Linear(in_features=384, out_features=1536, bias=True)
                      (1): GELU()
                      (2): Dropout(p=0.0, inplace=False)
                    )
                    (1): Linear(in_features=1536, out_features=384, bias=True)
                    (2): Dropout(p=0.0, inplace=False)
                  )
                  (dropout_layer): DropPath()
                )
              )
              (4): SwinBlock(
                (norm1): LayerNorm((384,), eps=1e-05, elementwise_affine=True)
                (attn): ShiftWindowMSA(
                  (w_msa): WindowMSA(
                    (qkv): Linear(in_features=384, out_features=1152, bias=True)
                    (attn_drop): Dropout(p=0.0, inplace=False)
                    (proj): Linear(in_features=384, out_features=384, bias=True)
                    (proj_drop): Dropout(p=0.0, inplace=False)
                    (softmax): Softmax(dim=-1)
                  )
                  (drop): DropPath()
                )
                (norm2): LayerNorm((384,), eps=1e-05, elementwise_affine=True)
                (ffn): FFN(
                  (activate): GELU()
                  (layers): Sequential(
                    (0): Sequential(
                      (0): Linear(in_features=384, out_features=1536, bias=True)
                      (1): GELU()
                      (2): Dropout(p=0.0, inplace=False)
                    )
                    (1): Linear(in_features=1536, out_features=384, bias=True)
                    (2): Dropout(p=0.0, inplace=False)
                  )
                  (dropout_layer): DropPath()
                )
              )
              (5): SwinBlock(
                (norm1): LayerNorm((384,), eps=1e-05, elementwise_affine=True)
                (attn): ShiftWindowMSA(
                  (w_msa): WindowMSA(
                    (qkv): Linear(in_features=384, out_features=1152, bias=True)
                    (attn_drop): Dropout(p=0.0, inplace=False)
                    (proj): Linear(in_features=384, out_features=384, bias=True)
                    (proj_drop): Dropout(p=0.0, inplace=False)
                    (softmax): Softmax(dim=-1)
                  )
                  (drop): DropPath()
                )
                (norm2): LayerNorm((384,), eps=1e-05, elementwise_affine=True)
                (ffn): FFN(
                  (activate): GELU()
                  (layers): Sequential(
                    (0): Sequential(
                      (0): Linear(in_features=384, out_features=1536, bias=True)
                      (1): GELU()
                      (2): Dropout(p=0.0, inplace=False)
                    )
                    (1): Linear(in_features=1536, out_features=384, bias=True)
                    (2): Dropout(p=0.0, inplace=False)
                  )
                  (dropout_layer): DropPath()
                )
              )
            )
            (downsample): PatchMerging(
              (adap_padding): AdaptivePadding()
              (sampler): Unfold(kernel_size=(2, 2), dilation=(1, 1), padding=(0, 0), stride=(2, 2))
              (norm): LayerNorm((1536,), eps=1e-05, elementwise_affine=True)
              (reduction): Linear(in_features=1536, out_features=768, bias=False)
            )
          )
          (3): SwinBlockSequence(
            (blocks): ModuleList(
              (0): SwinBlock(
                (norm1): LayerNorm((768,), eps=1e-05, elementwise_affine=True)
                (attn): ShiftWindowMSA(
                  (w_msa): WindowMSA(
                    (qkv): Linear(in_features=768, out_features=2304, bias=True)
                    (attn_drop): Dropout(p=0.0, inplace=False)
                    (proj): Linear(in_features=768, out_features=768, bias=True)
                    (proj_drop): Dropout(p=0.0, inplace=False)
                    (softmax): Softmax(dim=-1)
                  )
                  (drop): DropPath()
                )
                (norm2): LayerNorm((768,), eps=1e-05, elementwise_affine=True)
                (ffn): FFN(
                  (activate): GELU()
                  (layers): Sequential(
                    (0): Sequential(
                      (0): Linear(in_features=768, out_features=3072, bias=True)
                      (1): GELU()
                      (2): Dropout(p=0.0, inplace=False)
                    )
                    (1): Linear(in_features=3072, out_features=768, bias=True)
                    (2): Dropout(p=0.0, inplace=False)
                  )
                  (dropout_layer): DropPath()
                )
              )
              (1): SwinBlock(
                (norm1): LayerNorm((768,), eps=1e-05, elementwise_affine=True)
                (attn): ShiftWindowMSA(
                  (w_msa): WindowMSA(
                    (qkv): Linear(in_features=768, out_features=2304, bias=True)
                    (attn_drop): Dropout(p=0.0, inplace=False)
                    (proj): Linear(in_features=768, out_features=768, bias=True)
                    (proj_drop): Dropout(p=0.0, inplace=False)
                    (softmax): Softmax(dim=-1)
                  )
                  (drop): DropPath()
                )
                (norm2): LayerNorm((768,), eps=1e-05, elementwise_affine=True)
                (ffn): FFN(
                  (activate): GELU()
                  (layers): Sequential(
                    (0): Sequential(
                      (0): Linear(in_features=768, out_features=3072, bias=True)
                      (1): GELU()
                      (2): Dropout(p=0.0, inplace=False)
                    )
                    (1): Linear(in_features=3072, out_features=768, bias=True)
                    (2): Dropout(p=0.0, inplace=False)
                  )
                  (dropout_layer): DropPath()
                )
              )
            )
          )
        )
        (norm1): LayerNorm((192,), eps=1e-05, elementwise_affine=True)
        (norm2): LayerNorm((384,), eps=1e-05, elementwise_affine=True)
        (norm3): LayerNorm((768,), eps=1e-05, elementwise_affine=True)
      )
      init_cfg={'type': 'Pretrained', 'checkpoint': 'https://github.com/SwinTransformer/storage/releases/download/v1.0.0/swin_tiny_patch4_window7_224.pth'}
      (neck): GeneralizedLSSFPN(
        (lateral_convs): ModuleList(
          (0): ConvModule(
            (conv): Conv2d(448, 256, kernel_size=(1, 1), stride=(1, 1), bias=False)
            (bn): BatchNorm2d(256, eps=1e-05, momentum=0.1, affine=True, track_running_stats=True)
            (activate): ReLU(inplace=True)
          )
          (1): ConvModule(
            (conv): Conv2d(1152, 256, kernel_size=(1, 1), stride=(1, 1), bias=False)
            (bn): BatchNorm2d(256, eps=1e-05, momentum=0.1, affine=True, track_running_stats=True)
            (activate): ReLU(inplace=True)
          )
        )
        (fpn_convs): ModuleList(
          (0): ConvModule(
            (conv): Conv2d(256, 256, kernel_size=(3, 3), stride=(1, 1), padding=(1, 1), bias=False)
            (bn): BatchNorm2d(256, eps=1e-05, momentum=0.1, affine=True, track_running_stats=True)
            (activate): ReLU(inplace=True)
          )
          (1): ConvModule(
            (conv): Conv2d(256, 256, kernel_size=(3, 3), stride=(1, 1), padding=(1, 1), bias=False)
            (bn): BatchNorm2d(256, eps=1e-05, momentum=0.1, affine=True, track_running_stats=True)
            (activate): ReLU(inplace=True)
          )
        )
      )
      (vtransform): DepthLSSTransform(
        (dtransform): Sequential(
          (0): Conv2d(1, 8, kernel_size=(1, 1), stride=(1, 1))
          (1): BatchNorm2d(8, eps=1e-05, momentum=0.1, affine=True, track_running_stats=True)
          (2): ReLU(inplace=True)
          (3): Conv2d(8, 32, kernel_size=(5, 5), stride=(4, 4), padding=(2, 2))
          (4): BatchNorm2d(32, eps=1e-05, momentum=0.1, affine=True, track_running_stats=True)
          (5): ReLU(inplace=True)
          (6): Conv2d(32, 64, kernel_size=(5, 5), stride=(2, 2), padding=(2, 2))
          (7): BatchNorm2d(64, eps=1e-05, momentum=0.1, affine=True, track_running_stats=True)
          (8): ReLU(inplace=True)
        )
        (depthnet): Sequential(
          (0): Conv2d(320, 256, kernel_size=(3, 3), stride=(1, 1), padding=(1, 1))
          (1): BatchNorm2d(256, eps=1e-05, momentum=0.1, affine=True, track_running_stats=True)
          (2): ReLU(inplace=True)
          (3): Conv2d(256, 256, kernel_size=(3, 3), stride=(1, 1), padding=(1, 1))
          (4): BatchNorm2d(256, eps=1e-05, momentum=0.1, affine=True, track_running_stats=True)
          (5): ReLU(inplace=True)
          (6): Conv2d(256, 198, kernel_size=(1, 1), stride=(1, 1))
        )
        (downsample): Sequential(
          (0): Conv2d(80, 80, kernel_size=(3, 3), stride=(1, 1), padding=(1, 1), bias=False)
          (1): BatchNorm2d(80, eps=1e-05, momentum=0.1, affine=True, track_running_stats=True)
          (2): ReLU(inplace=True)
          (3): Conv2d(80, 80, kernel_size=(3, 3), stride=(2, 2), padding=(1, 1), bias=False)
          (4): BatchNorm2d(80, eps=1e-05, momentum=0.1, affine=True, track_running_stats=True)
          (5): ReLU(inplace=True)
          (6): Conv2d(80, 80, kernel_size=(3, 3), stride=(1, 1), padding=(1, 1), bias=False)
          (7): BatchNorm2d(80, eps=1e-05, momentum=0.1, affine=True, track_running_stats=True)
          (8): ReLU(inplace=True)
        )
      )
    )
    (lidar): ModuleDict(
      (voxelize): Voxelization(voxel_size=[0.15, 0.15, 0.4], point_cloud_range=[-108.0, -108.0, -10.0, 108.0, 108.0, 6.0], max_num_points=10, max_voxels=(120000, 160000), deterministic=True)
      (backbone): SparseEncoder(
        (conv_input): SparseSequential(
          (0): SubMConv3d()
          (1): BatchNorm1d(16, eps=0.001, momentum=0.01, affine=True, track_running_stats=True)
          (2): ReLU(inplace=True)
        )
        (encoder_layers): SparseSequential(
          (encoder_layer1): SparseSequential(
            (0): SparseBasicBlock(
              (conv1): SubMConv3d()
              (bn1): BatchNorm1d(16, eps=0.001, momentum=0.01, affine=True, track_running_stats=True)
              (conv2): SubMConv3d()
              (bn2): BatchNorm1d(16, eps=0.001, momentum=0.01, affine=True, track_running_stats=True)
              (relu): ReLU(inplace=True)
            )
            (1): SparseBasicBlock(
              (conv1): SubMConv3d()
              (bn1): BatchNorm1d(16, eps=0.001, momentum=0.01, affine=True, track_running_stats=True)
              (conv2): SubMConv3d()
              (bn2): BatchNorm1d(16, eps=0.001, momentum=0.01, affine=True, track_running_stats=True)
              (relu): ReLU(inplace=True)
            )
            (2): SparseSequential(
              (0): SparseConv3d()
              (1): BatchNorm1d(32, eps=0.001, momentum=0.01, affine=True, track_running_stats=True)
              (2): ReLU(inplace=True)
            )
          )
          (encoder_layer2): SparseSequential(
            (0): SparseBasicBlock(
              (conv1): SubMConv3d()
              (bn1): BatchNorm1d(32, eps=0.001, momentum=0.01, affine=True, track_running_stats=True)
              (conv2): SubMConv3d()
              (bn2): BatchNorm1d(32, eps=0.001, momentum=0.01, affine=True, track_running_stats=True)
              (relu): ReLU(inplace=True)
            )
            (1): SparseBasicBlock(
              (conv1): SubMConv3d()
              (bn1): BatchNorm1d(32, eps=0.001, momentum=0.01, affine=True, track_running_stats=True)
              (conv2): SubMConv3d()
              (bn2): BatchNorm1d(32, eps=0.001, momentum=0.01, affine=True, track_running_stats=True)
              (relu): ReLU(inplace=True)
            )
            (2): SparseSequential(
              (0): SparseConv3d()
              (1): BatchNorm1d(64, eps=0.001, momentum=0.01, affine=True, track_running_stats=True)
              (2): ReLU(inplace=True)
            )
          )
          (encoder_layer3): SparseSequential(
            (0): SparseBasicBlock(
              (conv1): SubMConv3d()
              (bn1): BatchNorm1d(64, eps=0.001, momentum=0.01, affine=True, track_running_stats=True)
              (conv2): SubMConv3d()
              (bn2): BatchNorm1d(64, eps=0.001, momentum=0.01, affine=True, track_running_stats=True)
              (relu): ReLU(inplace=True)
            )
            (1): SparseBasicBlock(
              (conv1): SubMConv3d()
              (bn1): BatchNorm1d(64, eps=0.001, momentum=0.01, affine=True, track_running_stats=True)
              (conv2): SubMConv3d()
              (bn2): BatchNorm1d(64, eps=0.001, momentum=0.01, affine=True, track_running_stats=True)
              (relu): ReLU(inplace=True)
            )
            (2): SparseSequential(
              (0): SparseConv3d()
              (1): BatchNorm1d(128, eps=0.001, momentum=0.01, affine=True, track_running_stats=True)
              (2): ReLU(inplace=True)
            )
          )
          (encoder_layer4): SparseSequential(
            (0): SparseBasicBlock(
              (conv1): SubMConv3d()
              (bn1): BatchNorm1d(128, eps=0.001, momentum=0.01, affine=True, track_running_stats=True)
              (conv2): SubMConv3d()
              (bn2): BatchNorm1d(128, eps=0.001, momentum=0.01, affine=True, track_running_stats=True)
              (relu): ReLU(inplace=True)
            )
            (1): SparseBasicBlock(
              (conv1): SubMConv3d()
              (bn1): BatchNorm1d(128, eps=0.001, momentum=0.01, affine=True, track_running_stats=True)
              (conv2): SubMConv3d()
              (bn2): BatchNorm1d(128, eps=0.001, momentum=0.01, affine=True, track_running_stats=True)
              (relu): ReLU(inplace=True)
            )
          )
        )
        (conv_out): SparseSequential(
          (0): SparseConv3d()
          (1): BatchNorm1d(128, eps=0.001, momentum=0.01, affine=True, track_running_stats=True)
          (2): ReLU(inplace=True)
        )
      )
    )
  )
  (fuser): ConvFuser(
    (0): Conv2d(336, 256, kernel_size=(3, 3), stride=(1, 1), padding=(1, 1), bias=False)
    (1): BatchNorm2d(256, eps=1e-05, momentum=0.1, affine=True, track_running_stats=True)
    (2): ReLU(inplace=True)
  )
  (decoder): ModuleDict(
    (backbone): SECOND(
      (blocks): ModuleList(
        (0): Sequential(
          (0): Conv2d(256, 128, kernel_size=(3, 3), stride=(1, 1), padding=(1, 1), bias=False)
          (1): BatchNorm2d(128, eps=0.001, momentum=0.01, affine=True, track_running_stats=True)
          (2): ReLU(inplace=True)
          (3): Conv2d(128, 128, kernel_size=(3, 3), stride=(1, 1), padding=(1, 1), bias=False)
          (4): BatchNorm2d(128, eps=0.001, momentum=0.01, affine=True, track_running_stats=True)
          (5): ReLU(inplace=True)
          (6): Conv2d(128, 128, kernel_size=(3, 3), stride=(1, 1), padding=(1, 1), bias=False)
          (7): BatchNorm2d(128, eps=0.001, momentum=0.01, affine=True, track_running_stats=True)
          (8): ReLU(inplace=True)
          (9): Conv2d(128, 128, kernel_size=(3, 3), stride=(1, 1), padding=(1, 1), bias=False)
          (10): BatchNorm2d(128, eps=0.001, momentum=0.01, affine=True, track_running_stats=True)
          (11): ReLU(inplace=True)
          (12): Conv2d(128, 128, kernel_size=(3, 3), stride=(1, 1), padding=(1, 1), bias=False)
          (13): BatchNorm2d(128, eps=0.001, momentum=0.01, affine=True, track_running_stats=True)
          (14): ReLU(inplace=True)
          (15): Conv2d(128, 128, kernel_size=(3, 3), stride=(1, 1), padding=(1, 1), bias=False)
          (16): BatchNorm2d(128, eps=0.001, momentum=0.01, affine=True, track_running_stats=True)
          (17): ReLU(inplace=True)
        )
        (1): Sequential(
          (0): Conv2d(128, 256, kernel_size=(3, 3), stride=(2, 2), padding=(1, 1), bias=False)
          (1): BatchNorm2d(256, eps=0.001, momentum=0.01, affine=True, track_running_stats=True)
          (2): ReLU(inplace=True)
          (3): Conv2d(256, 256, kernel_size=(3, 3), stride=(1, 1), padding=(1, 1), bias=False)
          (4): BatchNorm2d(256, eps=0.001, momentum=0.01, affine=True, track_running_stats=True)
          (5): ReLU(inplace=True)
          (6): Conv2d(256, 256, kernel_size=(3, 3), stride=(1, 1), padding=(1, 1), bias=False)
          (7): BatchNorm2d(256, eps=0.001, momentum=0.01, affine=True, track_running_stats=True)
          (8): ReLU(inplace=True)
          (9): Conv2d(256, 256, kernel_size=(3, 3), stride=(1, 1), padding=(1, 1), bias=False)
          (10): BatchNorm2d(256, eps=0.001, momentum=0.01, affine=True, track_running_stats=True)
          (11): ReLU(inplace=True)
          (12): Conv2d(256, 256, kernel_size=(3, 3), stride=(1, 1), padding=(1, 1), bias=False)
          (13): BatchNorm2d(256, eps=0.001, momentum=0.01, affine=True, track_running_stats=True)
          (14): ReLU(inplace=True)
          (15): Conv2d(256, 256, kernel_size=(3, 3), stride=(1, 1), padding=(1, 1), bias=False)
          (16): BatchNorm2d(256, eps=0.001, momentum=0.01, affine=True, track_running_stats=True)
          (17): ReLU(inplace=True)
        )
      )
    )
    init_cfg={'type': 'Kaiming', 'layer': 'Conv2d'}
    (neck): SECONDFPN(
      (deblocks): ModuleList(
        (0): Sequential(
          (0): Conv2d(128, 256, kernel_size=(1, 1), stride=(1, 1), bias=False)
          (1): BatchNorm2d(256, eps=0.001, momentum=0.01, affine=True, track_running_stats=True)
          (2): ReLU(inplace=True)
        )
        (1): Sequential(
          (0): ConvTranspose2d(256, 256, kernel_size=(2, 2), stride=(2, 2), bias=False)
          (1): BatchNorm2d(256, eps=0.001, momentum=0.01, affine=True, track_running_stats=True)
          (2): ReLU(inplace=True)
        )
      )
    )
    init_cfg=[{'type': 'Kaiming', 'layer': 'ConvTranspose2d'}, {'type': 'Constant', 'layer': 'NaiveSyncBatchNorm2d', 'val': 1.0}]
  )
  (heads): ModuleDict(
    (object): TransFusionHead(
      (loss_cls): FocalLoss()
      (loss_bbox): L1Loss()
      (loss_iou): VarifocalLoss()
      (loss_heatmap): GaussianFocalLoss()
      (shared_conv): Conv2d(512, 128, kernel_size=(3, 3), stride=(1, 1), padding=(1, 1))
      (heatmap_head): Sequential(
        (0): ConvModule(
          (conv): Conv2d(128, 128, kernel_size=(3, 3), stride=(1, 1), padding=(1, 1), bias=False)
          (bn): BatchNorm2d(128, eps=1e-05, momentum=0.1, affine=True, track_running_stats=True)
          (activate): ReLU(inplace=True)
        )
        (1): Conv2d(128, 2, kernel_size=(3, 3), stride=(1, 1), padding=(1, 1))
      )
      (class_encoding): Conv1d(2, 128, kernel_size=(1,), stride=(1,))
      (decoder): ModuleList(
        (0): TransformerDecoderLayer(
          (self_attn): MultiheadAttention(
            (out_proj): Linear(in_features=128, out_features=128, bias=True)
          )
          (multihead_attn): MultiheadAttention(
            (out_proj): Linear(in_features=128, out_features=128, bias=True)
          )
          (linear1): Linear(in_features=128, out_features=256, bias=True)
          (dropout): Dropout(p=0.1, inplace=False)
          (linear2): Linear(in_features=256, out_features=128, bias=True)
          (norm1): LayerNorm((128,), eps=1e-05, elementwise_affine=True)
          (norm2): LayerNorm((128,), eps=1e-05, elementwise_affine=True)
          (norm3): LayerNorm((128,), eps=1e-05, elementwise_affine=True)
          (dropout1): Dropout(p=0.1, inplace=False)
          (dropout2): Dropout(p=0.1, inplace=False)
          (dropout3): Dropout(p=0.1, inplace=False)
          (self_posembed): PositionEmbeddingLearned(
            (position_embedding_head): Sequential(
              (0): Conv1d(2, 128, kernel_size=(1,), stride=(1,))
              (1): BatchNorm1d(128, eps=1e-05, momentum=0.1, affine=True, track_running_stats=True)
              (2): ReLU(inplace=True)
              (3): Conv1d(128, 128, kernel_size=(1,), stride=(1,))
            )
          )
          (cross_posembed): PositionEmbeddingLearned(
            (position_embedding_head): Sequential(
              (0): Conv1d(2, 128, kernel_size=(1,), stride=(1,))
              (1): BatchNorm1d(128, eps=1e-05, momentum=0.1, affine=True, track_running_stats=True)
              (2): ReLU(inplace=True)
              (3): Conv1d(128, 128, kernel_size=(1,), stride=(1,))
            )
          )
        )
      )
      (prediction_heads): ModuleList(
        (0): FFN(
          (center): Sequential(
            (0): ConvModule(
              (conv): Conv1d(128, 64, kernel_size=(1,), stride=(1,), bias=False)
              (bn): BatchNorm1d(64, eps=1e-05, momentum=0.1, affine=True, track_running_stats=True)
              (activate): ReLU(inplace=True)
            )
            (1): Conv1d(64, 2, kernel_size=(1,), stride=(1,))
          )
          (height): Sequential(
            (0): ConvModule(
              (conv): Conv1d(128, 64, kernel_size=(1,), stride=(1,), bias=False)
              (bn): BatchNorm1d(64, eps=1e-05, momentum=0.1, affine=True, track_running_stats=True)
              (activate): ReLU(inplace=True)
            )
            (1): Conv1d(64, 1, kernel_size=(1,), stride=(1,))
          )
          (dim): Sequential(
            (0): ConvModule(
              (conv): Conv1d(128, 64, kernel_size=(1,), stride=(1,), bias=False)
              (bn): BatchNorm1d(64, eps=1e-05, momentum=0.1, affine=True, track_running_stats=True)
              (activate): ReLU(inplace=True)
            )
            (1): Conv1d(64, 3, kernel_size=(1,), stride=(1,))
          )
          (rot): Sequential(
            (0): ConvModule(
              (conv): Conv1d(128, 64, kernel_size=(1,), stride=(1,), bias=False)
              (bn): BatchNorm1d(64, eps=1e-05, momentum=0.1, affine=True, track_running_stats=True)
              (activate): ReLU(inplace=True)
            )
            (1): Conv1d(64, 2, kernel_size=(1,), stride=(1,))
          )
          (vel): Sequential(
            (0): ConvModule(
              (conv): Conv1d(128, 64, kernel_size=(1,), stride=(1,), bias=False)
              (bn): BatchNorm1d(64, eps=1e-05, momentum=0.1, affine=True, track_running_stats=True)
              (activate): ReLU(inplace=True)
            )
            (1): Conv1d(64, 2, kernel_size=(1,), stride=(1,))
          )
          (heatmap): Sequential(
            (0): ConvModule(
              (conv): Conv1d(128, 64, kernel_size=(1,), stride=(1,), bias=False)
              (bn): BatchNorm1d(64, eps=1e-05, momentum=0.1, affine=True, track_running_stats=True)
              (activate): ReLU(inplace=True)
            )
            (1): Conv1d(64, 2, kernel_size=(1,), stride=(1,))
          )
        )
      )
    )
  )
)
2024-08-28 20:42:25,488 - mmdet3d - INFO - Start running, host: jmeng18@sg019, work_dir: /home/jmeng18/bev_fusion/bevfusion-beliv/train_result_base_long_full
2024-08-28 20:42:25,489 - mmdet3d - INFO - Hooks will be executed in the following order:
before_run:
(VERY_HIGH   ) CosineAnnealingLrUpdaterHook       
(HIGH        ) CyclicMomentumUpdaterHook          
(ABOVE_NORMAL) Fp16OptimizerHook                  
(NORMAL      ) CheckpointHook                     
(NORMAL      ) DistEvalHook                       
(VERY_LOW    ) TextLoggerHook                     
(VERY_LOW    ) TensorboardLoggerHook              
 -------------------- 
before_train_epoch:
(VERY_HIGH   ) CosineAnnealingLrUpdaterHook       
(HIGH        ) CyclicMomentumUpdaterHook          
(NORMAL      ) DistSamplerSeedHook                
(NORMAL      ) DistEvalHook                       
(LOW         ) IterTimerHook                      
(VERY_LOW    ) TextLoggerHook                     
(VERY_LOW    ) TensorboardLoggerHook              
 -------------------- 
before_train_iter:
(VERY_HIGH   ) CosineAnnealingLrUpdaterHook       
(HIGH        ) CyclicMomentumUpdaterHook          
(NORMAL      ) DistEvalHook                       
(LOW         ) IterTimerHook                      
 -------------------- 
after_train_iter:
(ABOVE_NORMAL) Fp16OptimizerHook                  
(NORMAL      ) CheckpointHook                     
(NORMAL      ) DistEvalHook                       
(LOW         ) IterTimerHook                      
(VERY_LOW    ) TextLoggerHook                     
(VERY_LOW    ) TensorboardLoggerHook              
 -------------------- 
after_train_epoch:
(NORMAL      ) CheckpointHook                     
(NORMAL      ) DistEvalHook                       
(VERY_LOW    ) TextLoggerHook                     
(VERY_LOW    ) TensorboardLoggerHook              
 -------------------- 
before_val_epoch:
(NORMAL      ) DistSamplerSeedHook                
(LOW         ) IterTimerHook                      
(VERY_LOW    ) TextLoggerHook                     
(VERY_LOW    ) TensorboardLoggerHook              
 -------------------- 
before_val_iter:
(LOW         ) IterTimerHook                      
 -------------------- 
after_val_iter:
(LOW         ) IterTimerHook                      
 -------------------- 
after_val_epoch:
(VERY_LOW    ) TextLoggerHook                     
(VERY_LOW    ) TensorboardLoggerHook              
 -------------------- 
after_run:
(VERY_LOW    ) TextLoggerHook                     
(VERY_LOW    ) TensorboardLoggerHook              
 -------------------- 
2024-08-28 20:42:25,489 - mmdet3d - INFO - workflow: [('train', 1)], max: 10 epochs
2024-08-28 20:42:25,491 - mmdet3d - INFO - Checkpoints will be saved to /home/jmeng18/bev_fusion/bevfusion-beliv/train_result_base_long_full by HardDiskBackend.
2024-08-28 20:43:14,189 - mmdet3d - INFO - Epoch [1][50/12497]	lr: 7.973e-05, eta: 1 day, 9:43:17, time: 0.972, data_time: 0.592, memory: 5220, loss/object/loss_heatmap: 87.1130, loss/object/layer_-1_loss_cls: 0.9199, loss/object/layer_-1_loss_bbox: 6.6589, stats/object/matched_ious: 0.0057, loss: 94.6918, grad_norm: nan
2024-08-28 20:44:02,784 - mmdet3d - INFO - Epoch [1][100/12497]	lr: 9.307e-05, eta: 1 day, 9:42:34, time: 0.972, data_time: 0.601, memory: 5223, loss/object/loss_heatmap: 2.8559, loss/object/layer_-1_loss_cls: 0.7388, loss/object/layer_-1_loss_bbox: 4.6935, stats/object/matched_ious: 0.0377, loss: 8.2882, grad_norm: 36.1826
2024-08-28 20:44:52,325 - mmdet3d - INFO - Epoch [1][150/12497]	lr: 1.064e-04, eta: 1 day, 9:54:54, time: 0.991, data_time: 0.632, memory: 5223, loss/object/loss_heatmap: 2.0992, loss/object/layer_-1_loss_cls: 0.5709, loss/object/layer_-1_loss_bbox: 3.6155, stats/object/matched_ious: 0.0757, loss: 6.2856, grad_norm: 17.1603
2024-08-28 20:45:42,852 - mmdet3d - INFO - Epoch [1][200/12497]	lr: 1.197e-04, eta: 1 day, 10:10:55, time: 1.011, data_time: 0.644, memory: 5229, loss/object/loss_heatmap: 2.0477, loss/object/layer_-1_loss_cls: 0.4321, loss/object/layer_-1_loss_bbox: 3.9269, stats/object/matched_ious: 0.0947, loss: 6.4068, grad_norm: 13.8156
2024-08-28 20:46:33,354 - mmdet3d - INFO - Epoch [1][250/12497]	lr: 1.331e-04, eta: 1 day, 10:19:59, time: 1.010, data_time: 0.657, memory: 5229, loss/object/loss_heatmap: 1.9858, loss/object/layer_-1_loss_cls: 0.3743, loss/object/layer_-1_loss_bbox: 3.7218, stats/object/matched_ious: 0.1071, loss: 6.0820, grad_norm: 13.6399
2024-08-28 20:47:24,151 - mmdet3d - INFO - Epoch [1][300/12497]	lr: 1.464e-04, eta: 1 day, 10:27:47, time: 1.016, data_time: 0.664, memory: 5229, loss/object/loss_heatmap: 2.0500, loss/object/layer_-1_loss_cls: 0.3044, loss/object/layer_-1_loss_bbox: 4.1353, stats/object/matched_ious: 0.1004, loss: 6.4897, grad_norm: 11.0433
2024-08-28 20:48:13,572 - mmdet3d - INFO - Epoch [1][350/12497]	lr: 1.597e-04, eta: 1 day, 10:24:57, time: 0.988, data_time: 0.644, memory: 5229, loss/object/loss_heatmap: 1.9513, loss/object/layer_-1_loss_cls: 0.2792, loss/object/layer_-1_loss_bbox: 3.8305, stats/object/matched_ious: 0.1107, loss: 6.0610, grad_norm: 9.8712
2024-08-28 20:49:03,044 - mmdet3d - INFO - Epoch [1][400/12497]	lr: 1.731e-04, eta: 1 day, 10:22:53, time: 0.989, data_time: 0.623, memory: 5229, loss/object/loss_heatmap: 1.9045, loss/object/layer_-1_loss_cls: 0.2503, loss/object/layer_-1_loss_bbox: 3.7109, stats/object/matched_ious: 0.1185, loss: 5.8657, grad_norm: 9.4638
2024-08-28 20:49:53,273 - mmdet3d - INFO - Epoch [1][450/12497]	lr: 1.864e-04, eta: 1 day, 10:24:35, time: 1.005, data_time: 0.637, memory: 5229, loss/object/loss_heatmap: 1.9725, loss/object/layer_-1_loss_cls: 0.2419, loss/object/layer_-1_loss_bbox: 4.1462, stats/object/matched_ious: 0.1098, loss: 6.3606, grad_norm: 9.0096
2024-08-28 20:50:36,678 - mmdet3d - INFO - Epoch [1][500/12497]	lr: 1.997e-04, eta: 1 day, 9:57:28, time: 0.868, data_time: 0.483, memory: 5229, loss/object/loss_heatmap: 1.9675, loss/object/layer_-1_loss_cls: 0.2260, loss/object/layer_-1_loss_bbox: 3.7688, stats/object/matched_ious: 0.1101, loss: 5.9623, grad_norm: 9.0454
2024-08-28 20:51:14,126 - mmdet3d - INFO - Epoch [1][550/12497]	lr: 2.000e-04, eta: 1 day, 9:12:41, time: 0.749, data_time: 0.363, memory: 5229, loss/object/loss_heatmap: 1.8984, loss/object/layer_-1_loss_cls: 0.2153, loss/object/layer_-1_loss_bbox: 3.6554, stats/object/matched_ious: 0.1166, loss: 5.7691, grad_norm: 8.6447
2024-08-28 20:51:48,801 - mmdet3d - INFO - Epoch [1][600/12497]	lr: 2.000e-04, eta: 1 day, 8:25:41, time: 0.693, data_time: 0.312, memory: 5229, loss/object/loss_heatmap: 2.0076, loss/object/layer_-1_loss_cls: 0.2153, loss/object/layer_-1_loss_bbox: 4.3203, stats/object/matched_ious: 0.1012, loss: 6.5432, grad_norm: 8.8302
2024-08-28 20:52:16,480 - mmdet3d - INFO - Epoch [1][650/12497]	lr: 2.000e-04, eta: 1 day, 7:23:32, time: 0.554, data_time: 0.191, memory: 5229, loss/object/loss_heatmap: 1.8142, loss/object/layer_-1_loss_cls: 0.2025, loss/object/layer_-1_loss_bbox: 3.6091, stats/object/matched_ious: 0.1178, loss: 5.6258, grad_norm: 7.8322
2024-08-28 20:52:43,145 - mmdet3d - INFO - Epoch [1][700/12497]	lr: 2.000e-04, eta: 1 day, 6:27:11, time: 0.533, data_time: 0.166, memory: 5229, loss/object/loss_heatmap: 1.7921, loss/object/layer_-1_loss_cls: 0.2003, loss/object/layer_-1_loss_bbox: 3.4479, stats/object/matched_ious: 0.1265, loss: 5.4402, grad_norm: 8.0234
2024-08-28 20:53:09,730 - mmdet3d - INFO - Epoch [1][750/12497]	lr: 2.000e-04, eta: 1 day, 5:38:04, time: 0.532, data_time: 0.165, memory: 5229, loss/object/loss_heatmap: 1.8458, loss/object/layer_-1_loss_cls: 0.1989, loss/object/layer_-1_loss_bbox: 4.0896, stats/object/matched_ious: 0.1191, loss: 6.1344, grad_norm: 9.0922
2024-08-28 20:53:36,177 - mmdet3d - INFO - Epoch [1][800/12497]	lr: 2.000e-04, eta: 1 day, 4:54:41, time: 0.529, data_time: 0.180, memory: 5229, loss/object/loss_heatmap: 1.8679, loss/object/layer_-1_loss_cls: 0.1995, loss/object/layer_-1_loss_bbox: 4.0834, stats/object/matched_ious: 0.1127, loss: 6.1508, grad_norm: 7.5292
2024-08-28 20:54:02,465 - mmdet3d - INFO - Epoch [1][850/12497]	lr: 2.000e-04, eta: 1 day, 4:15:58, time: 0.526, data_time: 0.146, memory: 5229, loss/object/loss_heatmap: 1.7523, loss/object/layer_-1_loss_cls: 0.1985, loss/object/layer_-1_loss_bbox: 3.6186, stats/object/matched_ious: 0.1227, loss: 5.5694, grad_norm: 7.6484
2024-08-28 20:54:27,988 - mmdet3d - INFO - Epoch [1][900/12497]	lr: 2.000e-04, eta: 1 day, 3:39:44, time: 0.510, data_time: 0.129, memory: 5229, loss/object/loss_heatmap: 1.7936, loss/object/layer_-1_loss_cls: 0.1896, loss/object/layer_-1_loss_bbox: 4.0743, stats/object/matched_ious: 0.1236, loss: 6.0575, grad_norm: 7.3765
2024-08-28 20:55:31,675 - mmdet3d - INFO - Epoch [1][950/12497]	lr: 2.000e-04, eta: 1 day, 4:30:19, time: 1.274, data_time: 0.676, memory: 5229, loss/object/loss_heatmap: 1.6544, loss/object/layer_-1_loss_cls: 0.1779, loss/object/layer_-1_loss_bbox: 3.5167, stats/object/matched_ious: 0.1369, loss: 5.3490, grad_norm: 7.0957
2024-08-28 20:56:39,374 - mmdet3d - INFO - Epoch [1][1000/12497]	lr: 2.000e-04, eta: 1 day, 5:24:01, time: 1.354, data_time: 0.766, memory: 5229, loss/object/loss_heatmap: 1.7804, loss/object/layer_-1_loss_cls: 0.1829, loss/object/layer_-1_loss_bbox: 4.2142, stats/object/matched_ious: 0.1256, loss: 6.1774, grad_norm: 7.1832
2024-08-28 20:57:43,988 - mmdet3d - INFO - Epoch [1][1050/12497]	lr: 2.000e-04, eta: 1 day, 6:06:26, time: 1.292, data_time: 0.693, memory: 5229, loss/object/loss_heatmap: 1.7055, loss/object/layer_-1_loss_cls: 0.1868, loss/object/layer_-1_loss_bbox: 3.4629, stats/object/matched_ious: 0.1348, loss: 5.3551, grad_norm: 6.5373
2024-08-28 20:58:52,647 - mmdet3d - INFO - Epoch [1][1100/12497]	lr: 2.000e-04, eta: 1 day, 6:52:29, time: 1.373, data_time: 0.773, memory: 5229, loss/object/loss_heatmap: 1.7504, loss/object/layer_-1_loss_cls: 0.1828, loss/object/layer_-1_loss_bbox: 3.8194, stats/object/matched_ious: 0.1224, loss: 5.7526, grad_norm: 7.1697
2024-08-28 20:59:55,491 - mmdet3d - INFO - Epoch [1][1150/12497]	lr: 2.000e-04, eta: 1 day, 7:24:00, time: 1.257, data_time: 0.692, memory: 5229, loss/object/loss_heatmap: 1.8891, loss/object/layer_-1_loss_cls: 0.1968, loss/object/layer_-1_loss_bbox: 4.0815, stats/object/matched_ious: 0.1212, loss: 6.1674, grad_norm: 8.1844
2024-08-28 21:01:02,180 - mmdet3d - INFO - Epoch [1][1200/12497]	lr: 2.000e-04, eta: 1 day, 7:59:25, time: 1.334, data_time: 0.760, memory: 5229, loss/object/loss_heatmap: 1.7046, loss/object/layer_-1_loss_cls: 0.1814, loss/object/layer_-1_loss_bbox: 3.4965, stats/object/matched_ious: 0.1431, loss: 5.3826, grad_norm: 7.1532
2024-08-28 21:02:08,565 - mmdet3d - INFO - Epoch [1][1250/12497]	lr: 2.000e-04, eta: 1 day, 8:31:24, time: 1.328, data_time: 0.743, memory: 5229, loss/object/loss_heatmap: 1.7488, loss/object/layer_-1_loss_cls: 0.1899, loss/object/layer_-1_loss_bbox: 3.5706, stats/object/matched_ious: 0.1183, loss: 5.5092, grad_norm: 7.8196
2024-08-28 21:03:21,194 - mmdet3d - INFO - Epoch [1][1300/12497]	lr: 2.000e-04, eta: 1 day, 9:10:45, time: 1.453, data_time: 0.849, memory: 5229, loss/object/loss_heatmap: 1.7763, loss/object/layer_-1_loss_cls: 0.1857, loss/object/layer_-1_loss_bbox: 3.6004, stats/object/matched_ious: 0.1164, loss: 5.5623, grad_norm: 7.3384
2024-08-28 21:04:27,697 - mmdet3d - INFO - Epoch [1][1350/12497]	lr: 2.000e-04, eta: 1 day, 9:37:44, time: 1.330, data_time: 0.733, memory: 5229, loss/object/loss_heatmap: 1.7701, loss/object/layer_-1_loss_cls: 0.1735, loss/object/layer_-1_loss_bbox: 3.8259, stats/object/matched_ious: 0.1187, loss: 5.7695, grad_norm: 7.2570
2024-08-28 21:05:31,772 - mmdet3d - INFO - Epoch [1][1400/12497]	lr: 2.000e-04, eta: 1 day, 9:59:08, time: 1.281, data_time: 0.701, memory: 5229, loss/object/loss_heatmap: 1.8019, loss/object/layer_-1_loss_cls: 0.1886, loss/object/layer_-1_loss_bbox: 3.5987, stats/object/matched_ious: 0.1380, loss: 5.5892, grad_norm: 8.9986
2024-08-28 21:06:37,583 - mmdet3d - INFO - Epoch [1][1450/12497]	lr: 2.000e-04, eta: 1 day, 10:21:28, time: 1.316, data_time: 0.710, memory: 5229, loss/object/loss_heatmap: 1.8103, loss/object/layer_-1_loss_cls: 0.1740, loss/object/layer_-1_loss_bbox: 4.1259, stats/object/matched_ious: 0.1226, loss: 6.1102, grad_norm: 7.5215
2024-08-28 21:07:45,228 - mmdet3d - INFO - Epoch [1][1500/12497]	lr: 2.000e-04, eta: 1 day, 10:44:45, time: 1.353, data_time: 0.766, memory: 5229, loss/object/loss_heatmap: 1.7673, loss/object/layer_-1_loss_cls: 0.1835, loss/object/layer_-1_loss_bbox: 4.1421, stats/object/matched_ious: 0.1177, loss: 6.0928, grad_norm: 7.0520
2024-08-28 21:08:54,184 - mmdet3d - INFO - Epoch [1][1550/12497]	lr: 2.000e-04, eta: 1 day, 11:08:11, time: 1.379, data_time: 0.789, memory: 5229, loss/object/loss_heatmap: 1.7137, loss/object/layer_-1_loss_cls: 0.1692, loss/object/layer_-1_loss_bbox: 3.9883, stats/object/matched_ious: 0.1132, loss: 5.8712, grad_norm: 6.9961
2024-08-28 21:10:04,153 - mmdet3d - INFO - Epoch [1][1600/12497]	lr: 2.000e-04, eta: 1 day, 11:31:24, time: 1.399, data_time: 0.810, memory: 5229, loss/object/loss_heatmap: 1.6478, loss/object/layer_-1_loss_cls: 0.1711, loss/object/layer_-1_loss_bbox: 3.5374, stats/object/matched_ious: 0.1359, loss: 5.3563, grad_norm: 7.0431
2024-08-28 21:11:08,898 - mmdet3d - INFO - Epoch [1][1650/12497]	lr: 2.000e-04, eta: 1 day, 11:46:37, time: 1.295, data_time: 0.707, memory: 5229, loss/object/loss_heatmap: 1.8735, loss/object/layer_-1_loss_cls: 0.1895, loss/object/layer_-1_loss_bbox: 4.0738, stats/object/matched_ious: 0.1097, loss: 6.1369, grad_norm: 7.5099
2024-08-28 21:12:17,857 - mmdet3d - INFO - Epoch [1][1700/12497]	lr: 2.000e-04, eta: 1 day, 12:05:59, time: 1.379, data_time: 0.775, memory: 5229, loss/object/loss_heatmap: 1.7339, loss/object/layer_-1_loss_cls: 0.1701, loss/object/layer_-1_loss_bbox: 3.5484, stats/object/matched_ious: 0.1247, loss: 5.4523, grad_norm: 6.9480
2024-08-28 21:13:26,655 - mmdet3d - INFO - Epoch [1][1750/12497]	lr: 2.000e-04, eta: 1 day, 12:23:58, time: 1.376, data_time: 0.772, memory: 5229, loss/object/loss_heatmap: 1.7518, loss/object/layer_-1_loss_cls: 0.1719, loss/object/layer_-1_loss_bbox: 3.6979, stats/object/matched_ious: 0.1179, loss: 5.6215, grad_norm: 7.3303
2024-08-28 21:14:31,614 - mmdet3d - INFO - Epoch [1][1800/12497]	lr: 2.000e-04, eta: 1 day, 12:36:32, time: 1.299, data_time: 0.711, memory: 5229, loss/object/loss_heatmap: 1.7528, loss/object/layer_-1_loss_cls: 0.1638, loss/object/layer_-1_loss_bbox: 3.7500, stats/object/matched_ious: 0.1208, loss: 5.6666, grad_norm: 7.0104
2024-08-28 21:15:35,617 - mmdet3d - INFO - Epoch [1][1850/12497]	lr: 2.000e-04, eta: 1 day, 12:47:17, time: 1.280, data_time: 0.682, memory: 5229, loss/object/loss_heatmap: 1.8276, loss/object/layer_-1_loss_cls: 0.1823, loss/object/layer_-1_loss_bbox: 3.9233, stats/object/matched_ious: 0.1070, loss: 5.9332, grad_norm: 7.5487
2024-08-28 21:16:41,868 - mmdet3d - INFO - Epoch [1][1900/12497]	lr: 2.000e-04, eta: 1 day, 12:59:51, time: 1.325, data_time: 0.734, memory: 5229, loss/object/loss_heatmap: 1.8593, loss/object/layer_-1_loss_cls: 0.1856, loss/object/layer_-1_loss_bbox: 4.0737, stats/object/matched_ious: 0.1186, loss: 6.1186, grad_norm: 8.6716
2024-08-28 21:17:44,263 - mmdet3d - INFO - Epoch [1][1950/12497]	lr: 2.000e-04, eta: 1 day, 13:07:39, time: 1.248, data_time: 0.644, memory: 5229, loss/object/loss_heatmap: 1.8035, loss/object/layer_-1_loss_cls: 0.1733, loss/object/layer_-1_loss_bbox: 4.0975, stats/object/matched_ious: 0.1235, loss: 6.0743, grad_norm: 7.5040
2024-08-28 21:18:49,228 - mmdet3d - INFO - Epoch [1][2000/12497]	lr: 2.000e-04, eta: 1 day, 13:17:39, time: 1.299, data_time: 0.711, memory: 5229, loss/object/loss_heatmap: 1.7412, loss/object/layer_-1_loss_cls: 0.1780, loss/object/layer_-1_loss_bbox: 3.7988, stats/object/matched_ious: 0.1234, loss: 5.7179, grad_norm: 7.2711
2024-08-28 21:19:57,675 - mmdet3d - INFO - Epoch [1][2050/12497]	lr: 2.000e-04, eta: 1 day, 13:30:36, time: 1.369, data_time: 0.761, memory: 5229, loss/object/loss_heatmap: 1.7360, loss/object/layer_-1_loss_cls: 0.1877, loss/object/layer_-1_loss_bbox: 3.4488, stats/object/matched_ious: 0.1341, loss: 5.3724, grad_norm: 8.0767
2024-08-28 21:21:06,288 - mmdet3d - INFO - Epoch [1][2100/12497]	lr: 2.000e-04, eta: 1 day, 13:43:01, time: 1.372, data_time: 0.762, memory: 5229, loss/object/loss_heatmap: 1.7746, loss/object/layer_-1_loss_cls: 0.1805, loss/object/layer_-1_loss_bbox: 3.4656, stats/object/matched_ious: 0.1199, loss: 5.4207, grad_norm: 7.3286
2024-08-28 21:22:13,892 - mmdet3d - INFO - Epoch [1][2150/12497]	lr: 2.000e-04, eta: 1 day, 13:53:51, time: 1.352, data_time: 0.751, memory: 5229, loss/object/loss_heatmap: 1.8597, loss/object/layer_-1_loss_cls: 0.1862, loss/object/layer_-1_loss_bbox: 4.1755, stats/object/matched_ious: 0.1155, loss: 6.2213, grad_norm: 8.6180
2024-08-28 21:23:20,105 - mmdet3d - INFO - Epoch [1][2200/12497]	lr: 2.000e-04, eta: 1 day, 14:02:51, time: 1.324, data_time: 0.726, memory: 5229, loss/object/loss_heatmap: 1.8330, loss/object/layer_-1_loss_cls: 0.1926, loss/object/layer_-1_loss_bbox: 3.7188, stats/object/matched_ious: 0.1242, loss: 5.7444, grad_norm: 7.8543
2024-08-28 21:24:24,150 - mmdet3d - INFO - Epoch [1][2250/12497]	lr: 2.000e-04, eta: 1 day, 14:09:26, time: 1.281, data_time: 0.690, memory: 5229, loss/object/loss_heatmap: 1.7509, loss/object/layer_-1_loss_cls: 0.1762, loss/object/layer_-1_loss_bbox: 3.5925, stats/object/matched_ious: 0.1333, loss: 5.5196, grad_norm: 8.7679
2024-08-28 21:25:31,351 - mmdet3d - INFO - Epoch [1][2300/12497]	lr: 2.000e-04, eta: 1 day, 14:18:29, time: 1.344, data_time: 0.758, memory: 5229, loss/object/loss_heatmap: 1.6994, loss/object/layer_-1_loss_cls: 0.1789, loss/object/layer_-1_loss_bbox: 3.3169, stats/object/matched_ious: 0.1314, loss: 5.1951, grad_norm: 7.8604
2024-08-28 21:26:35,441 - mmdet3d - INFO - Epoch [1][2350/12497]	lr: 2.000e-04, eta: 1 day, 14:24:24, time: 1.282, data_time: 0.690, memory: 5229, loss/object/loss_heatmap: 1.7049, loss/object/layer_-1_loss_cls: 0.1702, loss/object/layer_-1_loss_bbox: 3.5873, stats/object/matched_ious: 0.1320, loss: 5.4624, grad_norm: 7.2788
2024-08-28 21:27:43,656 - mmdet3d - INFO - Epoch [1][2400/12497]	lr: 2.000e-04, eta: 1 day, 14:33:32, time: 1.364, data_time: 0.772, memory: 5229, loss/object/loss_heatmap: 1.8178, loss/object/layer_-1_loss_cls: 0.1710, loss/object/layer_-1_loss_bbox: 3.8564, stats/object/matched_ious: 0.1249, loss: 5.8451, grad_norm: 7.4319
2024-08-28 21:28:51,938 - mmdet3d - INFO - Epoch [1][2450/12497]	lr: 2.000e-04, eta: 1 day, 14:42:19, time: 1.366, data_time: 0.769, memory: 5229, loss/object/loss_heatmap: 1.8910, loss/object/layer_-1_loss_cls: 0.1737, loss/object/layer_-1_loss_bbox: 3.8826, stats/object/matched_ious: 0.1114, loss: 5.9473, grad_norm: 8.2536
2024-08-28 21:29:57,830 - mmdet3d - INFO - Epoch [1][2500/12497]	lr: 2.000e-04, eta: 1 day, 14:48:44, time: 1.318, data_time: 0.724, memory: 5229, loss/object/loss_heatmap: 1.8070, loss/object/layer_-1_loss_cls: 0.1766, loss/object/layer_-1_loss_bbox: 3.9600, stats/object/matched_ious: 0.1229, loss: 5.9436, grad_norm: 8.1843
2024-08-28 21:31:02,643 - mmdet3d - INFO - Epoch [1][2550/12497]	lr: 2.000e-04, eta: 1 day, 14:54:00, time: 1.296, data_time: 0.691, memory: 5229, loss/object/loss_heatmap: 1.7921, loss/object/layer_-1_loss_cls: 0.1934, loss/object/layer_-1_loss_bbox: 3.5106, stats/object/matched_ious: 0.1329, loss: 5.4961, grad_norm: 6.9086
2024-08-28 21:32:07,819 - mmdet3d - INFO - Epoch [1][2600/12497]	lr: 2.000e-04, eta: 1 day, 14:59:18, time: 1.304, data_time: 0.709, memory: 5229, loss/object/loss_heatmap: 1.7869, loss/object/layer_-1_loss_cls: 0.1919, loss/object/layer_-1_loss_bbox: 3.4495, stats/object/matched_ious: 0.1348, loss: 5.4283, grad_norm: 8.4004
2024-08-28 21:33:14,185 - mmdet3d - INFO - Epoch [1][2650/12497]	lr: 2.000e-04, eta: 1 day, 15:05:17, time: 1.327, data_time: 0.728, memory: 5229, loss/object/loss_heatmap: 1.8882, loss/object/layer_-1_loss_cls: 0.1798, loss/object/layer_-1_loss_bbox: 3.8642, stats/object/matched_ious: 0.1210, loss: 5.9322, grad_norm: 8.7100
2024-08-28 21:34:19,183 - mmdet3d - INFO - Epoch [1][2700/12497]	lr: 2.000e-04, eta: 1 day, 15:09:58, time: 1.300, data_time: 0.699, memory: 5229, loss/object/loss_heatmap: 1.8346, loss/object/layer_-1_loss_cls: 0.1816, loss/object/layer_-1_loss_bbox: 3.7750, stats/object/matched_ious: 0.1163, loss: 5.7912, grad_norm: 9.1947
2024-08-28 21:35:22,334 - mmdet3d - INFO - Epoch [1][2750/12497]	lr: 2.000e-04, eta: 1 day, 15:13:04, time: 1.263, data_time: 0.673, memory: 5229, loss/object/loss_heatmap: 1.8935, loss/object/layer_-1_loss_cls: 0.1894, loss/object/layer_-1_loss_bbox: 3.5800, stats/object/matched_ious: 0.1118, loss: 5.6630, grad_norm: 7.7164
2024-08-28 21:36:33,456 - mmdet3d - INFO - Epoch [1][2800/12497]	lr: 2.000e-04, eta: 1 day, 15:21:50, time: 1.422, data_time: 0.823, memory: 5229, loss/object/loss_heatmap: 1.8507, loss/object/layer_-1_loss_cls: 0.1917, loss/object/layer_-1_loss_bbox: 3.7922, stats/object/matched_ious: 0.1288, loss: 5.8346, grad_norm: 8.1370
2024-08-28 21:37:42,447 - mmdet3d - INFO - Epoch [1][2850/12497]	lr: 2.000e-04, eta: 1 day, 15:28:43, time: 1.380, data_time: 0.785, memory: 5229, loss/object/loss_heatmap: 1.8708, loss/object/layer_-1_loss_cls: 0.2017, loss/object/layer_-1_loss_bbox: 3.5743, stats/object/matched_ious: 0.1231, loss: 5.6469, grad_norm: 7.6457
2024-08-28 21:38:52,800 - mmdet3d - INFO - Epoch [1][2900/12497]	lr: 2.000e-04, eta: 1 day, 15:36:17, time: 1.407, data_time: 0.801, memory: 5229, loss/object/loss_heatmap: 1.8325, loss/object/layer_-1_loss_cls: 0.1896, loss/object/layer_-1_loss_bbox: 4.0225, stats/object/matched_ious: 0.1113, loss: 6.0447, grad_norm: 8.0625
2024-08-28 21:39:59,635 - mmdet3d - INFO - Epoch [1][2950/12497]	lr: 2.000e-04, eta: 1 day, 15:41:07, time: 1.337, data_time: 0.729, memory: 5229, loss/object/loss_heatmap: 1.9180, loss/object/layer_-1_loss_cls: 0.1890, loss/object/layer_-1_loss_bbox: 4.0793, stats/object/matched_ious: 0.0998, loss: 6.1863, grad_norm: 10.1837
2024-08-28 21:41:10,200 - mmdet3d - INFO - Epoch [1][3000/12497]	lr: 2.000e-04, eta: 1 day, 15:48:17, time: 1.411, data_time: 0.815, memory: 5229, loss/object/loss_heatmap: 1.8244, loss/object/layer_-1_loss_cls: 0.1812, loss/object/layer_-1_loss_bbox: 3.6200, stats/object/matched_ious: 0.1084, loss: 5.6257, grad_norm: 11.9448
2024-08-28 21:42:16,833 - mmdet3d - INFO - Epoch [1][3050/12497]	lr: 2.000e-04, eta: 1 day, 15:52:34, time: 1.333, data_time: 0.746, memory: 5229, loss/object/loss_heatmap: 1.8925, loss/object/layer_-1_loss_cls: 0.2032, loss/object/layer_-1_loss_bbox: 3.7780, stats/object/matched_ious: 0.1079, loss: 5.8737, grad_norm: 10.8110
2024-08-28 21:43:24,883 - mmdet3d - INFO - Epoch [1][3100/12497]	lr: 2.000e-04, eta: 1 day, 15:57:36, time: 1.361, data_time: 0.764, memory: 5229, loss/object/loss_heatmap: 1.9202, loss/object/layer_-1_loss_cls: 0.2108, loss/object/layer_-1_loss_bbox: 3.3367, stats/object/matched_ious: 0.0942, loss: 5.4677, grad_norm: 9.3606
2024-08-28 21:44:34,597 - mmdet3d - INFO - Epoch [1][3150/12497]	lr: 2.000e-04, eta: 1 day, 16:03:31, time: 1.394, data_time: 0.789, memory: 5229, loss/object/loss_heatmap: 1.8566, loss/object/layer_-1_loss_cls: 0.1808, loss/object/layer_-1_loss_bbox: 4.0048, stats/object/matched_ious: 0.1155, loss: 6.0422, grad_norm: 9.2280
2024-08-28 21:45:44,398 - mmdet3d - INFO - Epoch [1][3200/12497]	lr: 2.000e-04, eta: 1 day, 16:09:15, time: 1.396, data_time: 0.792, memory: 5229, loss/object/loss_heatmap: 1.9169, loss/object/layer_-1_loss_cls: 0.1921, loss/object/layer_-1_loss_bbox: 4.0149, stats/object/matched_ious: 0.1108, loss: 6.1239, grad_norm: 13.4124
2024-08-28 21:46:51,327 - mmdet3d - INFO - Epoch [1][3250/12497]	lr: 2.000e-04, eta: 1 day, 16:12:59, time: 1.339, data_time: 0.747, memory: 5229, loss/object/loss_heatmap: 1.9482, loss/object/layer_-1_loss_cls: 0.1951, loss/object/layer_-1_loss_bbox: 3.7567, stats/object/matched_ious: 0.1092, loss: 5.9001, grad_norm: 9.1709
2024-08-28 21:48:00,225 - mmdet3d - INFO - Epoch [1][3300/12497]	lr: 2.000e-04, eta: 1 day, 16:17:47, time: 1.378, data_time: 0.771, memory: 5229, loss/object/loss_heatmap: 1.9802, loss/object/layer_-1_loss_cls: 0.2155, loss/object/layer_-1_loss_bbox: 3.7182, stats/object/matched_ious: 0.0953, loss: 5.9139, grad_norm: 10.3756
2024-08-28 21:49:06,350 - mmdet3d - INFO - Epoch [1][3350/12497]	lr: 2.000e-04, eta: 1 day, 16:20:44, time: 1.322, data_time: 0.733, memory: 5229, loss/object/loss_heatmap: 2.0465, loss/object/layer_-1_loss_cls: 0.2013, loss/object/layer_-1_loss_bbox: 3.8525, stats/object/matched_ious: 0.0953, loss: 6.1003, grad_norm: 9.3563
2024-08-28 21:50:11,104 - mmdet3d - INFO - Epoch [1][3400/12497]	lr: 2.000e-04, eta: 1 day, 16:22:45, time: 1.295, data_time: 0.695, memory: 5229, loss/object/loss_heatmap: 1.9085, loss/object/layer_-1_loss_cls: 0.1750, loss/object/layer_-1_loss_bbox: 3.9020, stats/object/matched_ious: 0.1147, loss: 5.9854, grad_norm: 8.7977
2024-08-28 21:51:18,049 - mmdet3d - INFO - Epoch [1][3450/12497]	lr: 2.000e-04, eta: 1 day, 16:25:57, time: 1.339, data_time: 0.731, memory: 5229, loss/object/loss_heatmap: 1.8655, loss/object/layer_-1_loss_cls: 0.1787, loss/object/layer_-1_loss_bbox: 3.7988, stats/object/matched_ious: 0.1111, loss: 5.8431, grad_norm: 7.8388
2024-08-28 21:52:25,912 - mmdet3d - INFO - Epoch [1][3500/12497]	lr: 2.000e-04, eta: 1 day, 16:29:34, time: 1.357, data_time: 0.756, memory: 5229, loss/object/loss_heatmap: 1.8405, loss/object/layer_-1_loss_cls: 0.1786, loss/object/layer_-1_loss_bbox: 3.7339, stats/object/matched_ious: 0.1085, loss: 5.7531, grad_norm: 7.9156
2024-08-28 21:53:30,825 - mmdet3d - INFO - Epoch [1][3550/12497]	lr: 2.000e-04, eta: 1 day, 16:31:22, time: 1.298, data_time: 0.704, memory: 5229, loss/object/loss_heatmap: 1.9434, loss/object/layer_-1_loss_cls: 0.1841, loss/object/layer_-1_loss_bbox: 3.8061, stats/object/matched_ious: 0.0958, loss: 5.9337, grad_norm: 9.7088
2024-08-28 21:54:36,148 - mmdet3d - INFO - Epoch [1][3600/12497]	lr: 2.000e-04, eta: 1 day, 16:33:19, time: 1.306, data_time: 0.712, memory: 5229, loss/object/loss_heatmap: 1.9742, loss/object/layer_-1_loss_cls: 0.1906, loss/object/layer_-1_loss_bbox: 4.3093, stats/object/matched_ious: 0.1094, loss: 6.4740, grad_norm: 9.3532
2024-08-28 21:55:42,696 - mmdet3d - INFO - Epoch [1][3650/12497]	lr: 2.000e-04, eta: 1 day, 16:35:51, time: 1.331, data_time: 0.762, memory: 5229, loss/object/loss_heatmap: 1.8770, loss/object/layer_-1_loss_cls: 0.1844, loss/object/layer_-1_loss_bbox: 3.7230, stats/object/matched_ious: 0.1032, loss: 5.7843, grad_norm: 9.6344
2024-08-28 21:56:46,676 - mmdet3d - INFO - Epoch [1][3700/12497]	lr: 2.000e-04, eta: 1 day, 16:36:54, time: 1.280, data_time: 0.672, memory: 5229, loss/object/loss_heatmap: 1.9692, loss/object/layer_-1_loss_cls: 0.1840, loss/object/layer_-1_loss_bbox: 3.8281, stats/object/matched_ious: 0.0946, loss: 5.9813, grad_norm: 14.2472
2024-08-28 21:57:50,823 - mmdet3d - INFO - Epoch [1][3750/12497]	lr: 2.000e-04, eta: 1 day, 16:37:58, time: 1.283, data_time: 0.697, memory: 5229, loss/object/loss_heatmap: 1.9773, loss/object/layer_-1_loss_cls: 0.1992, loss/object/layer_-1_loss_bbox: 3.6298, stats/object/matched_ious: 0.0966, loss: 5.8062, grad_norm: 13.3564
2024-08-28 21:58:54,507 - mmdet3d - INFO - Epoch [1][3800/12497]	lr: 2.000e-04, eta: 1 day, 16:38:45, time: 1.274, data_time: 0.674, memory: 5229, loss/object/loss_heatmap: 1.9829, loss/object/layer_-1_loss_cls: 0.2209, loss/object/layer_-1_loss_bbox: 3.5559, stats/object/matched_ious: 0.1029, loss: 5.7597, grad_norm: 11.7085
2024-08-28 22:00:03,036 - mmdet3d - INFO - Epoch [1][3850/12497]	lr: 2.000e-04, eta: 1 day, 16:42:01, time: 1.371, data_time: 0.786, memory: 5229, loss/object/loss_heatmap: 1.9960, loss/object/layer_-1_loss_cls: 0.2063, loss/object/layer_-1_loss_bbox: 3.9843, stats/object/matched_ious: 0.0884, loss: 6.1866, grad_norm: 11.7462
2024-08-28 22:01:13,470 - mmdet3d - INFO - Epoch [1][3900/12497]	lr: 2.000e-04, eta: 1 day, 16:46:09, time: 1.409, data_time: 0.806, memory: 5229, loss/object/loss_heatmap: 2.0127, loss/object/layer_-1_loss_cls: 0.2045, loss/object/layer_-1_loss_bbox: 3.7628, stats/object/matched_ious: 0.0972, loss: 5.9800, grad_norm: 12.1848
2024-08-28 22:02:21,933 - mmdet3d - INFO - Epoch [1][3950/12497]	lr: 2.000e-04, eta: 1 day, 16:49:09, time: 1.369, data_time: 0.759, memory: 5229, loss/object/loss_heatmap: 1.9031, loss/object/layer_-1_loss_cls: 0.1953, loss/object/layer_-1_loss_bbox: 3.7796, stats/object/matched_ious: 0.1172, loss: 5.8781, grad_norm: 10.6186
2024-08-28 22:03:29,483 - mmdet3d - INFO - Epoch [1][4000/12497]	lr: 2.000e-04, eta: 1 day, 16:51:35, time: 1.351, data_time: 0.748, memory: 5229, loss/object/loss_heatmap: 2.0214, loss/object/layer_-1_loss_cls: 0.2016, loss/object/layer_-1_loss_bbox: 3.9373, stats/object/matched_ious: 0.0987, loss: 6.1603, grad_norm: 13.2051
2024-08-28 22:04:34,810 - mmdet3d - INFO - Epoch [1][4050/12497]	lr: 2.000e-04, eta: 1 day, 16:52:49, time: 1.306, data_time: 0.715, memory: 5229, loss/object/loss_heatmap: 2.1314, loss/object/layer_-1_loss_cls: 0.2057, loss/object/layer_-1_loss_bbox: 4.0163, stats/object/matched_ious: 0.0820, loss: 6.3533, grad_norm: 12.0020
2024-08-28 22:05:43,608 - mmdet3d - INFO - Epoch [1][4100/12497]	lr: 2.000e-04, eta: 1 day, 16:55:43, time: 1.376, data_time: 0.768, memory: 5229, loss/object/loss_heatmap: 1.9640, loss/object/layer_-1_loss_cls: 0.2024, loss/object/layer_-1_loss_bbox: 3.6127, stats/object/matched_ious: 0.1077, loss: 5.7791, grad_norm: 9.3496
2024-08-28 22:06:53,154 - mmdet3d - INFO - Epoch [1][4150/12497]	lr: 2.000e-04, eta: 1 day, 16:58:52, time: 1.391, data_time: 0.789, memory: 5229, loss/object/loss_heatmap: 1.9847, loss/object/layer_-1_loss_cls: 0.1958, loss/object/layer_-1_loss_bbox: 3.7692, stats/object/matched_ious: 0.1064, loss: 5.9497, grad_norm: 9.4852
2024-08-28 22:07:58,720 - mmdet3d - INFO - Epoch [1][4200/12497]	lr: 2.000e-04, eta: 1 day, 17:00:01, time: 1.311, data_time: 0.715, memory: 5229, loss/object/loss_heatmap: 2.0175, loss/object/layer_-1_loss_cls: 0.1942, loss/object/layer_-1_loss_bbox: 4.2728, stats/object/matched_ious: 0.0931, loss: 6.4845, grad_norm: 10.1425
2024-08-28 22:09:01,919 - mmdet3d - INFO - Epoch [1][4250/12497]	lr: 2.000e-04, eta: 1 day, 16:59:59, time: 1.264, data_time: 0.683, memory: 5229, loss/object/loss_heatmap: 1.8988, loss/object/layer_-1_loss_cls: 0.1900, loss/object/layer_-1_loss_bbox: 3.4197, stats/object/matched_ious: 0.1108, loss: 5.5085, grad_norm: 10.4338
2024-08-28 22:10:06,215 - mmdet3d - INFO - Epoch [1][4300/12497]	lr: 2.000e-04, eta: 1 day, 17:00:27, time: 1.286, data_time: 0.675, memory: 5229, loss/object/loss_heatmap: 1.9465, loss/object/layer_-1_loss_cls: 0.2025, loss/object/layer_-1_loss_bbox: 3.4392, stats/object/matched_ious: 0.1008, loss: 5.5882, grad_norm: 11.5574
2024-08-28 22:11:11,321 - mmdet3d - INFO - Epoch [1][4350/12497]	lr: 2.000e-04, eta: 1 day, 17:01:14, time: 1.302, data_time: 0.694, memory: 5229, loss/object/loss_heatmap: 1.9134, loss/object/layer_-1_loss_cls: 0.1843, loss/object/layer_-1_loss_bbox: 3.6659, stats/object/matched_ious: 0.1106, loss: 5.7636, grad_norm: 9.2222
2024-08-28 22:12:17,998 - mmdet3d - INFO - Epoch [1][4400/12497]	lr: 2.000e-04, eta: 1 day, 17:02:43, time: 1.334, data_time: 0.735, memory: 5229, loss/object/loss_heatmap: 1.9643, loss/object/layer_-1_loss_cls: 0.1931, loss/object/layer_-1_loss_bbox: 3.7124, stats/object/matched_ious: 0.0978, loss: 5.8697, grad_norm: 9.1659
2024-08-28 22:13:23,041 - mmdet3d - INFO - Epoch [1][4450/12497]	lr: 2.000e-04, eta: 1 day, 17:03:24, time: 1.301, data_time: 0.700, memory: 5229, loss/object/loss_heatmap: 1.9785, loss/object/layer_-1_loss_cls: 0.1897, loss/object/layer_-1_loss_bbox: 3.9410, stats/object/matched_ious: 0.0969, loss: 6.1092, grad_norm: 14.2939
2024-08-28 22:14:31,227 - mmdet3d - INFO - Epoch [1][4500/12497]	lr: 2.000e-04, eta: 1 day, 17:05:26, time: 1.364, data_time: 0.756, memory: 5229, loss/object/loss_heatmap: 1.9289, loss/object/layer_-1_loss_cls: 0.1944, loss/object/layer_-1_loss_bbox: 3.3479, stats/object/matched_ious: 0.1053, loss: 5.4713, grad_norm: inf
2024-08-28 22:15:37,266 - mmdet3d - INFO - Epoch [1][4550/12497]	lr: 2.000e-04, eta: 1 day, 17:06:28, time: 1.321, data_time: 0.715, memory: 5229, loss/object/loss_heatmap: 1.9002, loss/object/layer_-1_loss_cls: 0.1959, loss/object/layer_-1_loss_bbox: 3.4420, stats/object/matched_ious: 0.1166, loss: 5.5381, grad_norm: 10.0595
2024-08-28 22:16:40,683 - mmdet3d - INFO - Epoch [1][4600/12497]	lr: 2.000e-04, eta: 1 day, 17:06:18, time: 1.268, data_time: 0.675, memory: 5229, loss/object/loss_heatmap: 1.8941, loss/object/layer_-1_loss_cls: 0.1778, loss/object/layer_-1_loss_bbox: 3.5475, stats/object/matched_ious: 0.1066, loss: 5.6194, grad_norm: 12.1510
2024-08-28 22:17:42,138 - mmdet3d - INFO - Epoch [1][4650/12497]	lr: 2.000e-04, eta: 1 day, 17:05:16, time: 1.229, data_time: 0.637, memory: 5229, loss/object/loss_heatmap: 2.1015, loss/object/layer_-1_loss_cls: 0.2080, loss/object/layer_-1_loss_bbox: 4.5675, stats/object/matched_ious: 0.0721, loss: 6.8770, grad_norm: 11.9693
2024-08-28 22:18:46,945 - mmdet3d - INFO - Epoch [1][4700/12497]	lr: 2.000e-04, eta: 1 day, 17:05:40, time: 1.296, data_time: 0.690, memory: 5229, loss/object/loss_heatmap: 1.9426, loss/object/layer_-1_loss_cls: 0.2107, loss/object/layer_-1_loss_bbox: 3.5789, stats/object/matched_ious: 0.0909, loss: 5.7322, grad_norm: 9.6194
2024-08-28 22:19:50,230 - mmdet3d - INFO - Epoch [1][4750/12497]	lr: 2.000e-04, eta: 1 day, 17:05:23, time: 1.266, data_time: 0.658, memory: 5229, loss/object/loss_heatmap: 1.8883, loss/object/layer_-1_loss_cls: 0.1882, loss/object/layer_-1_loss_bbox: 3.6142, stats/object/matched_ious: 0.1071, loss: 5.6907, grad_norm: 11.2824
2024-08-28 22:20:51,463 - mmdet3d - INFO - Epoch [1][4800/12497]	lr: 2.000e-04, eta: 1 day, 17:04:15, time: 1.225, data_time: 0.632, memory: 5229, loss/object/loss_heatmap: 1.9570, loss/object/layer_-1_loss_cls: 0.1954, loss/object/layer_-1_loss_bbox: 3.8790, stats/object/matched_ious: 0.0964, loss: 6.0314, grad_norm: 10.3224
2024-08-28 22:21:54,055 - mmdet3d - INFO - Epoch [1][4850/12497]	lr: 2.000e-04, eta: 1 day, 17:03:40, time: 1.252, data_time: 0.650, memory: 5229, loss/object/loss_heatmap: 1.9395, loss/object/layer_-1_loss_cls: 0.1997, loss/object/layer_-1_loss_bbox: 3.8070, stats/object/matched_ious: 0.1052, loss: 5.9461, grad_norm: 10.9704
2024-08-28 22:22:59,428 - mmdet3d - INFO - Epoch [1][4900/12497]	lr: 2.000e-04, eta: 1 day, 17:04:12, time: 1.307, data_time: 0.725, memory: 5229, loss/object/loss_heatmap: 2.0573, loss/object/layer_-1_loss_cls: 0.2020, loss/object/layer_-1_loss_bbox: 3.9540, stats/object/matched_ious: 0.0997, loss: 6.2133, grad_norm: 12.6708
2024-08-28 22:24:02,076 - mmdet3d - INFO - Epoch [1][4950/12497]	lr: 2.000e-04, eta: 1 day, 17:03:37, time: 1.253, data_time: 0.654, memory: 5229, loss/object/loss_heatmap: 1.9870, loss/object/layer_-1_loss_cls: 0.2024, loss/object/layer_-1_loss_bbox: 3.7207, stats/object/matched_ious: 0.0943, loss: 5.9101, grad_norm: 14.2682
2024-08-28 22:25:07,447 - mmdet3d - INFO - Epoch [1][5000/12497]	lr: 2.000e-04, eta: 1 day, 17:04:06, time: 1.307, data_time: 0.717, memory: 5229, loss/object/loss_heatmap: 1.9805, loss/object/layer_-1_loss_cls: 0.1966, loss/object/layer_-1_loss_bbox: 3.5176, stats/object/matched_ious: 0.0933, loss: 5.6947, grad_norm: 22.3143
2024-08-28 22:26:06,652 - mmdet3d - INFO - Epoch [1][5050/12497]	lr: 2.000e-04, eta: 1 day, 17:02:07, time: 1.184, data_time: 0.585, memory: 5229, loss/object/loss_heatmap: 2.0477, loss/object/layer_-1_loss_cls: 0.2064, loss/object/layer_-1_loss_bbox: 3.8192, stats/object/matched_ious: 0.0792, loss: 6.0733, grad_norm: 17.6250
2024-08-28 22:27:07,694 - mmdet3d - INFO - Epoch [1][5100/12497]	lr: 2.000e-04, eta: 1 day, 17:00:53, time: 1.221, data_time: 0.634, memory: 5229, loss/object/loss_heatmap: 2.0801, loss/object/layer_-1_loss_cls: 0.1994, loss/object/layer_-1_loss_bbox: 4.3591, stats/object/matched_ious: 0.0736, loss: 6.6386, grad_norm: 27.6734
2024-08-28 22:28:14,026 - mmdet3d - INFO - Epoch [1][5150/12497]	lr: 2.000e-04, eta: 1 day, 17:01:42, time: 1.327, data_time: 0.728, memory: 5229, loss/object/loss_heatmap: 2.0285, loss/object/layer_-1_loss_cls: 0.2112, loss/object/layer_-1_loss_bbox: 3.6652, stats/object/matched_ious: 0.0831, loss: 5.9049, grad_norm: 23.0776
2024-08-28 22:29:15,179 - mmdet3d - INFO - Epoch [1][5200/12497]	lr: 2.000e-04, eta: 1 day, 17:00:29, time: 1.223, data_time: 0.618, memory: 5229, loss/object/loss_heatmap: 1.9749, loss/object/layer_-1_loss_cls: 0.1950, loss/object/layer_-1_loss_bbox: 3.5698, stats/object/matched_ious: 0.0837, loss: 5.7397, grad_norm: 16.2844
2024-08-28 22:30:17,784 - mmdet3d - INFO - Epoch [1][5250/12497]	lr: 2.000e-04, eta: 1 day, 16:59:49, time: 1.252, data_time: 0.647, memory: 5229, loss/object/loss_heatmap: 1.9764, loss/object/layer_-1_loss_cls: 0.2049, loss/object/layer_-1_loss_bbox: 3.7025, stats/object/matched_ious: 0.0911, loss: 5.8838, grad_norm: nan
2024-08-28 22:31:19,078 - mmdet3d - INFO - Epoch [1][5300/12497]	lr: 2.000e-04, eta: 1 day, 16:58:40, time: 1.226, data_time: 0.634, memory: 5229, loss/object/loss_heatmap: 2.0181, loss/object/layer_-1_loss_cls: 0.2168, loss/object/layer_-1_loss_bbox: 3.5569, stats/object/matched_ious: 0.1052, loss: 5.7918, grad_norm: 14.4494
2024-08-28 22:32:19,252 - mmdet3d - INFO - Epoch [1][5350/12497]	lr: 2.000e-04, eta: 1 day, 16:57:06, time: 1.203, data_time: 0.612, memory: 5229, loss/object/loss_heatmap: 1.9695, loss/object/layer_-1_loss_cls: 0.1998, loss/object/layer_-1_loss_bbox: 3.5136, stats/object/matched_ious: 0.1094, loss: 5.6829, grad_norm: 10.0559
2024-08-28 22:33:32,099 - mmdet3d - INFO - Epoch [1][5400/12497]	lr: 2.000e-04, eta: 1 day, 17:00:13, time: 1.457, data_time: 0.855, memory: 5229, loss/object/loss_heatmap: 1.9402, loss/object/layer_-1_loss_cls: 0.1844, loss/object/layer_-1_loss_bbox: 3.6457, stats/object/matched_ious: 0.1131, loss: 5.7703, grad_norm: 13.0265
2024-08-28 22:34:40,344 - mmdet3d - INFO - Epoch [1][5450/12497]	lr: 2.000e-04, eta: 1 day, 17:01:34, time: 1.365, data_time: 0.779, memory: 5229, loss/object/loss_heatmap: 1.9274, loss/object/layer_-1_loss_cls: 0.1857, loss/object/layer_-1_loss_bbox: 3.5906, stats/object/matched_ious: 0.1001, loss: 5.7036, grad_norm: 14.5801
2024-08-28 22:35:49,041 - mmdet3d - INFO - Epoch [1][5500/12497]	lr: 2.000e-04, eta: 1 day, 17:03:02, time: 1.374, data_time: 0.769, memory: 5229, loss/object/loss_heatmap: 2.0706, loss/object/layer_-1_loss_cls: 0.1893, loss/object/layer_-1_loss_bbox: 4.0205, stats/object/matched_ious: 0.0838, loss: 6.2803, grad_norm: 12.7673
2024-08-28 22:36:51,518 - mmdet3d - INFO - Epoch [1][5550/12497]	lr: 2.000e-04, eta: 1 day, 17:02:14, time: 1.250, data_time: 0.643, memory: 5229, loss/object/loss_heatmap: 2.0167, loss/object/layer_-1_loss_cls: 0.2018, loss/object/layer_-1_loss_bbox: 3.8460, stats/object/matched_ious: 0.1005, loss: 6.0644, grad_norm: 13.6741
2024-08-28 22:37:49,346 - mmdet3d - INFO - Epoch [1][5600/12497]	lr: 2.000e-04, eta: 1 day, 16:59:46, time: 1.157, data_time: 0.548, memory: 5229, loss/object/loss_heatmap: 2.0301, loss/object/layer_-1_loss_cls: 0.1988, loss/object/layer_-1_loss_bbox: 3.8474, stats/object/matched_ious: 0.0945, loss: 6.0763, grad_norm: 11.9855
